2022-03-04 11:47:17,576 INFO org.hibernate.validator.internal.util.Version [background-preinit] HV000001: Hibernate Validator 6.2.0.Final
2022-03-04 11:47:17,609 INFO org.springframework.boot.StartupInfoLogger [restartedMain] Starting InsuranceRegistrationSystemApplication using Java 11.0.11 on LAPTOP-855P8Q1E with PID 19236 (E:\github download\BridgeLabz_SpringBoot_InsuranceManagementSystem\InsuranceRegistrationSystem\target\classes started by Immanuvel Jeeva in E:\github download\BridgeLabz_SpringBoot_InsuranceManagementSystem\InsuranceRegistrationSystem)
2022-03-04 11:47:17,611 DEBUG org.springframework.boot.StartupInfoLogger [restartedMain] Running with Spring Boot v2.6.3, Spring v5.3.15
2022-03-04 11:47:17,612 INFO org.springframework.boot.SpringApplication [restartedMain] No active profile set, falling back to default profiles: default
2022-03-04 11:47:17,672 INFO org.springframework.boot.logging.DeferredLog [restartedMain] Devtools property defaults active! Set 'spring.devtools.add-properties' to 'false' to disable
2022-03-04 11:47:17,673 INFO org.springframework.boot.logging.DeferredLog [restartedMain] For additional web related logging consider setting the 'logging.level.web' property to 'DEBUG'
2022-03-04 11:47:18,588 INFO org.springframework.data.repository.config.RepositoryConfigurationDelegate [restartedMain] Multiple Spring Data modules found, entering strict repository configuration mode!
2022-03-04 11:47:18,588 INFO org.springframework.data.repository.config.RepositoryConfigurationDelegate [restartedMain] Bootstrapping Spring Data JPA repositories in DEFAULT mode.
2022-03-04 11:47:18,659 INFO org.springframework.data.repository.config.RepositoryConfigurationDelegate [restartedMain] Finished Spring Data repository scanning in 62 ms. Found 4 JPA repository interfaces.
2022-03-04 11:47:18,689 INFO org.springframework.data.repository.config.RepositoryConfigurationDelegate [restartedMain] Multiple Spring Data modules found, entering strict repository configuration mode!
2022-03-04 11:47:18,690 INFO org.springframework.data.repository.config.RepositoryConfigurationDelegate [restartedMain] Bootstrapping Spring Data MongoDB repositories in DEFAULT mode.
2022-03-04 11:47:18,699 INFO org.springframework.data.repository.config.RepositoryConfigurationDelegate [restartedMain] Finished Spring Data repository scanning in 9 ms. Found 4 MongoDB repository interfaces.
2022-03-04 11:47:19,414 INFO org.springframework.boot.web.embedded.tomcat.TomcatWebServer [restartedMain] Tomcat initialized with port(s): 8080 (http)
2022-03-04 11:47:19,425 INFO org.apache.juli.logging.DirectJDKLog [restartedMain] Initializing ProtocolHandler ["http-nio-8080"]
2022-03-04 11:47:19,426 INFO org.apache.juli.logging.DirectJDKLog [restartedMain] Starting service [Tomcat]
2022-03-04 11:47:19,426 INFO org.apache.juli.logging.DirectJDKLog [restartedMain] Starting Servlet engine: [Apache Tomcat/9.0.56]
2022-03-04 11:47:19,517 INFO org.apache.juli.logging.DirectJDKLog [restartedMain] Initializing Spring embedded WebApplicationContext
2022-03-04 11:47:19,517 INFO org.springframework.boot.web.servlet.context.ServletWebServerApplicationContext [restartedMain] Root WebApplicationContext: initialization completed in 1844 ms
2022-03-04 11:47:19,553 INFO com.zaxxer.hikari.HikariDataSource [restartedMain] HikariPool-1 - Starting...
2022-03-04 11:47:19,680 INFO com.zaxxer.hikari.HikariDataSource [restartedMain] HikariPool-1 - Start completed.
2022-03-04 11:47:19,691 INFO org.springframework.boot.autoconfigure.h2.H2ConsoleAutoConfiguration [restartedMain] H2 console available at '/h2-console'. Database available at 'jdbc:h2:mem:21966f7f-f813-40fd-a741-95019a3c4b8c'
2022-03-04 11:47:19,817 INFO com.mongodb.diagnostics.logging.SLF4JLogger [restartedMain] Cluster created with settings {hosts=[localhost:27017], mode=SINGLE, requiredClusterType=UNKNOWN, serverSelectionTimeout='30000 ms'}
2022-03-04 11:47:19,876 INFO com.mongodb.diagnostics.logging.SLF4JLogger [cluster-ClusterId{value='6221aeef4e1cec4339afa102', description='null'}-localhost:27017] Opened connection [connectionId{localValue:1, serverValue:439}] to localhost:27017
2022-03-04 11:47:19,876 INFO com.mongodb.diagnostics.logging.SLF4JLogger [cluster-rtt-ClusterId{value='6221aeef4e1cec4339afa102', description='null'}-localhost:27017] Opened connection [connectionId{localValue:2, serverValue:438}] to localhost:27017
2022-03-04 11:47:19,877 INFO com.mongodb.diagnostics.logging.SLF4JLogger [cluster-ClusterId{value='6221aeef4e1cec4339afa102', description='null'}-localhost:27017] Monitor thread successfully connected to server with description ServerDescription{address=localhost:27017, type=STANDALONE, state=CONNECTED, ok=true, minWireVersion=0, maxWireVersion=13, maxDocumentSize=16777216, logicalSessionTimeoutMinutes=30, roundTripTimeNanos=22049100}
2022-03-04 11:47:20,206 WARN org.springframework.boot.autoconfigure.orm.jpa.JpaBaseConfiguration$JpaWebConfiguration [restartedMain] spring.jpa.open-in-view is enabled by default. Therefore, database queries may be performed during view rendering. Explicitly configure spring.jpa.open-in-view to disable this warning
2022-03-04 11:47:20,277 INFO org.hibernate.jpa.internal.util.LogHelper [restartedMain] HHH000204: Processing PersistenceUnitInfo [name: default]
2022-03-04 11:47:20,336 INFO org.hibernate.Version [restartedMain] HHH000412: Hibernate ORM core version 5.6.4.Final
2022-03-04 11:47:20,499 INFO org.hibernate.annotations.common.reflection.java.JavaReflectionManager [restartedMain] HCANN000001: Hibernate Commons Annotations {5.1.2.Final}
2022-03-04 11:47:20,623 INFO org.hibernate.dialect.Dialect [restartedMain] HHH000400: Using dialect: org.hibernate.dialect.H2Dialect
2022-03-04 11:47:21,329 INFO org.hibernate.engine.transaction.jta.platform.internal.JtaPlatformInitiator [restartedMain] HHH000490: Using JtaPlatform implementation: [org.hibernate.engine.transaction.jta.platform.internal.NoJtaPlatform]
2022-03-04 11:47:21,339 INFO org.springframework.orm.jpa.AbstractEntityManagerFactoryBean [restartedMain] Initialized JPA EntityManagerFactory for persistence unit 'default'
2022-03-04 11:47:21,542 DEBUG org.springframework.web.filter.GenericFilterBean [restartedMain] Filter 'jwtRequestFilter' configured for use
2022-03-04 11:47:21,587 INFO org.springframework.boot.devtools.autoconfigure.OptionalLiveReloadServer [restartedMain] LiveReload server is running on port 35729
2022-03-04 11:47:21,908 INFO org.springframework.security.web.DefaultSecurityFilterChain [restartedMain] Will secure any request with [org.springframework.security.web.context.request.async.WebAsyncManagerIntegrationFilter@35a5e456, org.springframework.security.web.context.SecurityContextPersistenceFilter@5243ef5b, org.springframework.security.web.header.HeaderWriterFilter@493d5068, org.springframework.web.filter.CorsFilter@401152f7, org.springframework.security.web.authentication.logout.LogoutFilter@ca9b206, com.example.insuranceregistrationsystem.config.JwtRequestFilter@720847c7, org.springframework.security.web.savedrequest.RequestCacheAwareFilter@2a13edf3, org.springframework.security.web.servletapi.SecurityContextHolderAwareRequestFilter@9adf4f1, org.springframework.security.web.authentication.AnonymousAuthenticationFilter@6b4a37b8, org.springframework.security.web.session.SessionManagementFilter@7ca735da, org.springframework.security.web.access.ExceptionTranslationFilter@2a706e02, org.springframework.security.web.access.intercept.FilterSecurityInterceptor@146d08ad]
2022-03-04 11:47:22,244 INFO org.apache.juli.logging.DirectJDKLog [restartedMain] Starting ProtocolHandler ["http-nio-8080"]
2022-03-04 11:47:22,251 WARN org.springframework.context.support.AbstractApplicationContext [restartedMain] Exception encountered during context initialization - cancelling refresh attempt: org.springframework.context.ApplicationContextException: Failed to start bean 'webServerStartStop'; nested exception is org.springframework.boot.web.server.PortInUseException: Port 8080 is already in use
2022-03-04 11:47:22,255 INFO org.springframework.orm.jpa.AbstractEntityManagerFactoryBean [restartedMain] Closing JPA EntityManagerFactory for persistence unit 'default'
2022-03-04 11:47:22,256 INFO org.hibernate.tool.schema.internal.SchemaDropperImpl$DelayedDropActionImpl [restartedMain] HHH000477: Starting delayed evictData of schema as part of SessionFactory shut-down'
2022-03-04 11:47:22,486 WARN org.springframework.beans.factory.support.DisposableBeanAdapter [restartedMain] Invocation of destroy method failed on bean with name 'inMemoryDatabaseShutdownExecutor': org.h2.jdbc.JdbcSQLNonTransientConnectionException: Database is already closed (to disable automatic closing at VM shutdown, add ";DB_CLOSE_ON_EXIT=FALSE" to the db URL) [90121-200]
2022-03-04 11:47:22,500 INFO com.zaxxer.hikari.HikariDataSource [restartedMain] HikariPool-1 - Shutdown initiated...
2022-03-04 11:47:22,507 INFO com.zaxxer.hikari.HikariDataSource [restartedMain] HikariPool-1 - Shutdown completed.
2022-03-04 11:47:22,512 INFO org.apache.juli.logging.DirectJDKLog [restartedMain] Pausing ProtocolHandler ["http-nio-8080"]
2022-03-04 11:47:22,512 INFO org.apache.juli.logging.DirectJDKLog [restartedMain] Stopping service [Tomcat]
2022-03-04 11:47:22,518 INFO org.apache.juli.logging.DirectJDKLog [restartedMain] Stopping ProtocolHandler ["http-nio-8080"]
2022-03-04 11:47:22,520 INFO org.apache.juli.logging.DirectJDKLog [restartedMain] Destroying ProtocolHandler ["http-nio-8080"]
2022-03-04 11:47:22,531 INFO org.springframework.boot.autoconfigure.logging.ConditionEvaluationReportLoggingListener [restartedMain] 

Error starting ApplicationContext. To display the conditions report re-run your application with 'debug' enabled.
2022-03-04 11:47:22,555 ERROR org.springframework.boot.diagnostics.LoggingFailureAnalysisReporter [restartedMain] 

***************************
APPLICATION FAILED TO START
***************************

Description:

Web server failed to start. Port 8080 was already in use.

Action:

Identify and stop the process that's listening on port 8080 or configure this application to listen on another port.

2022-03-04 11:49:12,629 INFO org.hibernate.validator.internal.util.Version [background-preinit] HV000001: Hibernate Validator 6.2.0.Final
2022-03-04 11:49:12,658 INFO org.springframework.boot.StartupInfoLogger [restartedMain] Starting InsuranceRegistrationSystemApplication using Java 11.0.11 on LAPTOP-855P8Q1E with PID 20108 (E:\github download\BridgeLabz_SpringBoot_InsuranceManagementSystem\InsuranceRegistrationSystem\target\classes started by Immanuvel Jeeva in E:\github download\BridgeLabz_SpringBoot_InsuranceManagementSystem\InsuranceRegistrationSystem)
2022-03-04 11:49:12,661 DEBUG org.springframework.boot.StartupInfoLogger [restartedMain] Running with Spring Boot v2.6.3, Spring v5.3.15
2022-03-04 11:49:12,661 INFO org.springframework.boot.SpringApplication [restartedMain] No active profile set, falling back to default profiles: default
2022-03-04 11:49:12,721 INFO org.springframework.boot.logging.DeferredLog [restartedMain] Devtools property defaults active! Set 'spring.devtools.add-properties' to 'false' to disable
2022-03-04 11:49:12,721 INFO org.springframework.boot.logging.DeferredLog [restartedMain] For additional web related logging consider setting the 'logging.level.web' property to 'DEBUG'
2022-03-04 11:49:13,800 INFO org.springframework.data.repository.config.RepositoryConfigurationDelegate [restartedMain] Multiple Spring Data modules found, entering strict repository configuration mode!
2022-03-04 11:49:13,801 INFO org.springframework.data.repository.config.RepositoryConfigurationDelegate [restartedMain] Bootstrapping Spring Data JPA repositories in DEFAULT mode.
2022-03-04 11:49:13,879 INFO org.springframework.data.repository.config.RepositoryConfigurationDelegate [restartedMain] Finished Spring Data repository scanning in 68 ms. Found 4 JPA repository interfaces.
2022-03-04 11:49:13,914 INFO org.springframework.data.repository.config.RepositoryConfigurationDelegate [restartedMain] Multiple Spring Data modules found, entering strict repository configuration mode!
2022-03-04 11:49:13,915 INFO org.springframework.data.repository.config.RepositoryConfigurationDelegate [restartedMain] Bootstrapping Spring Data MongoDB repositories in DEFAULT mode.
2022-03-04 11:49:13,927 INFO org.springframework.data.repository.config.RepositoryConfigurationDelegate [restartedMain] Finished Spring Data repository scanning in 11 ms. Found 4 MongoDB repository interfaces.
2022-03-04 11:49:14,687 INFO org.springframework.boot.web.embedded.tomcat.TomcatWebServer [restartedMain] Tomcat initialized with port(s): 8080 (http)
2022-03-04 11:49:14,699 INFO org.apache.juli.logging.DirectJDKLog [restartedMain] Initializing ProtocolHandler ["http-nio-8080"]
2022-03-04 11:49:14,700 INFO org.apache.juli.logging.DirectJDKLog [restartedMain] Starting service [Tomcat]
2022-03-04 11:49:14,701 INFO org.apache.juli.logging.DirectJDKLog [restartedMain] Starting Servlet engine: [Apache Tomcat/9.0.56]
2022-03-04 11:49:14,815 INFO org.apache.juli.logging.DirectJDKLog [restartedMain] Initializing Spring embedded WebApplicationContext
2022-03-04 11:49:14,815 INFO org.springframework.boot.web.servlet.context.ServletWebServerApplicationContext [restartedMain] Root WebApplicationContext: initialization completed in 2093 ms
2022-03-04 11:49:14,855 INFO com.zaxxer.hikari.HikariDataSource [restartedMain] HikariPool-1 - Starting...
2022-03-04 11:49:14,981 INFO com.zaxxer.hikari.HikariDataSource [restartedMain] HikariPool-1 - Start completed.
2022-03-04 11:49:14,993 INFO org.springframework.boot.autoconfigure.h2.H2ConsoleAutoConfiguration [restartedMain] H2 console available at '/h2-console'. Database available at 'jdbc:h2:mem:972fd593-a26d-4284-859d-e698187eedd2'
2022-03-04 11:49:15,125 INFO com.mongodb.diagnostics.logging.SLF4JLogger [restartedMain] Cluster created with settings {hosts=[localhost:27017], mode=SINGLE, requiredClusterType=UNKNOWN, serverSelectionTimeout='30000 ms'}
2022-03-04 11:49:15,175 INFO com.mongodb.diagnostics.logging.SLF4JLogger [cluster-ClusterId{value='6221af631dde0544bcbc0eab', description='null'}-localhost:27017] Opened connection [connectionId{localValue:1, serverValue:441}] to localhost:27017
2022-03-04 11:49:15,175 INFO com.mongodb.diagnostics.logging.SLF4JLogger [cluster-rtt-ClusterId{value='6221af631dde0544bcbc0eab', description='null'}-localhost:27017] Opened connection [connectionId{localValue:2, serverValue:440}] to localhost:27017
2022-03-04 11:49:15,175 INFO com.mongodb.diagnostics.logging.SLF4JLogger [cluster-ClusterId{value='6221af631dde0544bcbc0eab', description='null'}-localhost:27017] Monitor thread successfully connected to server with description ServerDescription{address=localhost:27017, type=STANDALONE, state=CONNECTED, ok=true, minWireVersion=0, maxWireVersion=13, maxDocumentSize=16777216, logicalSessionTimeoutMinutes=30, roundTripTimeNanos=19019500}
2022-03-04 11:49:15,458 WARN org.springframework.boot.autoconfigure.orm.jpa.JpaBaseConfiguration$JpaWebConfiguration [restartedMain] spring.jpa.open-in-view is enabled by default. Therefore, database queries may be performed during view rendering. Explicitly configure spring.jpa.open-in-view to disable this warning
2022-03-04 11:49:15,525 INFO org.hibernate.jpa.internal.util.LogHelper [restartedMain] HHH000204: Processing PersistenceUnitInfo [name: default]
2022-03-04 11:49:15,577 INFO org.hibernate.Version [restartedMain] HHH000412: Hibernate ORM core version 5.6.4.Final
2022-03-04 11:49:15,703 INFO org.hibernate.annotations.common.reflection.java.JavaReflectionManager [restartedMain] HCANN000001: Hibernate Commons Annotations {5.1.2.Final}
2022-03-04 11:49:15,827 INFO org.hibernate.dialect.Dialect [restartedMain] HHH000400: Using dialect: org.hibernate.dialect.H2Dialect
2022-03-04 11:49:16,534 INFO org.hibernate.engine.transaction.jta.platform.internal.JtaPlatformInitiator [restartedMain] HHH000490: Using JtaPlatform implementation: [org.hibernate.engine.transaction.jta.platform.internal.NoJtaPlatform]
2022-03-04 11:49:16,542 INFO org.springframework.orm.jpa.AbstractEntityManagerFactoryBean [restartedMain] Initialized JPA EntityManagerFactory for persistence unit 'default'
2022-03-04 11:49:16,793 DEBUG org.springframework.web.filter.GenericFilterBean [restartedMain] Filter 'jwtRequestFilter' configured for use
2022-03-04 11:49:16,853 INFO org.springframework.boot.devtools.autoconfigure.OptionalLiveReloadServer [restartedMain] LiveReload server is running on port 35729
2022-03-04 11:49:17,253 INFO org.springframework.security.web.DefaultSecurityFilterChain [restartedMain] Will secure any request with [org.springframework.security.web.context.request.async.WebAsyncManagerIntegrationFilter@21d1fb9f, org.springframework.security.web.context.SecurityContextPersistenceFilter@488b47ad, org.springframework.security.web.header.HeaderWriterFilter@5bdae6aa, org.springframework.web.filter.CorsFilter@2fff1f2, org.springframework.security.web.authentication.logout.LogoutFilter@2aa2054f, com.example.insuranceregistrationsystem.config.JwtRequestFilter@20357abf, org.springframework.security.web.savedrequest.RequestCacheAwareFilter@5dce59c8, org.springframework.security.web.servletapi.SecurityContextHolderAwareRequestFilter@488e78dd, org.springframework.security.web.authentication.AnonymousAuthenticationFilter@4575c3a3, org.springframework.security.web.session.SessionManagementFilter@48b5cfa, org.springframework.security.web.access.ExceptionTranslationFilter@67fea324, org.springframework.security.web.access.intercept.FilterSecurityInterceptor@3f8a30af]
2022-03-04 11:49:17,560 INFO org.apache.juli.logging.DirectJDKLog [restartedMain] Starting ProtocolHandler ["http-nio-8080"]
2022-03-04 11:49:17,586 INFO org.springframework.boot.web.embedded.tomcat.TomcatWebServer [restartedMain] Tomcat started on port(s): 8080 (http) with context path ''
2022-03-04 11:49:17,600 INFO org.springframework.boot.StartupInfoLogger [restartedMain] Started InsuranceRegistrationSystemApplication in 5.463 seconds (JVM running for 7.333)
2022-03-04 11:49:22,294 INFO org.springframework.orm.jpa.AbstractEntityManagerFactoryBean [SpringApplicationShutdownHook] Closing JPA EntityManagerFactory for persistence unit 'default'
2022-03-04 11:49:22,294 INFO org.hibernate.tool.schema.internal.SchemaDropperImpl$DelayedDropActionImpl [SpringApplicationShutdownHook] HHH000477: Starting delayed evictData of schema as part of SessionFactory shut-down'
2022-03-04 11:49:22,527 WARN org.springframework.beans.factory.support.DisposableBeanAdapter [SpringApplicationShutdownHook] Invocation of destroy method failed on bean with name 'inMemoryDatabaseShutdownExecutor': org.h2.jdbc.JdbcSQLNonTransientConnectionException: Database is already closed (to disable automatic closing at VM shutdown, add ";DB_CLOSE_ON_EXIT=FALSE" to the db URL) [90121-200]
2022-03-04 11:49:22,536 INFO com.zaxxer.hikari.HikariDataSource [SpringApplicationShutdownHook] HikariPool-1 - Shutdown initiated...
2022-03-04 11:49:22,544 INFO com.zaxxer.hikari.HikariDataSource [SpringApplicationShutdownHook] HikariPool-1 - Shutdown completed.
