2022-02-16 10:47:38,203 INFO org.hibernate.validator.internal.util.Version [background-preinit] HV000001: Hibernate Validator 6.2.0.Final
2022-02-16 10:47:38,240 INFO org.springframework.boot.StartupInfoLogger [restartedMain] Starting InsuranceRegistrationSystemApplication using Java 11.0.11 on LAPTOP-855P8Q1E with PID 18544 (E:\github download\BridgeLabz_SpringBoot_InsuranceManagementSystem\InsuranceRegistrationSystem\target\classes started by Immanuvel Jeeva in E:\github download\BridgeLabz_SpringBoot_InsuranceManagementSystem\InsuranceRegistrationSystem)
2022-02-16 10:47:38,242 DEBUG org.springframework.boot.StartupInfoLogger [restartedMain] Running with Spring Boot v2.6.3, Spring v5.3.15
2022-02-16 10:47:38,243 INFO org.springframework.boot.SpringApplication [restartedMain] No active profile set, falling back to default profiles: default
2022-02-16 10:47:38,318 INFO org.springframework.boot.logging.DeferredLog [restartedMain] Devtools property defaults active! Set 'spring.devtools.add-properties' to 'false' to disable
2022-02-16 10:47:38,318 INFO org.springframework.boot.logging.DeferredLog [restartedMain] For additional web related logging consider setting the 'logging.level.web' property to 'DEBUG'
2022-02-16 10:47:39,233 INFO org.springframework.data.repository.config.RepositoryConfigurationDelegate [restartedMain] Multiple Spring Data modules found, entering strict repository configuration mode!
2022-02-16 10:47:39,233 INFO org.springframework.data.repository.config.RepositoryConfigurationDelegate [restartedMain] Bootstrapping Spring Data JPA repositories in DEFAULT mode.
2022-02-16 10:47:39,315 INFO org.springframework.data.repository.config.RepositoryConfigurationDelegate [restartedMain] Finished Spring Data repository scanning in 69 ms. Found 4 JPA repository interfaces.
2022-02-16 10:47:39,349 INFO org.springframework.data.repository.config.RepositoryConfigurationDelegate [restartedMain] Multiple Spring Data modules found, entering strict repository configuration mode!
2022-02-16 10:47:39,349 INFO org.springframework.data.repository.config.RepositoryConfigurationDelegate [restartedMain] Bootstrapping Spring Data MongoDB repositories in DEFAULT mode.
2022-02-16 10:47:39,359 INFO org.springframework.data.repository.config.RepositoryConfigurationDelegate [restartedMain] Finished Spring Data repository scanning in 8 ms. Found 4 MongoDB repository interfaces.
2022-02-16 10:47:39,990 INFO org.springframework.boot.web.embedded.tomcat.TomcatWebServer [restartedMain] Tomcat initialized with port(s): 8080 (http)
2022-02-16 10:47:40,000 INFO org.apache.juli.logging.DirectJDKLog [restartedMain] Initializing ProtocolHandler ["http-nio-8080"]
2022-02-16 10:47:40,002 INFO org.apache.juli.logging.DirectJDKLog [restartedMain] Starting service [Tomcat]
2022-02-16 10:47:40,002 INFO org.apache.juli.logging.DirectJDKLog [restartedMain] Starting Servlet engine: [Apache Tomcat/9.0.56]
2022-02-16 10:47:40,091 INFO org.apache.juli.logging.DirectJDKLog [restartedMain] Initializing Spring embedded WebApplicationContext
2022-02-16 10:47:40,091 INFO org.springframework.boot.web.servlet.context.ServletWebServerApplicationContext [restartedMain] Root WebApplicationContext: initialization completed in 1772 ms
2022-02-16 10:47:40,124 INFO com.zaxxer.hikari.HikariDataSource [restartedMain] HikariPool-1 - Starting...
2022-02-16 10:47:40,261 INFO com.zaxxer.hikari.HikariDataSource [restartedMain] HikariPool-1 - Start completed.
2022-02-16 10:47:40,271 INFO org.springframework.boot.autoconfigure.h2.H2ConsoleAutoConfiguration [restartedMain] H2 console available at '/h2-console'. Database available at 'jdbc:h2:mem:29c497fc-6e9e-4ed7-ab8d-8a04a3dc2b4c'
2022-02-16 10:47:40,386 INFO com.mongodb.diagnostics.logging.SLF4JLogger [restartedMain] Cluster created with settings {hosts=[localhost:27017], mode=SINGLE, requiredClusterType=UNKNOWN, serverSelectionTimeout='30000 ms'}
2022-02-16 10:47:40,447 INFO com.mongodb.diagnostics.logging.SLF4JLogger [cluster-ClusterId{value='620c88f446f9f533d4efcf94', description='null'}-localhost:27017] Opened connection [connectionId{localValue:1, serverValue:300}] to localhost:27017
2022-02-16 10:47:40,447 INFO com.mongodb.diagnostics.logging.SLF4JLogger [cluster-rtt-ClusterId{value='620c88f446f9f533d4efcf94', description='null'}-localhost:27017] Opened connection [connectionId{localValue:2, serverValue:299}] to localhost:27017
2022-02-16 10:47:40,447 INFO com.mongodb.diagnostics.logging.SLF4JLogger [cluster-ClusterId{value='620c88f446f9f533d4efcf94', description='null'}-localhost:27017] Monitor thread successfully connected to server with description ServerDescription{address=localhost:27017, type=STANDALONE, state=CONNECTED, ok=true, minWireVersion=0, maxWireVersion=13, maxDocumentSize=16777216, logicalSessionTimeoutMinutes=30, roundTripTimeNanos=18930200}
2022-02-16 10:47:40,768 WARN org.springframework.boot.autoconfigure.orm.jpa.JpaBaseConfiguration$JpaWebConfiguration [restartedMain] spring.jpa.open-in-view is enabled by default. Therefore, database queries may be performed during view rendering. Explicitly configure spring.jpa.open-in-view to disable this warning
2022-02-16 10:47:40,846 INFO org.hibernate.jpa.internal.util.LogHelper [restartedMain] HHH000204: Processing PersistenceUnitInfo [name: default]
2022-02-16 10:47:40,922 INFO org.hibernate.Version [restartedMain] HHH000412: Hibernate ORM core version 5.6.4.Final
2022-02-16 10:47:41,152 INFO org.hibernate.annotations.common.reflection.java.JavaReflectionManager [restartedMain] HCANN000001: Hibernate Commons Annotations {5.1.2.Final}
2022-02-16 10:47:41,305 INFO org.hibernate.dialect.Dialect [restartedMain] HHH000400: Using dialect: org.hibernate.dialect.H2Dialect
2022-02-16 10:47:42,138 INFO org.hibernate.engine.transaction.jta.platform.internal.JtaPlatformInitiator [restartedMain] HHH000490: Using JtaPlatform implementation: [org.hibernate.engine.transaction.jta.platform.internal.NoJtaPlatform]
2022-02-16 10:47:42,149 INFO org.springframework.orm.jpa.AbstractEntityManagerFactoryBean [restartedMain] Initialized JPA EntityManagerFactory for persistence unit 'default'
2022-02-16 10:47:42,441 DEBUG org.springframework.web.filter.GenericFilterBean [restartedMain] Filter 'jwtRequestFilter' configured for use
2022-02-16 10:47:42,520 INFO org.springframework.boot.devtools.autoconfigure.OptionalLiveReloadServer [restartedMain] LiveReload server is running on port 35729
2022-02-16 10:47:42,842 INFO org.springframework.security.web.DefaultSecurityFilterChain [restartedMain] Will secure any request with [org.springframework.security.web.context.request.async.WebAsyncManagerIntegrationFilter@456e8737, org.springframework.security.web.context.SecurityContextPersistenceFilter@192b93b8, org.springframework.security.web.header.HeaderWriterFilter@1ff436df, org.springframework.web.filter.CorsFilter@272ea0c8, org.springframework.security.web.authentication.logout.LogoutFilter@1f62ceff, com.example.insuranceregistrationsystem.config.JwtRequestFilter@49545b06, org.springframework.security.web.savedrequest.RequestCacheAwareFilter@7c33ee15, org.springframework.security.web.servletapi.SecurityContextHolderAwareRequestFilter@51a5a027, org.springframework.security.web.authentication.AnonymousAuthenticationFilter@7c2d5ac7, org.springframework.security.web.session.SessionManagementFilter@611346ac, org.springframework.security.web.access.ExceptionTranslationFilter@40d74544, org.springframework.security.web.access.intercept.FilterSecurityInterceptor@1c1a57f]
2022-02-16 10:47:43,201 INFO org.apache.juli.logging.DirectJDKLog [restartedMain] Starting ProtocolHandler ["http-nio-8080"]
2022-02-16 10:47:43,224 INFO org.springframework.boot.web.embedded.tomcat.TomcatWebServer [restartedMain] Tomcat started on port(s): 8080 (http) with context path ''
2022-02-16 10:47:43,239 INFO org.springframework.boot.StartupInfoLogger [restartedMain] Started InsuranceRegistrationSystemApplication in 5.462 seconds (JVM running for 6.876)
2022-02-16 10:48:30,375 INFO org.apache.juli.logging.DirectJDKLog [http-nio-8080-exec-1] Initializing Spring DispatcherServlet 'dispatcherServlet'
2022-02-16 10:48:30,376 INFO org.springframework.web.servlet.FrameworkServlet [http-nio-8080-exec-1] Initializing Servlet 'dispatcherServlet'
2022-02-16 10:48:30,378 INFO org.springframework.web.servlet.FrameworkServlet [http-nio-8080-exec-1] Completed initialization in 2 ms
2022-02-16 10:48:30,594 ERROR org.apache.juli.logging.DirectJDKLog [http-nio-8080-exec-2] Servlet.service() for servlet [dispatcherServlet] in context with path [] threw exception
com.example.insuranceregistrationsystem.exception.InsuranceException: JWT Token has expired
	at com.example.insuranceregistrationsystem.config.JwtRequestFilter.doFilterInternal(JwtRequestFilter.java:59)
	at org.springframework.web.filter.OncePerRequestFilter.doFilter(OncePerRequestFilter.java:117)
	at org.springframework.security.web.FilterChainProxy$VirtualFilterChain.doFilter(FilterChainProxy.java:336)
	at org.springframework.security.web.authentication.logout.LogoutFilter.doFilter(LogoutFilter.java:103)
	at org.springframework.security.web.authentication.logout.LogoutFilter.doFilter(LogoutFilter.java:89)
	at org.springframework.security.web.FilterChainProxy$VirtualFilterChain.doFilter(FilterChainProxy.java:336)
	at org.springframework.web.filter.CorsFilter.doFilterInternal(CorsFilter.java:91)
	at org.springframework.web.filter.OncePerRequestFilter.doFilter(OncePerRequestFilter.java:117)
	at org.springframework.security.web.FilterChainProxy$VirtualFilterChain.doFilter(FilterChainProxy.java:336)
	at org.springframework.security.web.header.HeaderWriterFilter.doHeadersAfter(HeaderWriterFilter.java:90)
	at org.springframework.security.web.header.HeaderWriterFilter.doFilterInternal(HeaderWriterFilter.java:75)
	at org.springframework.web.filter.OncePerRequestFilter.doFilter(OncePerRequestFilter.java:117)
	at org.springframework.security.web.FilterChainProxy$VirtualFilterChain.doFilter(FilterChainProxy.java:336)
	at org.springframework.security.web.context.SecurityContextPersistenceFilter.doFilter(SecurityContextPersistenceFilter.java:110)
	at org.springframework.security.web.context.SecurityContextPersistenceFilter.doFilter(SecurityContextPersistenceFilter.java:80)
	at org.springframework.security.web.FilterChainProxy$VirtualFilterChain.doFilter(FilterChainProxy.java:336)
	at org.springframework.security.web.context.request.async.WebAsyncManagerIntegrationFilter.doFilterInternal(WebAsyncManagerIntegrationFilter.java:55)
	at org.springframework.web.filter.OncePerRequestFilter.doFilter(OncePerRequestFilter.java:117)
	at org.springframework.security.web.FilterChainProxy$VirtualFilterChain.doFilter(FilterChainProxy.java:336)
	at org.springframework.security.web.FilterChainProxy.doFilterInternal(FilterChainProxy.java:211)
	at org.springframework.security.web.FilterChainProxy.doFilter(FilterChainProxy.java:183)
	at org.springframework.web.filter.DelegatingFilterProxy.invokeDelegate(DelegatingFilterProxy.java:354)
	at org.springframework.web.filter.DelegatingFilterProxy.doFilter(DelegatingFilterProxy.java:267)
	at org.apache.catalina.core.ApplicationFilterChain.internalDoFilter(ApplicationFilterChain.java:189)
	at org.apache.catalina.core.ApplicationFilterChain.doFilter(ApplicationFilterChain.java:162)
	at org.springframework.web.filter.RequestContextFilter.doFilterInternal(RequestContextFilter.java:100)
	at org.springframework.web.filter.OncePerRequestFilter.doFilter(OncePerRequestFilter.java:117)
	at org.apache.catalina.core.ApplicationFilterChain.internalDoFilter(ApplicationFilterChain.java:189)
	at org.apache.catalina.core.ApplicationFilterChain.doFilter(ApplicationFilterChain.java:162)
	at org.springframework.web.filter.FormContentFilter.doFilterInternal(FormContentFilter.java:93)
	at org.springframework.web.filter.OncePerRequestFilter.doFilter(OncePerRequestFilter.java:117)
	at org.apache.catalina.core.ApplicationFilterChain.internalDoFilter(ApplicationFilterChain.java:189)
	at org.apache.catalina.core.ApplicationFilterChain.doFilter(ApplicationFilterChain.java:162)
	at org.springframework.web.filter.CharacterEncodingFilter.doFilterInternal(CharacterEncodingFilter.java:201)
	at org.springframework.web.filter.OncePerRequestFilter.doFilter(OncePerRequestFilter.java:117)
	at org.apache.catalina.core.ApplicationFilterChain.internalDoFilter(ApplicationFilterChain.java:189)
	at org.apache.catalina.core.ApplicationFilterChain.doFilter(ApplicationFilterChain.java:162)
	at org.apache.catalina.core.StandardWrapperValve.invoke(StandardWrapperValve.java:197)
	at org.apache.catalina.core.StandardContextValve.invoke(StandardContextValve.java:97)
	at org.apache.catalina.authenticator.AuthenticatorBase.invoke(AuthenticatorBase.java:540)
	at org.apache.catalina.core.StandardHostValve.invoke(StandardHostValve.java:135)
	at org.apache.catalina.valves.ErrorReportValve.invoke(ErrorReportValve.java:92)
	at org.apache.catalina.core.StandardEngineValve.invoke(StandardEngineValve.java:78)
	at org.apache.catalina.connector.CoyoteAdapter.service(CoyoteAdapter.java:357)
	at org.apache.coyote.http11.Http11Processor.service(Http11Processor.java:382)
	at org.apache.coyote.AbstractProcessorLight.process(AbstractProcessorLight.java:65)
	at org.apache.coyote.AbstractProtocol$ConnectionHandler.process(AbstractProtocol.java:895)
	at org.apache.tomcat.util.net.NioEndpoint$SocketProcessor.doRun(NioEndpoint.java:1732)
	at org.apache.tomcat.util.net.SocketProcessorBase.run(SocketProcessorBase.java:49)
	at org.apache.tomcat.util.threads.ThreadPoolExecutor.runWorker(ThreadPoolExecutor.java:1191)
	at org.apache.tomcat.util.threads.ThreadPoolExecutor$Worker.run(ThreadPoolExecutor.java:659)
	at org.apache.tomcat.util.threads.TaskThread$WrappingRunnable.run(TaskThread.java:61)
	at java.base/java.lang.Thread.run(Thread.java:834)
2022-02-16 10:48:51,984 WARN com.example.insuranceregistrationsystem.config.JwtRequestFilter [http-nio-8080-exec-5] JWT Token does not begin with Bearer String
2022-02-16 10:48:52,424 INFO com.mongodb.diagnostics.logging.SLF4JLogger [http-nio-8080-exec-5] Opened connection [connectionId{localValue:3, serverValue:301}] to localhost:27017
2022-02-16 10:55:37,335 WARN com.example.insuranceregistrationsystem.config.JwtRequestFilter [http-nio-8080-exec-9] JWT Token does not begin with Bearer String
2022-02-16 10:58:00,205 WARN com.example.insuranceregistrationsystem.config.JwtRequestFilter [http-nio-8080-exec-1] JWT Token does not begin with Bearer String
2022-02-16 11:30:21,379 WARN com.zaxxer.hikari.pool.HikariPool$HouseKeeper [HikariPool-1 housekeeper] HikariPool-1 - Thread starvation or clock leap detected (housekeeper delta=8m40s440ms751µs300ns).
2022-02-16 11:41:49,005 WARN com.zaxxer.hikari.pool.HikariPool$HouseKeeper [HikariPool-1 housekeeper] HikariPool-1 - Thread starvation or clock leap detected (housekeeper delta=2m27s468ms87µs400ns).
2022-02-16 11:53:16,279 WARN com.example.insuranceregistrationsystem.config.JwtRequestFilter [http-nio-8080-exec-7] JWT Token does not begin with Bearer String
2022-02-16 12:08:52,985 WARN com.example.insuranceregistrationsystem.config.JwtRequestFilter [http-nio-8080-exec-2] JWT Token does not begin with Bearer String
2022-02-16 12:27:19,880 WARN com.example.insuranceregistrationsystem.config.JwtRequestFilter [http-nio-8080-exec-10] JWT Token does not begin with Bearer String
2022-02-16 12:33:24,474 WARN com.example.insuranceregistrationsystem.config.JwtRequestFilter [http-nio-8080-exec-3] JWT Token does not begin with Bearer String
2022-02-16 12:39:14,616 WARN com.example.insuranceregistrationsystem.config.JwtRequestFilter [http-nio-8080-exec-6] JWT Token does not begin with Bearer String
2022-02-16 12:41:09,463 WARN com.example.insuranceregistrationsystem.config.JwtRequestFilter [http-nio-8080-exec-9] JWT Token does not begin with Bearer String
2022-02-16 12:55:30,762 WARN com.zaxxer.hikari.pool.HikariPool$HouseKeeper [HikariPool-1 housekeeper] HikariPool-1 - Thread starvation or clock leap detected (housekeeper delta=2m40s570ms614µs300ns).
2022-02-16 12:55:35,023 INFO org.springframework.orm.jpa.AbstractEntityManagerFactoryBean [SpringApplicationShutdownHook] Closing JPA EntityManagerFactory for persistence unit 'default'
2022-02-16 12:55:35,040 INFO org.hibernate.tool.schema.internal.SchemaDropperImpl$DelayedDropActionImpl [SpringApplicationShutdownHook] HHH000477: Starting delayed evictData of schema as part of SessionFactory shut-down'
2022-02-16 12:55:35,329 WARN org.springframework.beans.factory.support.DisposableBeanAdapter [SpringApplicationShutdownHook] Invocation of destroy method failed on bean with name 'inMemoryDatabaseShutdownExecutor': org.h2.jdbc.JdbcSQLNonTransientConnectionException: Database is already closed (to disable automatic closing at VM shutdown, add ";DB_CLOSE_ON_EXIT=FALSE" to the db URL) [90121-200]
2022-02-16 12:55:35,354 INFO com.zaxxer.hikari.HikariDataSource [SpringApplicationShutdownHook] HikariPool-1 - Shutdown initiated...
2022-02-16 12:55:35,374 INFO com.zaxxer.hikari.HikariDataSource [SpringApplicationShutdownHook] HikariPool-1 - Shutdown completed.
2022-02-16 14:21:17,287 INFO org.hibernate.validator.internal.util.Version [background-preinit] HV000001: Hibernate Validator 6.2.0.Final
2022-02-16 14:21:17,312 INFO org.springframework.boot.StartupInfoLogger [restartedMain] Starting InsuranceRegistrationSystemApplication using Java 11.0.11 on LAPTOP-855P8Q1E with PID 8976 (E:\github download\BridgeLabz_SpringBoot_InsuranceManagementSystem\InsuranceRegistrationSystem\target\classes started by Immanuvel Jeeva in E:\github download\BridgeLabz_SpringBoot_InsuranceManagementSystem\InsuranceRegistrationSystem)
2022-02-16 14:21:17,314 DEBUG org.springframework.boot.StartupInfoLogger [restartedMain] Running with Spring Boot v2.6.3, Spring v5.3.15
2022-02-16 14:21:17,315 INFO org.springframework.boot.SpringApplication [restartedMain] No active profile set, falling back to default profiles: default
2022-02-16 14:21:17,366 INFO org.springframework.boot.logging.DeferredLog [restartedMain] Devtools property defaults active! Set 'spring.devtools.add-properties' to 'false' to disable
2022-02-16 14:21:17,367 INFO org.springframework.boot.logging.DeferredLog [restartedMain] For additional web related logging consider setting the 'logging.level.web' property to 'DEBUG'
2022-02-16 14:21:18,439 INFO org.springframework.data.repository.config.RepositoryConfigurationDelegate [restartedMain] Multiple Spring Data modules found, entering strict repository configuration mode!
2022-02-16 14:21:18,440 INFO org.springframework.data.repository.config.RepositoryConfigurationDelegate [restartedMain] Bootstrapping Spring Data JPA repositories in DEFAULT mode.
2022-02-16 14:21:18,527 INFO org.springframework.data.repository.config.RepositoryConfigurationDelegate [restartedMain] Finished Spring Data repository scanning in 74 ms. Found 4 JPA repository interfaces.
2022-02-16 14:21:18,561 INFO org.springframework.data.repository.config.RepositoryConfigurationDelegate [restartedMain] Multiple Spring Data modules found, entering strict repository configuration mode!
2022-02-16 14:21:18,561 INFO org.springframework.data.repository.config.RepositoryConfigurationDelegate [restartedMain] Bootstrapping Spring Data MongoDB repositories in DEFAULT mode.
2022-02-16 14:21:18,574 INFO org.springframework.data.repository.config.RepositoryConfigurationDelegate [restartedMain] Finished Spring Data repository scanning in 12 ms. Found 4 MongoDB repository interfaces.
2022-02-16 14:21:19,377 INFO org.springframework.boot.web.embedded.tomcat.TomcatWebServer [restartedMain] Tomcat initialized with port(s): 8080 (http)
2022-02-16 14:21:19,388 INFO org.apache.juli.logging.DirectJDKLog [restartedMain] Initializing ProtocolHandler ["http-nio-8080"]
2022-02-16 14:21:19,389 INFO org.apache.juli.logging.DirectJDKLog [restartedMain] Starting service [Tomcat]
2022-02-16 14:21:19,389 INFO org.apache.juli.logging.DirectJDKLog [restartedMain] Starting Servlet engine: [Apache Tomcat/9.0.56]
2022-02-16 14:21:19,492 INFO org.apache.juli.logging.DirectJDKLog [restartedMain] Initializing Spring embedded WebApplicationContext
2022-02-16 14:21:19,493 INFO org.springframework.boot.web.servlet.context.ServletWebServerApplicationContext [restartedMain] Root WebApplicationContext: initialization completed in 2126 ms
2022-02-16 14:21:19,535 INFO com.zaxxer.hikari.HikariDataSource [restartedMain] HikariPool-1 - Starting...
2022-02-16 14:21:19,702 INFO com.zaxxer.hikari.HikariDataSource [restartedMain] HikariPool-1 - Start completed.
2022-02-16 14:21:19,714 INFO org.springframework.boot.autoconfigure.h2.H2ConsoleAutoConfiguration [restartedMain] H2 console available at '/h2-console'. Database available at 'jdbc:h2:mem:098d9357-22b9-4c92-a295-2013ebbbd7f3'
2022-02-16 14:21:19,859 INFO com.mongodb.diagnostics.logging.SLF4JLogger [restartedMain] Cluster created with settings {hosts=[localhost:27017], mode=SINGLE, requiredClusterType=UNKNOWN, serverSelectionTimeout='30000 ms'}
2022-02-16 14:21:19,939 INFO com.mongodb.diagnostics.logging.SLF4JLogger [cluster-ClusterId{value='620cbb075925321463a02b7d', description='null'}-localhost:27017] Opened connection [connectionId{localValue:1, serverValue:322}] to localhost:27017
2022-02-16 14:21:19,939 INFO com.mongodb.diagnostics.logging.SLF4JLogger [cluster-rtt-ClusterId{value='620cbb075925321463a02b7d', description='null'}-localhost:27017] Opened connection [connectionId{localValue:2, serverValue:323}] to localhost:27017
2022-02-16 14:21:19,940 INFO com.mongodb.diagnostics.logging.SLF4JLogger [cluster-ClusterId{value='620cbb075925321463a02b7d', description='null'}-localhost:27017] Monitor thread successfully connected to server with description ServerDescription{address=localhost:27017, type=STANDALONE, state=CONNECTED, ok=true, minWireVersion=0, maxWireVersion=13, maxDocumentSize=16777216, logicalSessionTimeoutMinutes=30, roundTripTimeNanos=28173800}
2022-02-16 14:21:20,319 WARN org.springframework.boot.autoconfigure.orm.jpa.JpaBaseConfiguration$JpaWebConfiguration [restartedMain] spring.jpa.open-in-view is enabled by default. Therefore, database queries may be performed during view rendering. Explicitly configure spring.jpa.open-in-view to disable this warning
2022-02-16 14:21:20,394 INFO org.hibernate.jpa.internal.util.LogHelper [restartedMain] HHH000204: Processing PersistenceUnitInfo [name: default]
2022-02-16 14:21:20,455 INFO org.hibernate.Version [restartedMain] HHH000412: Hibernate ORM core version 5.6.4.Final
2022-02-16 14:21:20,642 INFO org.hibernate.annotations.common.reflection.java.JavaReflectionManager [restartedMain] HCANN000001: Hibernate Commons Annotations {5.1.2.Final}
2022-02-16 14:21:20,789 INFO org.hibernate.dialect.Dialect [restartedMain] HHH000400: Using dialect: org.hibernate.dialect.H2Dialect
2022-02-16 14:21:21,498 INFO org.hibernate.engine.transaction.jta.platform.internal.JtaPlatformInitiator [restartedMain] HHH000490: Using JtaPlatform implementation: [org.hibernate.engine.transaction.jta.platform.internal.NoJtaPlatform]
2022-02-16 14:21:21,506 INFO org.springframework.orm.jpa.AbstractEntityManagerFactoryBean [restartedMain] Initialized JPA EntityManagerFactory for persistence unit 'default'
2022-02-16 14:21:21,680 DEBUG org.springframework.web.filter.GenericFilterBean [restartedMain] Filter 'jwtRequestFilter' configured for use
2022-02-16 14:21:21,727 INFO org.springframework.boot.devtools.autoconfigure.OptionalLiveReloadServer [restartedMain] LiveReload server is running on port 35729
2022-02-16 14:21:22,057 INFO org.springframework.security.web.DefaultSecurityFilterChain [restartedMain] Will secure any request with [org.springframework.security.web.context.request.async.WebAsyncManagerIntegrationFilter@66977cc5, org.springframework.security.web.context.SecurityContextPersistenceFilter@69dadd03, org.springframework.security.web.header.HeaderWriterFilter@59913fc8, org.springframework.web.filter.CorsFilter@11fc0234, org.springframework.security.web.authentication.logout.LogoutFilter@1b3822c9, com.example.insuranceregistrationsystem.config.JwtRequestFilter@8a189c1, org.springframework.security.web.savedrequest.RequestCacheAwareFilter@3cf1804, org.springframework.security.web.servletapi.SecurityContextHolderAwareRequestFilter@3e2b9234, org.springframework.security.web.authentication.AnonymousAuthenticationFilter@6174df98, org.springframework.security.web.session.SessionManagementFilter@57f62c94, org.springframework.security.web.access.ExceptionTranslationFilter@2c0d4ecb, org.springframework.security.web.access.intercept.FilterSecurityInterceptor@18dc791d]
2022-02-16 14:21:22,357 INFO org.apache.juli.logging.DirectJDKLog [restartedMain] Starting ProtocolHandler ["http-nio-8080"]
2022-02-16 14:21:22,373 INFO org.springframework.boot.web.embedded.tomcat.TomcatWebServer [restartedMain] Tomcat started on port(s): 8080 (http) with context path ''
2022-02-16 14:21:22,387 INFO org.springframework.boot.StartupInfoLogger [restartedMain] Started InsuranceRegistrationSystemApplication in 5.557 seconds (JVM running for 7.51)
2022-02-16 14:28:01,778 INFO org.apache.juli.logging.DirectJDKLog [http-nio-8080-exec-1] Initializing Spring DispatcherServlet 'dispatcherServlet'
2022-02-16 14:28:01,780 INFO org.springframework.web.servlet.FrameworkServlet [http-nio-8080-exec-1] Initializing Servlet 'dispatcherServlet'
2022-02-16 14:28:01,820 INFO org.springframework.web.servlet.FrameworkServlet [http-nio-8080-exec-1] Completed initialization in 39 ms
2022-02-16 14:28:01,947 WARN com.example.insuranceregistrationsystem.config.JwtRequestFilter [http-nio-8080-exec-1] JWT Token does not begin with Bearer String
2022-02-16 14:28:02,664 INFO com.mongodb.diagnostics.logging.SLF4JLogger [http-nio-8080-exec-1] Opened connection [connectionId{localValue:3, serverValue:337}] to localhost:27017
2022-02-16 14:28:02,745 WARN org.springframework.web.servlet.handler.AbstractHandlerExceptionResolver [http-nio-8080-exec-1] Resolved [com.example.insuranceregistrationsystem.exception.InsuranceException: INVALID_CREDENTIALS]
2022-02-16 14:34:27,818 INFO org.springframework.orm.jpa.AbstractEntityManagerFactoryBean [SpringApplicationShutdownHook] Closing JPA EntityManagerFactory for persistence unit 'default'
2022-02-16 14:34:27,820 INFO org.hibernate.tool.schema.internal.SchemaDropperImpl$DelayedDropActionImpl [SpringApplicationShutdownHook] HHH000477: Starting delayed evictData of schema as part of SessionFactory shut-down'
2022-02-16 14:34:28,068 WARN org.springframework.beans.factory.support.DisposableBeanAdapter [SpringApplicationShutdownHook] Invocation of destroy method failed on bean with name 'inMemoryDatabaseShutdownExecutor': org.h2.jdbc.JdbcSQLNonTransientConnectionException: Database is already closed (to disable automatic closing at VM shutdown, add ";DB_CLOSE_ON_EXIT=FALSE" to the db URL) [90121-200]
2022-02-16 14:34:28,080 INFO com.zaxxer.hikari.HikariDataSource [SpringApplicationShutdownHook] HikariPool-1 - Shutdown initiated...
2022-02-16 14:34:28,086 INFO com.zaxxer.hikari.HikariDataSource [SpringApplicationShutdownHook] HikariPool-1 - Shutdown completed.
