2022-03-03 22:15:02,541 INFO org.hibernate.validator.internal.util.Version [background-preinit] HV000001: Hibernate Validator 6.2.0.Final
2022-03-03 22:15:02,570 INFO org.springframework.boot.StartupInfoLogger [restartedMain] Starting InsuranceRegistrationSystemApplication using Java 11.0.11 on LAPTOP-855P8Q1E with PID 18636 (E:\github download\BridgeLabz_SpringBoot_InsuranceManagementSystem\InsuranceRegistrationSystem\target\classes started by Immanuvel Jeeva in E:\github download\BridgeLabz_SpringBoot_InsuranceManagementSystem\InsuranceRegistrationSystem)
2022-03-03 22:15:02,573 DEBUG org.springframework.boot.StartupInfoLogger [restartedMain] Running with Spring Boot v2.6.3, Spring v5.3.15
2022-03-03 22:15:02,573 INFO org.springframework.boot.SpringApplication [restartedMain] No active profile set, falling back to default profiles: default
2022-03-03 22:15:02,624 INFO org.springframework.boot.logging.DeferredLog [restartedMain] Devtools property defaults active! Set 'spring.devtools.add-properties' to 'false' to disable
2022-03-03 22:15:02,625 INFO org.springframework.boot.logging.DeferredLog [restartedMain] For additional web related logging consider setting the 'logging.level.web' property to 'DEBUG'
2022-03-03 22:15:03,505 INFO org.springframework.data.repository.config.RepositoryConfigurationDelegate [restartedMain] Multiple Spring Data modules found, entering strict repository configuration mode!
2022-03-03 22:15:03,506 INFO org.springframework.data.repository.config.RepositoryConfigurationDelegate [restartedMain] Bootstrapping Spring Data JPA repositories in DEFAULT mode.
2022-03-03 22:15:03,594 INFO org.springframework.data.repository.config.RepositoryConfigurationDelegate [restartedMain] Finished Spring Data repository scanning in 76 ms. Found 4 JPA repository interfaces.
2022-03-03 22:15:03,626 INFO org.springframework.data.repository.config.RepositoryConfigurationDelegate [restartedMain] Multiple Spring Data modules found, entering strict repository configuration mode!
2022-03-03 22:15:03,626 INFO org.springframework.data.repository.config.RepositoryConfigurationDelegate [restartedMain] Bootstrapping Spring Data MongoDB repositories in DEFAULT mode.
2022-03-03 22:15:03,637 INFO org.springframework.data.repository.config.RepositoryConfigurationDelegate [restartedMain] Finished Spring Data repository scanning in 10 ms. Found 4 MongoDB repository interfaces.
2022-03-03 22:15:04,313 INFO org.springframework.boot.web.embedded.tomcat.TomcatWebServer [restartedMain] Tomcat initialized with port(s): 8080 (http)
2022-03-03 22:15:04,323 INFO org.apache.juli.logging.DirectJDKLog [restartedMain] Initializing ProtocolHandler ["http-nio-8080"]
2022-03-03 22:15:04,324 INFO org.apache.juli.logging.DirectJDKLog [restartedMain] Starting service [Tomcat]
2022-03-03 22:15:04,324 INFO org.apache.juli.logging.DirectJDKLog [restartedMain] Starting Servlet engine: [Apache Tomcat/9.0.56]
2022-03-03 22:15:04,406 INFO org.apache.juli.logging.DirectJDKLog [restartedMain] Initializing Spring embedded WebApplicationContext
2022-03-03 22:15:04,406 INFO org.springframework.boot.web.servlet.context.ServletWebServerApplicationContext [restartedMain] Root WebApplicationContext: initialization completed in 1781 ms
2022-03-03 22:15:04,438 INFO com.zaxxer.hikari.HikariDataSource [restartedMain] HikariPool-1 - Starting...
2022-03-03 22:15:04,580 INFO com.zaxxer.hikari.HikariDataSource [restartedMain] HikariPool-1 - Start completed.
2022-03-03 22:15:04,592 INFO org.springframework.boot.autoconfigure.h2.H2ConsoleAutoConfiguration [restartedMain] H2 console available at '/h2-console'. Database available at 'jdbc:h2:mem:e42b65ef-5278-490b-8897-4ff41e35339b'
2022-03-03 22:15:04,710 INFO com.mongodb.diagnostics.logging.SLF4JLogger [restartedMain] Cluster created with settings {hosts=[localhost:27017], mode=SINGLE, requiredClusterType=UNKNOWN, serverSelectionTimeout='30000 ms'}
2022-03-03 22:15:04,771 INFO com.mongodb.diagnostics.logging.SLF4JLogger [cluster-rtt-ClusterId{value='6220f09098280373b178ec94', description='null'}-localhost:27017] Opened connection [connectionId{localValue:2, serverValue:387}] to localhost:27017
2022-03-03 22:15:04,771 INFO com.mongodb.diagnostics.logging.SLF4JLogger [cluster-ClusterId{value='6220f09098280373b178ec94', description='null'}-localhost:27017] Opened connection [connectionId{localValue:1, serverValue:388}] to localhost:27017
2022-03-03 22:15:04,771 INFO com.mongodb.diagnostics.logging.SLF4JLogger [cluster-ClusterId{value='6220f09098280373b178ec94', description='null'}-localhost:27017] Monitor thread successfully connected to server with description ServerDescription{address=localhost:27017, type=STANDALONE, state=CONNECTED, ok=true, minWireVersion=0, maxWireVersion=13, maxDocumentSize=16777216, logicalSessionTimeoutMinutes=30, roundTripTimeNanos=19498100}
2022-03-03 22:15:05,128 WARN org.springframework.boot.autoconfigure.orm.jpa.JpaBaseConfiguration$JpaWebConfiguration [restartedMain] spring.jpa.open-in-view is enabled by default. Therefore, database queries may be performed during view rendering. Explicitly configure spring.jpa.open-in-view to disable this warning
2022-03-03 22:15:05,215 INFO org.hibernate.jpa.internal.util.LogHelper [restartedMain] HHH000204: Processing PersistenceUnitInfo [name: default]
2022-03-03 22:15:05,311 INFO org.hibernate.Version [restartedMain] HHH000412: Hibernate ORM core version 5.6.4.Final
2022-03-03 22:15:05,539 INFO org.hibernate.annotations.common.reflection.java.JavaReflectionManager [restartedMain] HCANN000001: Hibernate Commons Annotations {5.1.2.Final}
2022-03-03 22:15:05,664 INFO org.hibernate.dialect.Dialect [restartedMain] HHH000400: Using dialect: org.hibernate.dialect.H2Dialect
2022-03-03 22:15:06,420 INFO org.hibernate.engine.transaction.jta.platform.internal.JtaPlatformInitiator [restartedMain] HHH000490: Using JtaPlatform implementation: [org.hibernate.engine.transaction.jta.platform.internal.NoJtaPlatform]
2022-03-03 22:15:06,428 INFO org.springframework.orm.jpa.AbstractEntityManagerFactoryBean [restartedMain] Initialized JPA EntityManagerFactory for persistence unit 'default'
2022-03-03 22:15:06,634 DEBUG org.springframework.web.filter.GenericFilterBean [restartedMain] Filter 'jwtRequestFilter' configured for use
2022-03-03 22:15:06,675 INFO org.springframework.boot.devtools.autoconfigure.OptionalLiveReloadServer [restartedMain] LiveReload server is running on port 35729
2022-03-03 22:15:07,020 INFO org.springframework.security.web.DefaultSecurityFilterChain [restartedMain] Will secure any request with [org.springframework.security.web.context.request.async.WebAsyncManagerIntegrationFilter@ca9f3e2, org.springframework.security.web.context.SecurityContextPersistenceFilter@3ce1a950, org.springframework.security.web.header.HeaderWriterFilter@652dabfc, org.springframework.web.filter.CorsFilter@1d16800e, org.springframework.security.web.authentication.logout.LogoutFilter@51da5399, com.example.insuranceregistrationsystem.config.JwtRequestFilter@3a3a0bbb, org.springframework.security.web.savedrequest.RequestCacheAwareFilter@8415984, org.springframework.security.web.servletapi.SecurityContextHolderAwareRequestFilter@4a78b4d2, org.springframework.security.web.authentication.AnonymousAuthenticationFilter@2c689a9c, org.springframework.security.web.session.SessionManagementFilter@64356b58, org.springframework.security.web.access.ExceptionTranslationFilter@275bcb05, org.springframework.security.web.access.intercept.FilterSecurityInterceptor@7fec60e2]
2022-03-03 22:15:07,288 INFO org.apache.juli.logging.DirectJDKLog [restartedMain] Starting ProtocolHandler ["http-nio-8080"]
2022-03-03 22:15:07,303 INFO org.springframework.boot.web.embedded.tomcat.TomcatWebServer [restartedMain] Tomcat started on port(s): 8080 (http) with context path ''
2022-03-03 22:15:07,316 INFO org.springframework.boot.StartupInfoLogger [restartedMain] Started InsuranceRegistrationSystemApplication in 5.139 seconds (JVM running for 6.67)
2022-03-03 22:16:24,632 INFO org.apache.juli.logging.DirectJDKLog [http-nio-8080-exec-1] Initializing Spring DispatcherServlet 'dispatcherServlet'
2022-03-03 22:16:24,633 INFO org.springframework.web.servlet.FrameworkServlet [http-nio-8080-exec-1] Initializing Servlet 'dispatcherServlet'
2022-03-03 22:16:24,635 INFO org.springframework.web.servlet.FrameworkServlet [http-nio-8080-exec-1] Completed initialization in 2 ms
2022-03-03 22:16:24,697 WARN com.example.insuranceregistrationsystem.config.JwtRequestFilter [http-nio-8080-exec-2] JWT Token does not begin with Bearer String
2022-03-03 22:16:25,185 INFO com.mongodb.diagnostics.logging.SLF4JLogger [http-nio-8080-exec-2] Opened connection [connectionId{localValue:3, serverValue:389}] to localhost:27017
2022-03-03 22:16:25,425 WARN org.springframework.web.servlet.handler.AbstractHandlerExceptionResolver [http-nio-8080-exec-2] Resolved [com.example.insuranceregistrationsystem.exception.InsuranceException: INVALID_CREDENTIALS]
2022-03-03 22:17:14,571 WARN com.example.insuranceregistrationsystem.config.JwtRequestFilter [http-nio-8080-exec-3] JWT Token does not begin with Bearer String
2022-03-03 22:17:14,589 WARN org.springframework.web.servlet.handler.AbstractHandlerExceptionResolver [http-nio-8080-exec-3] Resolved [com.example.insuranceregistrationsystem.exception.InsuranceException: INVALID_CREDENTIALS]
2022-03-03 22:17:31,824 WARN com.example.insuranceregistrationsystem.config.JwtRequestFilter [http-nio-8080-exec-5] JWT Token does not begin with Bearer String
2022-03-03 22:17:53,175 WARN com.example.insuranceregistrationsystem.config.JwtRequestFilter [http-nio-8080-exec-7] JWT Token does not begin with Bearer String
2022-03-03 22:17:53,538 WARN com.example.insuranceregistrationsystem.config.JwtRequestFilter [http-nio-8080-exec-8] JWT Token does not begin with Bearer String
2022-03-03 22:21:11,785 INFO org.springframework.orm.jpa.AbstractEntityManagerFactoryBean [SpringApplicationShutdownHook] Closing JPA EntityManagerFactory for persistence unit 'default'
2022-03-03 22:21:11,786 INFO org.hibernate.tool.schema.internal.SchemaDropperImpl$DelayedDropActionImpl [SpringApplicationShutdownHook] HHH000477: Starting delayed evictData of schema as part of SessionFactory shut-down'
2022-03-03 22:21:12,028 WARN org.springframework.beans.factory.support.DisposableBeanAdapter [SpringApplicationShutdownHook] Invocation of destroy method failed on bean with name 'inMemoryDatabaseShutdownExecutor': org.h2.jdbc.JdbcSQLNonTransientConnectionException: Database is already closed (to disable automatic closing at VM shutdown, add ";DB_CLOSE_ON_EXIT=FALSE" to the db URL) [90121-200]
2022-03-03 22:21:12,041 INFO com.zaxxer.hikari.HikariDataSource [SpringApplicationShutdownHook] HikariPool-1 - Shutdown initiated...
2022-03-03 22:21:12,048 INFO com.zaxxer.hikari.HikariDataSource [SpringApplicationShutdownHook] HikariPool-1 - Shutdown completed.
2022-03-03 22:21:30,208 INFO org.hibernate.validator.internal.util.Version [background-preinit] HV000001: Hibernate Validator 6.2.0.Final
2022-03-03 22:21:30,222 INFO org.springframework.boot.StartupInfoLogger [restartedMain] Starting InsuranceRegistrationSystemApplication using Java 11.0.11 on LAPTOP-855P8Q1E with PID 11816 (E:\github download\BridgeLabz_SpringBoot_InsuranceManagementSystem\InsuranceRegistrationSystem\target\classes started by Immanuvel Jeeva in E:\github download\BridgeLabz_SpringBoot_InsuranceManagementSystem\InsuranceRegistrationSystem)
2022-03-03 22:21:30,224 DEBUG org.springframework.boot.StartupInfoLogger [restartedMain] Running with Spring Boot v2.6.3, Spring v5.3.15
2022-03-03 22:21:30,224 INFO org.springframework.boot.SpringApplication [restartedMain] No active profile set, falling back to default profiles: default
2022-03-03 22:21:30,263 INFO org.springframework.boot.logging.DeferredLog [restartedMain] Devtools property defaults active! Set 'spring.devtools.add-properties' to 'false' to disable
2022-03-03 22:21:30,264 INFO org.springframework.boot.logging.DeferredLog [restartedMain] For additional web related logging consider setting the 'logging.level.web' property to 'DEBUG'
2022-03-03 22:21:30,956 INFO org.springframework.data.repository.config.RepositoryConfigurationDelegate [restartedMain] Multiple Spring Data modules found, entering strict repository configuration mode!
2022-03-03 22:21:30,957 INFO org.springframework.data.repository.config.RepositoryConfigurationDelegate [restartedMain] Bootstrapping Spring Data JPA repositories in DEFAULT mode.
2022-03-03 22:21:31,014 INFO org.springframework.data.repository.config.RepositoryConfigurationDelegate [restartedMain] Finished Spring Data repository scanning in 50 ms. Found 4 JPA repository interfaces.
2022-03-03 22:21:31,038 INFO org.springframework.data.repository.config.RepositoryConfigurationDelegate [restartedMain] Multiple Spring Data modules found, entering strict repository configuration mode!
2022-03-03 22:21:31,038 INFO org.springframework.data.repository.config.RepositoryConfigurationDelegate [restartedMain] Bootstrapping Spring Data MongoDB repositories in DEFAULT mode.
2022-03-03 22:21:31,047 INFO org.springframework.data.repository.config.RepositoryConfigurationDelegate [restartedMain] Finished Spring Data repository scanning in 8 ms. Found 4 MongoDB repository interfaces.
2022-03-03 22:21:31,641 INFO org.springframework.boot.web.embedded.tomcat.TomcatWebServer [restartedMain] Tomcat initialized with port(s): 8080 (http)
2022-03-03 22:21:31,650 INFO org.apache.juli.logging.DirectJDKLog [restartedMain] Initializing ProtocolHandler ["http-nio-8080"]
2022-03-03 22:21:31,651 INFO org.apache.juli.logging.DirectJDKLog [restartedMain] Starting service [Tomcat]
2022-03-03 22:21:31,651 INFO org.apache.juli.logging.DirectJDKLog [restartedMain] Starting Servlet engine: [Apache Tomcat/9.0.56]
2022-03-03 22:21:31,727 INFO org.apache.juli.logging.DirectJDKLog [restartedMain] Initializing Spring embedded WebApplicationContext
2022-03-03 22:21:31,727 INFO org.springframework.boot.web.servlet.context.ServletWebServerApplicationContext [restartedMain] Root WebApplicationContext: initialization completed in 1463 ms
2022-03-03 22:21:31,757 INFO com.zaxxer.hikari.HikariDataSource [restartedMain] HikariPool-1 - Starting...
2022-03-03 22:21:31,849 INFO com.zaxxer.hikari.HikariDataSource [restartedMain] HikariPool-1 - Start completed.
2022-03-03 22:21:31,859 INFO org.springframework.boot.autoconfigure.h2.H2ConsoleAutoConfiguration [restartedMain] H2 console available at '/h2-console'. Database available at 'jdbc:h2:mem:adc1a07d-b8a7-4bcd-83b7-9440284bb83f'
2022-03-03 22:21:31,958 INFO com.mongodb.diagnostics.logging.SLF4JLogger [restartedMain] Cluster created with settings {hosts=[localhost:27017], mode=SINGLE, requiredClusterType=UNKNOWN, serverSelectionTimeout='30000 ms'}
2022-03-03 22:21:32,009 INFO com.mongodb.diagnostics.logging.SLF4JLogger [cluster-rtt-ClusterId{value='6220f21321d30618c3d1eb5f', description='null'}-localhost:27017] Opened connection [connectionId{localValue:2, serverValue:410}] to localhost:27017
2022-03-03 22:21:32,009 INFO com.mongodb.diagnostics.logging.SLF4JLogger [cluster-ClusterId{value='6220f21321d30618c3d1eb5f', description='null'}-localhost:27017] Opened connection [connectionId{localValue:1, serverValue:411}] to localhost:27017
2022-03-03 22:21:32,009 INFO com.mongodb.diagnostics.logging.SLF4JLogger [cluster-ClusterId{value='6220f21321d30618c3d1eb5f', description='null'}-localhost:27017] Monitor thread successfully connected to server with description ServerDescription{address=localhost:27017, type=STANDALONE, state=CONNECTED, ok=true, minWireVersion=0, maxWireVersion=13, maxDocumentSize=16777216, logicalSessionTimeoutMinutes=30, roundTripTimeNanos=17705000}
2022-03-03 22:21:32,406 WARN org.springframework.boot.autoconfigure.orm.jpa.JpaBaseConfiguration$JpaWebConfiguration [restartedMain] spring.jpa.open-in-view is enabled by default. Therefore, database queries may be performed during view rendering. Explicitly configure spring.jpa.open-in-view to disable this warning
2022-03-03 22:21:32,507 INFO org.hibernate.jpa.internal.util.LogHelper [restartedMain] HHH000204: Processing PersistenceUnitInfo [name: default]
2022-03-03 22:21:32,588 INFO org.hibernate.Version [restartedMain] HHH000412: Hibernate ORM core version 5.6.4.Final
2022-03-03 22:21:32,748 INFO org.hibernate.annotations.common.reflection.java.JavaReflectionManager [restartedMain] HCANN000001: Hibernate Commons Annotations {5.1.2.Final}
2022-03-03 22:21:32,844 INFO org.hibernate.dialect.Dialect [restartedMain] HHH000400: Using dialect: org.hibernate.dialect.H2Dialect
2022-03-03 22:21:33,504 INFO org.hibernate.engine.transaction.jta.platform.internal.JtaPlatformInitiator [restartedMain] HHH000490: Using JtaPlatform implementation: [org.hibernate.engine.transaction.jta.platform.internal.NoJtaPlatform]
2022-03-03 22:21:33,512 INFO org.springframework.orm.jpa.AbstractEntityManagerFactoryBean [restartedMain] Initialized JPA EntityManagerFactory for persistence unit 'default'
2022-03-03 22:21:33,702 DEBUG org.springframework.web.filter.GenericFilterBean [restartedMain] Filter 'jwtRequestFilter' configured for use
2022-03-03 22:21:33,752 INFO org.springframework.boot.devtools.autoconfigure.OptionalLiveReloadServer [restartedMain] LiveReload server is running on port 35729
2022-03-03 22:21:34,096 INFO org.springframework.security.web.DefaultSecurityFilterChain [restartedMain] Will secure any request with [org.springframework.security.web.context.request.async.WebAsyncManagerIntegrationFilter@3faad48b, org.springframework.security.web.context.SecurityContextPersistenceFilter@2df2848c, org.springframework.security.web.header.HeaderWriterFilter@30a26679, org.springframework.web.filter.CorsFilter@4c0976fc, org.springframework.security.web.authentication.logout.LogoutFilter@4eb833aa, com.example.insuranceregistrationsystem.config.JwtRequestFilter@3ca3c2c3, org.springframework.security.web.savedrequest.RequestCacheAwareFilter@6b5c6485, org.springframework.security.web.servletapi.SecurityContextHolderAwareRequestFilter@2b0704b2, org.springframework.security.web.authentication.AnonymousAuthenticationFilter@14c5d508, org.springframework.security.web.session.SessionManagementFilter@6c206c88, org.springframework.security.web.access.ExceptionTranslationFilter@37da6a96, org.springframework.security.web.access.intercept.FilterSecurityInterceptor@46f0157e]
2022-03-03 22:21:34,391 INFO org.apache.juli.logging.DirectJDKLog [restartedMain] Starting ProtocolHandler ["http-nio-8080"]
2022-03-03 22:21:34,408 INFO org.springframework.boot.web.embedded.tomcat.TomcatWebServer [restartedMain] Tomcat started on port(s): 8080 (http) with context path ''
2022-03-03 22:21:34,421 INFO org.springframework.boot.StartupInfoLogger [restartedMain] Started InsuranceRegistrationSystemApplication in 4.614 seconds (JVM running for 6.194)
2022-03-03 22:22:03,846 INFO org.apache.juli.logging.DirectJDKLog [http-nio-8080-exec-1] Initializing Spring DispatcherServlet 'dispatcherServlet'
2022-03-03 22:22:03,847 INFO org.springframework.web.servlet.FrameworkServlet [http-nio-8080-exec-1] Initializing Servlet 'dispatcherServlet'
2022-03-03 22:22:03,848 INFO org.springframework.web.servlet.FrameworkServlet [http-nio-8080-exec-1] Completed initialization in 1 ms
2022-03-03 22:22:03,907 WARN com.example.insuranceregistrationsystem.config.JwtRequestFilter [http-nio-8080-exec-1] JWT Token does not begin with Bearer String
2022-03-03 22:22:04,218 INFO com.mongodb.diagnostics.logging.SLF4JLogger [http-nio-8080-exec-1] Opened connection [connectionId{localValue:3, serverValue:412}] to localhost:27017
2022-03-03 22:22:16,118 WARN com.example.insuranceregistrationsystem.config.JwtRequestFilter [http-nio-8080-exec-2] JWT Token does not begin with Bearer String
2022-03-03 22:22:16,123 WARN org.springframework.web.servlet.handler.AbstractHandlerExceptionResolver [http-nio-8080-exec-2] Resolved [org.springframework.web.HttpRequestMethodNotSupportedException: Request method 'GET' not supported]
2022-03-03 22:22:16,392 WARN com.example.insuranceregistrationsystem.config.JwtRequestFilter [http-nio-8080-exec-3] JWT Token does not begin with Bearer String
2022-03-03 22:22:28,300 WARN com.example.insuranceregistrationsystem.config.JwtRequestFilter [http-nio-8080-exec-6] JWT Token does not begin with Bearer String
2022-03-03 22:22:28,303 WARN org.springframework.web.servlet.handler.AbstractHandlerExceptionResolver [http-nio-8080-exec-6] Resolved [org.springframework.web.HttpRequestMethodNotSupportedException: Request method 'GET' not supported]
2022-03-03 22:22:28,533 WARN com.example.insuranceregistrationsystem.config.JwtRequestFilter [http-nio-8080-exec-7] JWT Token does not begin with Bearer String
2022-03-03 22:25:37,439 INFO org.springframework.orm.jpa.AbstractEntityManagerFactoryBean [SpringApplicationShutdownHook] Closing JPA EntityManagerFactory for persistence unit 'default'
2022-03-03 22:25:37,440 INFO org.hibernate.tool.schema.internal.SchemaDropperImpl$DelayedDropActionImpl [SpringApplicationShutdownHook] HHH000477: Starting delayed evictData of schema as part of SessionFactory shut-down'
2022-03-03 22:25:37,762 WARN org.springframework.beans.factory.support.DisposableBeanAdapter [SpringApplicationShutdownHook] Invocation of destroy method failed on bean with name 'inMemoryDatabaseShutdownExecutor': org.h2.jdbc.JdbcSQLNonTransientConnectionException: Database is already closed (to disable automatic closing at VM shutdown, add ";DB_CLOSE_ON_EXIT=FALSE" to the db URL) [90121-200]
2022-03-03 22:25:37,775 INFO com.zaxxer.hikari.HikariDataSource [SpringApplicationShutdownHook] HikariPool-1 - Shutdown initiated...
2022-03-03 22:25:37,783 INFO com.zaxxer.hikari.HikariDataSource [SpringApplicationShutdownHook] HikariPool-1 - Shutdown completed.
2022-03-03 22:26:01,524 INFO org.hibernate.validator.internal.util.Version [background-preinit] HV000001: Hibernate Validator 6.2.0.Final
2022-03-03 22:26:01,544 INFO org.springframework.boot.StartupInfoLogger [restartedMain] Starting InsuranceRegistrationSystemApplication using Java 11.0.11 on LAPTOP-855P8Q1E with PID 11416 (E:\github download\BridgeLabz_SpringBoot_InsuranceManagementSystem\InsuranceRegistrationSystem\target\classes started by Immanuvel Jeeva in E:\github download\BridgeLabz_SpringBoot_InsuranceManagementSystem\InsuranceRegistrationSystem)
2022-03-03 22:26:01,547 DEBUG org.springframework.boot.StartupInfoLogger [restartedMain] Running with Spring Boot v2.6.3, Spring v5.3.15
2022-03-03 22:26:01,547 INFO org.springframework.boot.SpringApplication [restartedMain] No active profile set, falling back to default profiles: default
2022-03-03 22:26:01,594 INFO org.springframework.boot.logging.DeferredLog [restartedMain] Devtools property defaults active! Set 'spring.devtools.add-properties' to 'false' to disable
2022-03-03 22:26:01,594 INFO org.springframework.boot.logging.DeferredLog [restartedMain] For additional web related logging consider setting the 'logging.level.web' property to 'DEBUG'
2022-03-03 22:26:02,637 INFO org.springframework.data.repository.config.RepositoryConfigurationDelegate [restartedMain] Multiple Spring Data modules found, entering strict repository configuration mode!
2022-03-03 22:26:02,638 INFO org.springframework.data.repository.config.RepositoryConfigurationDelegate [restartedMain] Bootstrapping Spring Data JPA repositories in DEFAULT mode.
2022-03-03 22:26:02,744 INFO org.springframework.data.repository.config.RepositoryConfigurationDelegate [restartedMain] Finished Spring Data repository scanning in 90 ms. Found 4 JPA repository interfaces.
2022-03-03 22:26:02,792 INFO org.springframework.data.repository.config.RepositoryConfigurationDelegate [restartedMain] Multiple Spring Data modules found, entering strict repository configuration mode!
2022-03-03 22:26:02,793 INFO org.springframework.data.repository.config.RepositoryConfigurationDelegate [restartedMain] Bootstrapping Spring Data MongoDB repositories in DEFAULT mode.
2022-03-03 22:26:02,808 INFO org.springframework.data.repository.config.RepositoryConfigurationDelegate [restartedMain] Finished Spring Data repository scanning in 15 ms. Found 4 MongoDB repository interfaces.
2022-03-03 22:26:03,482 INFO org.springframework.boot.web.embedded.tomcat.TomcatWebServer [restartedMain] Tomcat initialized with port(s): 8080 (http)
2022-03-03 22:26:03,490 INFO org.apache.juli.logging.DirectJDKLog [restartedMain] Initializing ProtocolHandler ["http-nio-8080"]
2022-03-03 22:26:03,491 INFO org.apache.juli.logging.DirectJDKLog [restartedMain] Starting service [Tomcat]
2022-03-03 22:26:03,491 INFO org.apache.juli.logging.DirectJDKLog [restartedMain] Starting Servlet engine: [Apache Tomcat/9.0.56]
2022-03-03 22:26:03,592 INFO org.apache.juli.logging.DirectJDKLog [restartedMain] Initializing Spring embedded WebApplicationContext
2022-03-03 22:26:03,592 INFO org.springframework.boot.web.servlet.context.ServletWebServerApplicationContext [restartedMain] Root WebApplicationContext: initialization completed in 1997 ms
2022-03-03 22:26:03,630 INFO com.zaxxer.hikari.HikariDataSource [restartedMain] HikariPool-1 - Starting...
2022-03-03 22:26:03,718 INFO com.zaxxer.hikari.HikariDataSource [restartedMain] HikariPool-1 - Start completed.
2022-03-03 22:26:03,727 INFO org.springframework.boot.autoconfigure.h2.H2ConsoleAutoConfiguration [restartedMain] H2 console available at '/h2-console'. Database available at 'jdbc:h2:mem:0cc4ba6e-79fa-49de-90e2-021a2e753928'
2022-03-03 22:26:03,836 INFO com.mongodb.diagnostics.logging.SLF4JLogger [restartedMain] Cluster created with settings {hosts=[localhost:27017], mode=SINGLE, requiredClusterType=UNKNOWN, serverSelectionTimeout='30000 ms'}
2022-03-03 22:26:03,888 INFO com.mongodb.diagnostics.logging.SLF4JLogger [cluster-rtt-ClusterId{value='6220f323575c0532f4eeb219', description='null'}-localhost:27017] Opened connection [connectionId{localValue:1, serverValue:413}] to localhost:27017
2022-03-03 22:26:03,888 INFO com.mongodb.diagnostics.logging.SLF4JLogger [cluster-ClusterId{value='6220f323575c0532f4eeb219', description='null'}-localhost:27017] Opened connection [connectionId{localValue:2, serverValue:414}] to localhost:27017
2022-03-03 22:26:03,888 INFO com.mongodb.diagnostics.logging.SLF4JLogger [cluster-ClusterId{value='6220f323575c0532f4eeb219', description='null'}-localhost:27017] Monitor thread successfully connected to server with description ServerDescription{address=localhost:27017, type=STANDALONE, state=CONNECTED, ok=true, minWireVersion=0, maxWireVersion=13, maxDocumentSize=16777216, logicalSessionTimeoutMinutes=30, roundTripTimeNanos=18431500}
2022-03-03 22:26:04,185 WARN org.springframework.boot.autoconfigure.orm.jpa.JpaBaseConfiguration$JpaWebConfiguration [restartedMain] spring.jpa.open-in-view is enabled by default. Therefore, database queries may be performed during view rendering. Explicitly configure spring.jpa.open-in-view to disable this warning
2022-03-03 22:26:04,260 INFO org.hibernate.jpa.internal.util.LogHelper [restartedMain] HHH000204: Processing PersistenceUnitInfo [name: default]
2022-03-03 22:26:04,315 INFO org.hibernate.Version [restartedMain] HHH000412: Hibernate ORM core version 5.6.4.Final
2022-03-03 22:26:04,468 INFO org.hibernate.annotations.common.reflection.java.JavaReflectionManager [restartedMain] HCANN000001: Hibernate Commons Annotations {5.1.2.Final}
2022-03-03 22:26:04,584 INFO org.hibernate.dialect.Dialect [restartedMain] HHH000400: Using dialect: org.hibernate.dialect.H2Dialect
2022-03-03 22:26:05,162 INFO org.hibernate.engine.transaction.jta.platform.internal.JtaPlatformInitiator [restartedMain] HHH000490: Using JtaPlatform implementation: [org.hibernate.engine.transaction.jta.platform.internal.NoJtaPlatform]
2022-03-03 22:26:05,169 INFO org.springframework.orm.jpa.AbstractEntityManagerFactoryBean [restartedMain] Initialized JPA EntityManagerFactory for persistence unit 'default'
2022-03-03 22:26:05,336 DEBUG org.springframework.web.filter.GenericFilterBean [restartedMain] Filter 'jwtRequestFilter' configured for use
2022-03-03 22:26:05,378 INFO org.springframework.boot.devtools.autoconfigure.OptionalLiveReloadServer [restartedMain] LiveReload server is running on port 35729
2022-03-03 22:26:05,694 INFO org.springframework.security.web.DefaultSecurityFilterChain [restartedMain] Will secure any request with [org.springframework.security.web.context.request.async.WebAsyncManagerIntegrationFilter@194a7621, org.springframework.security.web.context.SecurityContextPersistenceFilter@6c64c7db, org.springframework.security.web.header.HeaderWriterFilter@58f2ad16, org.springframework.web.filter.CorsFilter@c62365c, org.springframework.security.web.authentication.logout.LogoutFilter@637a15e1, com.example.insuranceregistrationsystem.config.JwtRequestFilter@7091ad5c, org.springframework.security.web.savedrequest.RequestCacheAwareFilter@65791883, org.springframework.security.web.servletapi.SecurityContextHolderAwareRequestFilter@2e3d173a, org.springframework.security.web.authentication.AnonymousAuthenticationFilter@762bc3a, org.springframework.security.web.session.SessionManagementFilter@1d526559, org.springframework.security.web.access.ExceptionTranslationFilter@5eedb316, org.springframework.security.web.access.intercept.FilterSecurityInterceptor@17add4]
2022-03-03 22:26:05,997 INFO org.apache.juli.logging.DirectJDKLog [restartedMain] Starting ProtocolHandler ["http-nio-8080"]
2022-03-03 22:26:06,013 INFO org.springframework.boot.web.embedded.tomcat.TomcatWebServer [restartedMain] Tomcat started on port(s): 8080 (http) with context path ''
2022-03-03 22:26:06,025 INFO org.springframework.boot.StartupInfoLogger [restartedMain] Started InsuranceRegistrationSystemApplication in 4.994 seconds (JVM running for 6.486)
2022-03-03 22:26:36,814 INFO org.apache.juli.logging.DirectJDKLog [http-nio-8080-exec-1] Initializing Spring DispatcherServlet 'dispatcherServlet'
2022-03-03 22:26:36,815 INFO org.springframework.web.servlet.FrameworkServlet [http-nio-8080-exec-1] Initializing Servlet 'dispatcherServlet'
2022-03-03 22:26:36,817 INFO org.springframework.web.servlet.FrameworkServlet [http-nio-8080-exec-1] Completed initialization in 2 ms
2022-03-03 22:26:36,867 WARN com.example.insuranceregistrationsystem.config.JwtRequestFilter [http-nio-8080-exec-1] JWT Token does not begin with Bearer String
2022-03-03 22:26:37,165 INFO com.mongodb.diagnostics.logging.SLF4JLogger [http-nio-8080-exec-1] Opened connection [connectionId{localValue:3, serverValue:417}] to localhost:27017
2022-03-03 22:27:03,700 WARN com.example.insuranceregistrationsystem.config.JwtRequestFilter [http-nio-8080-exec-3] JWT Token does not begin with Bearer String
2022-03-03 22:27:04,048 WARN com.example.insuranceregistrationsystem.config.JwtRequestFilter [http-nio-8080-exec-4] JWT Token does not begin with Bearer String
2022-03-03 22:27:41,707 INFO org.springframework.orm.jpa.AbstractEntityManagerFactoryBean [SpringApplicationShutdownHook] Closing JPA EntityManagerFactory for persistence unit 'default'
2022-03-03 22:27:41,708 INFO org.hibernate.tool.schema.internal.SchemaDropperImpl$DelayedDropActionImpl [SpringApplicationShutdownHook] HHH000477: Starting delayed evictData of schema as part of SessionFactory shut-down'
2022-03-03 22:27:41,978 WARN org.springframework.beans.factory.support.DisposableBeanAdapter [SpringApplicationShutdownHook] Invocation of destroy method failed on bean with name 'inMemoryDatabaseShutdownExecutor': org.h2.jdbc.JdbcSQLNonTransientConnectionException: Database is already closed (to disable automatic closing at VM shutdown, add ";DB_CLOSE_ON_EXIT=FALSE" to the db URL) [90121-200]
2022-03-03 22:27:41,993 INFO com.zaxxer.hikari.HikariDataSource [SpringApplicationShutdownHook] HikariPool-1 - Shutdown initiated...
2022-03-03 22:27:42,002 INFO com.zaxxer.hikari.HikariDataSource [SpringApplicationShutdownHook] HikariPool-1 - Shutdown completed.
2022-03-03 22:28:21,031 INFO org.hibernate.validator.internal.util.Version [background-preinit] HV000001: Hibernate Validator 6.2.0.Final
2022-03-03 22:28:21,061 INFO org.springframework.boot.StartupInfoLogger [restartedMain] Starting InsuranceRegistrationSystemApplication using Java 11.0.11 on LAPTOP-855P8Q1E with PID 11064 (E:\github download\BridgeLabz_SpringBoot_InsuranceManagementSystem\InsuranceRegistrationSystem\target\classes started by Immanuvel Jeeva in E:\github download\BridgeLabz_SpringBoot_InsuranceManagementSystem\InsuranceRegistrationSystem)
2022-03-03 22:28:21,063 DEBUG org.springframework.boot.StartupInfoLogger [restartedMain] Running with Spring Boot v2.6.3, Spring v5.3.15
2022-03-03 22:28:21,064 INFO org.springframework.boot.SpringApplication [restartedMain] No active profile set, falling back to default profiles: default
2022-03-03 22:28:21,117 INFO org.springframework.boot.logging.DeferredLog [restartedMain] Devtools property defaults active! Set 'spring.devtools.add-properties' to 'false' to disable
2022-03-03 22:28:21,117 INFO org.springframework.boot.logging.DeferredLog [restartedMain] For additional web related logging consider setting the 'logging.level.web' property to 'DEBUG'
2022-03-03 22:28:21,908 INFO org.springframework.data.repository.config.RepositoryConfigurationDelegate [restartedMain] Multiple Spring Data modules found, entering strict repository configuration mode!
2022-03-03 22:28:21,909 INFO org.springframework.data.repository.config.RepositoryConfigurationDelegate [restartedMain] Bootstrapping Spring Data JPA repositories in DEFAULT mode.
2022-03-03 22:28:21,978 INFO org.springframework.data.repository.config.RepositoryConfigurationDelegate [restartedMain] Finished Spring Data repository scanning in 60 ms. Found 4 JPA repository interfaces.
2022-03-03 22:28:22,003 INFO org.springframework.data.repository.config.RepositoryConfigurationDelegate [restartedMain] Multiple Spring Data modules found, entering strict repository configuration mode!
2022-03-03 22:28:22,004 INFO org.springframework.data.repository.config.RepositoryConfigurationDelegate [restartedMain] Bootstrapping Spring Data MongoDB repositories in DEFAULT mode.
2022-03-03 22:28:22,014 INFO org.springframework.data.repository.config.RepositoryConfigurationDelegate [restartedMain] Finished Spring Data repository scanning in 10 ms. Found 4 MongoDB repository interfaces.
2022-03-03 22:28:22,620 INFO org.springframework.boot.web.embedded.tomcat.TomcatWebServer [restartedMain] Tomcat initialized with port(s): 8080 (http)
2022-03-03 22:28:22,628 INFO org.apache.juli.logging.DirectJDKLog [restartedMain] Initializing ProtocolHandler ["http-nio-8080"]
2022-03-03 22:28:22,629 INFO org.apache.juli.logging.DirectJDKLog [restartedMain] Starting service [Tomcat]
2022-03-03 22:28:22,629 INFO org.apache.juli.logging.DirectJDKLog [restartedMain] Starting Servlet engine: [Apache Tomcat/9.0.56]
2022-03-03 22:28:22,706 INFO org.apache.juli.logging.DirectJDKLog [restartedMain] Initializing Spring embedded WebApplicationContext
2022-03-03 22:28:22,706 INFO org.springframework.boot.web.servlet.context.ServletWebServerApplicationContext [restartedMain] Root WebApplicationContext: initialization completed in 1588 ms
2022-03-03 22:28:22,738 INFO com.zaxxer.hikari.HikariDataSource [restartedMain] HikariPool-1 - Starting...
2022-03-03 22:28:22,841 INFO com.zaxxer.hikari.HikariDataSource [restartedMain] HikariPool-1 - Start completed.
2022-03-03 22:28:22,851 INFO org.springframework.boot.autoconfigure.h2.H2ConsoleAutoConfiguration [restartedMain] H2 console available at '/h2-console'. Database available at 'jdbc:h2:mem:054a5a67-9c5e-4bad-9994-3ccd6dafcd64'
2022-03-03 22:28:22,967 INFO com.mongodb.diagnostics.logging.SLF4JLogger [restartedMain] Cluster created with settings {hosts=[localhost:27017], mode=SINGLE, requiredClusterType=UNKNOWN, serverSelectionTimeout='30000 ms'}
2022-03-03 22:28:23,016 INFO com.mongodb.diagnostics.logging.SLF4JLogger [cluster-ClusterId{value='6220f3ae268d783c6c3ea85c', description='null'}-localhost:27017] Opened connection [connectionId{localValue:2, serverValue:418}] to localhost:27017
2022-03-03 22:28:23,016 INFO com.mongodb.diagnostics.logging.SLF4JLogger [cluster-rtt-ClusterId{value='6220f3ae268d783c6c3ea85c', description='null'}-localhost:27017] Opened connection [connectionId{localValue:1, serverValue:419}] to localhost:27017
2022-03-03 22:28:23,017 INFO com.mongodb.diagnostics.logging.SLF4JLogger [cluster-ClusterId{value='6220f3ae268d783c6c3ea85c', description='null'}-localhost:27017] Monitor thread successfully connected to server with description ServerDescription{address=localhost:27017, type=STANDALONE, state=CONNECTED, ok=true, minWireVersion=0, maxWireVersion=13, maxDocumentSize=16777216, logicalSessionTimeoutMinutes=30, roundTripTimeNanos=17979600}
2022-03-03 22:28:23,280 WARN org.springframework.boot.autoconfigure.orm.jpa.JpaBaseConfiguration$JpaWebConfiguration [restartedMain] spring.jpa.open-in-view is enabled by default. Therefore, database queries may be performed during view rendering. Explicitly configure spring.jpa.open-in-view to disable this warning
2022-03-03 22:28:23,343 INFO org.hibernate.jpa.internal.util.LogHelper [restartedMain] HHH000204: Processing PersistenceUnitInfo [name: default]
2022-03-03 22:28:23,388 INFO org.hibernate.Version [restartedMain] HHH000412: Hibernate ORM core version 5.6.4.Final
2022-03-03 22:28:23,511 INFO org.hibernate.annotations.common.reflection.java.JavaReflectionManager [restartedMain] HCANN000001: Hibernate Commons Annotations {5.1.2.Final}
2022-03-03 22:28:23,637 INFO org.hibernate.dialect.Dialect [restartedMain] HHH000400: Using dialect: org.hibernate.dialect.H2Dialect
2022-03-03 22:28:24,240 INFO org.hibernate.engine.transaction.jta.platform.internal.JtaPlatformInitiator [restartedMain] HHH000490: Using JtaPlatform implementation: [org.hibernate.engine.transaction.jta.platform.internal.NoJtaPlatform]
2022-03-03 22:28:24,248 INFO org.springframework.orm.jpa.AbstractEntityManagerFactoryBean [restartedMain] Initialized JPA EntityManagerFactory for persistence unit 'default'
2022-03-03 22:28:24,419 DEBUG org.springframework.web.filter.GenericFilterBean [restartedMain] Filter 'jwtRequestFilter' configured for use
2022-03-03 22:28:24,463 INFO org.springframework.boot.devtools.autoconfigure.OptionalLiveReloadServer [restartedMain] LiveReload server is running on port 35729
2022-03-03 22:28:24,762 INFO org.springframework.security.web.DefaultSecurityFilterChain [restartedMain] Will secure any request with [org.springframework.security.web.context.request.async.WebAsyncManagerIntegrationFilter@4c071571, org.springframework.security.web.context.SecurityContextPersistenceFilter@493ed6ba, org.springframework.security.web.header.HeaderWriterFilter@5f49cb4, org.springframework.web.filter.CorsFilter@22e95b3e, org.springframework.security.web.authentication.logout.LogoutFilter@69e63d95, com.example.insuranceregistrationsystem.config.JwtRequestFilter@2b19c2bf, org.springframework.security.web.savedrequest.RequestCacheAwareFilter@54f37275, org.springframework.security.web.servletapi.SecurityContextHolderAwareRequestFilter@bffd903, org.springframework.security.web.authentication.AnonymousAuthenticationFilter@5dc820dd, org.springframework.security.web.session.SessionManagementFilter@30f59129, org.springframework.security.web.access.ExceptionTranslationFilter@54f2a3e8, org.springframework.security.web.access.intercept.FilterSecurityInterceptor@3fdb1252]
2022-03-03 22:28:25,059 INFO org.apache.juli.logging.DirectJDKLog [restartedMain] Starting ProtocolHandler ["http-nio-8080"]
2022-03-03 22:28:25,074 INFO org.springframework.boot.web.embedded.tomcat.TomcatWebServer [restartedMain] Tomcat started on port(s): 8080 (http) with context path ''
2022-03-03 22:28:25,086 INFO org.springframework.boot.StartupInfoLogger [restartedMain] Started InsuranceRegistrationSystemApplication in 4.427 seconds (JVM running for 5.849)
2022-03-03 22:28:55,048 INFO org.apache.juli.logging.DirectJDKLog [http-nio-8080-exec-1] Initializing Spring DispatcherServlet 'dispatcherServlet'
2022-03-03 22:28:55,048 INFO org.springframework.web.servlet.FrameworkServlet [http-nio-8080-exec-1] Initializing Servlet 'dispatcherServlet'
2022-03-03 22:28:55,050 INFO org.springframework.web.servlet.FrameworkServlet [http-nio-8080-exec-1] Completed initialization in 2 ms
2022-03-03 22:28:55,103 WARN com.example.insuranceregistrationsystem.config.JwtRequestFilter [http-nio-8080-exec-1] JWT Token does not begin with Bearer String
2022-03-03 22:28:55,415 INFO com.mongodb.diagnostics.logging.SLF4JLogger [http-nio-8080-exec-1] Opened connection [connectionId{localValue:3, serverValue:421}] to localhost:27017
2022-03-03 22:29:20,954 INFO org.springframework.orm.jpa.AbstractEntityManagerFactoryBean [SpringApplicationShutdownHook] Closing JPA EntityManagerFactory for persistence unit 'default'
2022-03-03 22:29:20,955 INFO org.hibernate.tool.schema.internal.SchemaDropperImpl$DelayedDropActionImpl [SpringApplicationShutdownHook] HHH000477: Starting delayed evictData of schema as part of SessionFactory shut-down'
2022-03-03 22:29:21,215 WARN org.springframework.beans.factory.support.DisposableBeanAdapter [SpringApplicationShutdownHook] Invocation of destroy method failed on bean with name 'inMemoryDatabaseShutdownExecutor': org.h2.jdbc.JdbcSQLNonTransientConnectionException: Database is already closed (to disable automatic closing at VM shutdown, add ";DB_CLOSE_ON_EXIT=FALSE" to the db URL) [90121-200]
2022-03-03 22:29:21,225 INFO com.zaxxer.hikari.HikariDataSource [SpringApplicationShutdownHook] HikariPool-1 - Shutdown initiated...
2022-03-03 22:29:21,232 INFO com.zaxxer.hikari.HikariDataSource [SpringApplicationShutdownHook] HikariPool-1 - Shutdown completed.
2022-03-03 22:29:31,141 INFO org.hibernate.validator.internal.util.Version [background-preinit] HV000001: Hibernate Validator 6.2.0.Final
2022-03-03 22:29:31,165 INFO org.springframework.boot.StartupInfoLogger [restartedMain] Starting InsuranceRegistrationSystemApplication using Java 11.0.11 on LAPTOP-855P8Q1E with PID 13776 (E:\github download\BridgeLabz_SpringBoot_InsuranceManagementSystem\InsuranceRegistrationSystem\target\classes started by Immanuvel Jeeva in E:\github download\BridgeLabz_SpringBoot_InsuranceManagementSystem\InsuranceRegistrationSystem)
2022-03-03 22:29:31,167 DEBUG org.springframework.boot.StartupInfoLogger [restartedMain] Running with Spring Boot v2.6.3, Spring v5.3.15
2022-03-03 22:29:31,167 INFO org.springframework.boot.SpringApplication [restartedMain] No active profile set, falling back to default profiles: default
2022-03-03 22:29:31,223 INFO org.springframework.boot.logging.DeferredLog [restartedMain] Devtools property defaults active! Set 'spring.devtools.add-properties' to 'false' to disable
2022-03-03 22:29:31,223 INFO org.springframework.boot.logging.DeferredLog [restartedMain] For additional web related logging consider setting the 'logging.level.web' property to 'DEBUG'
2022-03-03 22:29:32,070 INFO org.springframework.data.repository.config.RepositoryConfigurationDelegate [restartedMain] Multiple Spring Data modules found, entering strict repository configuration mode!
2022-03-03 22:29:32,071 INFO org.springframework.data.repository.config.RepositoryConfigurationDelegate [restartedMain] Bootstrapping Spring Data JPA repositories in DEFAULT mode.
2022-03-03 22:29:32,148 INFO org.springframework.data.repository.config.RepositoryConfigurationDelegate [restartedMain] Finished Spring Data repository scanning in 67 ms. Found 4 JPA repository interfaces.
2022-03-03 22:29:32,177 INFO org.springframework.data.repository.config.RepositoryConfigurationDelegate [restartedMain] Multiple Spring Data modules found, entering strict repository configuration mode!
2022-03-03 22:29:32,178 INFO org.springframework.data.repository.config.RepositoryConfigurationDelegate [restartedMain] Bootstrapping Spring Data MongoDB repositories in DEFAULT mode.
2022-03-03 22:29:32,187 INFO org.springframework.data.repository.config.RepositoryConfigurationDelegate [restartedMain] Finished Spring Data repository scanning in 8 ms. Found 4 MongoDB repository interfaces.
2022-03-03 22:29:32,918 INFO org.springframework.boot.web.embedded.tomcat.TomcatWebServer [restartedMain] Tomcat initialized with port(s): 8080 (http)
2022-03-03 22:29:32,928 INFO org.apache.juli.logging.DirectJDKLog [restartedMain] Initializing ProtocolHandler ["http-nio-8080"]
2022-03-03 22:29:32,929 INFO org.apache.juli.logging.DirectJDKLog [restartedMain] Starting service [Tomcat]
2022-03-03 22:29:32,929 INFO org.apache.juli.logging.DirectJDKLog [restartedMain] Starting Servlet engine: [Apache Tomcat/9.0.56]
2022-03-03 22:29:33,020 INFO org.apache.juli.logging.DirectJDKLog [restartedMain] Initializing Spring embedded WebApplicationContext
2022-03-03 22:29:33,020 INFO org.springframework.boot.web.servlet.context.ServletWebServerApplicationContext [restartedMain] Root WebApplicationContext: initialization completed in 1796 ms
2022-03-03 22:29:33,056 INFO com.zaxxer.hikari.HikariDataSource [restartedMain] HikariPool-1 - Starting...
2022-03-03 22:29:33,181 INFO com.zaxxer.hikari.HikariDataSource [restartedMain] HikariPool-1 - Start completed.
2022-03-03 22:29:33,192 INFO org.springframework.boot.autoconfigure.h2.H2ConsoleAutoConfiguration [restartedMain] H2 console available at '/h2-console'. Database available at 'jdbc:h2:mem:da4285d8-c82a-435b-a12f-df7ff6b05f99'
2022-03-03 22:29:34,068 INFO com.mongodb.diagnostics.logging.SLF4JLogger [restartedMain] Cluster created with settings {hosts=[localhost:27017], mode=SINGLE, requiredClusterType=UNKNOWN, serverSelectionTimeout='30000 ms'}
2022-03-03 22:29:34,330 INFO com.mongodb.diagnostics.logging.SLF4JLogger [cluster-ClusterId{value='6220f3f60311086395b86eea', description='null'}-localhost:27017] Opened connection [connectionId{localValue:2, serverValue:422}] to localhost:27017
2022-03-03 22:29:34,330 INFO com.mongodb.diagnostics.logging.SLF4JLogger [cluster-rtt-ClusterId{value='6220f3f60311086395b86eea', description='null'}-localhost:27017] Opened connection [connectionId{localValue:1, serverValue:423}] to localhost:27017
2022-03-03 22:29:34,330 INFO com.mongodb.diagnostics.logging.SLF4JLogger [cluster-ClusterId{value='6220f3f60311086395b86eea', description='null'}-localhost:27017] Monitor thread successfully connected to server with description ServerDescription{address=localhost:27017, type=STANDALONE, state=CONNECTED, ok=true, minWireVersion=0, maxWireVersion=13, maxDocumentSize=16777216, logicalSessionTimeoutMinutes=30, roundTripTimeNanos=71055600}
2022-03-03 22:29:35,191 WARN org.springframework.boot.autoconfigure.orm.jpa.JpaBaseConfiguration$JpaWebConfiguration [restartedMain] spring.jpa.open-in-view is enabled by default. Therefore, database queries may be performed during view rendering. Explicitly configure spring.jpa.open-in-view to disable this warning
2022-03-03 22:29:35,343 INFO org.hibernate.jpa.internal.util.LogHelper [restartedMain] HHH000204: Processing PersistenceUnitInfo [name: default]
2022-03-03 22:29:35,464 INFO org.hibernate.Version [restartedMain] HHH000412: Hibernate ORM core version 5.6.4.Final
2022-03-03 22:29:35,901 INFO org.hibernate.annotations.common.reflection.java.JavaReflectionManager [restartedMain] HCANN000001: Hibernate Commons Annotations {5.1.2.Final}
2022-03-03 22:29:36,271 INFO org.hibernate.dialect.Dialect [restartedMain] HHH000400: Using dialect: org.hibernate.dialect.H2Dialect
2022-03-03 22:29:37,996 INFO org.hibernate.engine.transaction.jta.platform.internal.JtaPlatformInitiator [restartedMain] HHH000490: Using JtaPlatform implementation: [org.hibernate.engine.transaction.jta.platform.internal.NoJtaPlatform]
2022-03-03 22:29:38,029 INFO org.springframework.orm.jpa.AbstractEntityManagerFactoryBean [restartedMain] Initialized JPA EntityManagerFactory for persistence unit 'default'
2022-03-03 22:29:39,317 DEBUG org.springframework.web.filter.GenericFilterBean [restartedMain] Filter 'jwtRequestFilter' configured for use
2022-03-03 22:29:40,051 INFO org.springframework.boot.devtools.autoconfigure.OptionalLiveReloadServer [restartedMain] LiveReload server is running on port 35729
2022-03-03 22:29:46,296 INFO org.springframework.security.web.DefaultSecurityFilterChain [restartedMain] Will secure any request with [org.springframework.security.web.context.request.async.WebAsyncManagerIntegrationFilter@6383ab7f, org.springframework.security.web.context.SecurityContextPersistenceFilter@359aeeb5, org.springframework.security.web.header.HeaderWriterFilter@6f145300, org.springframework.web.filter.CorsFilter@115d9f6e, org.springframework.security.web.authentication.logout.LogoutFilter@31242413, com.example.insuranceregistrationsystem.config.JwtRequestFilter@36bafb02, org.springframework.security.web.savedrequest.RequestCacheAwareFilter@4c3c5c97, org.springframework.security.web.servletapi.SecurityContextHolderAwareRequestFilter@1a4c9b5f, org.springframework.security.web.authentication.AnonymousAuthenticationFilter@493e6949, org.springframework.security.web.session.SessionManagementFilter@d49f13e, org.springframework.security.web.access.ExceptionTranslationFilter@36f54bc7, org.springframework.security.web.access.intercept.FilterSecurityInterceptor@efa6d22]
2022-03-03 22:29:51,634 INFO org.apache.juli.logging.DirectJDKLog [restartedMain] Starting ProtocolHandler ["http-nio-8080"]
2022-03-03 22:29:51,774 INFO org.springframework.boot.web.embedded.tomcat.TomcatWebServer [restartedMain] Tomcat started on port(s): 8080 (http) with context path ''
2022-03-03 22:29:51,947 INFO org.springframework.boot.StartupInfoLogger [restartedMain] Started InsuranceRegistrationSystemApplication in 21.271 seconds (JVM running for 24.035)
2022-03-03 22:30:00,285 INFO org.apache.juli.logging.DirectJDKLog [http-nio-8080-exec-1] Initializing Spring DispatcherServlet 'dispatcherServlet'
2022-03-03 22:30:00,287 INFO org.springframework.web.servlet.FrameworkServlet [http-nio-8080-exec-1] Initializing Servlet 'dispatcherServlet'
2022-03-03 22:30:00,337 INFO org.springframework.web.servlet.FrameworkServlet [http-nio-8080-exec-1] Completed initialization in 49 ms
2022-03-03 22:30:05,970 WARN com.example.insuranceregistrationsystem.config.JwtRequestFilter [http-nio-8080-exec-1] JWT Token does not begin with Bearer String
2022-03-03 22:30:38,086 INFO com.mongodb.diagnostics.logging.SLF4JLogger [http-nio-8080-exec-1] Opened connection [connectionId{localValue:3, serverValue:424}] to localhost:27017
2022-03-03 22:30:55,040 WARN com.example.insuranceregistrationsystem.config.JwtRequestFilter [http-nio-8080-exec-2] JWT Token does not begin with Bearer String
2022-03-03 22:39:47,588 INFO org.springframework.orm.jpa.AbstractEntityManagerFactoryBean [SpringApplicationShutdownHook] Closing JPA EntityManagerFactory for persistence unit 'default'
2022-03-03 22:39:47,589 INFO org.hibernate.tool.schema.internal.SchemaDropperImpl$DelayedDropActionImpl [SpringApplicationShutdownHook] HHH000477: Starting delayed evictData of schema as part of SessionFactory shut-down'
2022-03-03 22:39:47,858 WARN org.springframework.beans.factory.support.DisposableBeanAdapter [SpringApplicationShutdownHook] Invocation of destroy method failed on bean with name 'inMemoryDatabaseShutdownExecutor': org.h2.jdbc.JdbcSQLNonTransientConnectionException: Database is already closed (to disable automatic closing at VM shutdown, add ";DB_CLOSE_ON_EXIT=FALSE" to the db URL) [90121-200]
2022-03-03 22:39:47,868 INFO com.zaxxer.hikari.HikariDataSource [SpringApplicationShutdownHook] HikariPool-1 - Shutdown initiated...
2022-03-03 22:39:47,874 INFO com.zaxxer.hikari.HikariDataSource [SpringApplicationShutdownHook] HikariPool-1 - Shutdown completed.
2022-03-03 22:39:57,085 INFO org.hibernate.validator.internal.util.Version [background-preinit] HV000001: Hibernate Validator 6.2.0.Final
2022-03-03 22:39:57,095 INFO org.springframework.boot.StartupInfoLogger [restartedMain] Starting InsuranceRegistrationSystemApplication using Java 11.0.11 on LAPTOP-855P8Q1E with PID 19308 (E:\github download\BridgeLabz_SpringBoot_InsuranceManagementSystem\InsuranceRegistrationSystem\target\classes started by Immanuvel Jeeva in E:\github download\BridgeLabz_SpringBoot_InsuranceManagementSystem\InsuranceRegistrationSystem)
2022-03-03 22:39:57,096 DEBUG org.springframework.boot.StartupInfoLogger [restartedMain] Running with Spring Boot v2.6.3, Spring v5.3.15
2022-03-03 22:39:57,097 INFO org.springframework.boot.SpringApplication [restartedMain] No active profile set, falling back to default profiles: default
2022-03-03 22:39:57,131 INFO org.springframework.boot.logging.DeferredLog [restartedMain] Devtools property defaults active! Set 'spring.devtools.add-properties' to 'false' to disable
2022-03-03 22:39:57,131 INFO org.springframework.boot.logging.DeferredLog [restartedMain] For additional web related logging consider setting the 'logging.level.web' property to 'DEBUG'
2022-03-03 22:39:57,777 INFO org.springframework.data.repository.config.RepositoryConfigurationDelegate [restartedMain] Multiple Spring Data modules found, entering strict repository configuration mode!
2022-03-03 22:39:57,777 INFO org.springframework.data.repository.config.RepositoryConfigurationDelegate [restartedMain] Bootstrapping Spring Data JPA repositories in DEFAULT mode.
2022-03-03 22:39:57,838 INFO org.springframework.data.repository.config.RepositoryConfigurationDelegate [restartedMain] Finished Spring Data repository scanning in 53 ms. Found 4 JPA repository interfaces.
2022-03-03 22:39:57,864 INFO org.springframework.data.repository.config.RepositoryConfigurationDelegate [restartedMain] Multiple Spring Data modules found, entering strict repository configuration mode!
2022-03-03 22:39:57,865 INFO org.springframework.data.repository.config.RepositoryConfigurationDelegate [restartedMain] Bootstrapping Spring Data MongoDB repositories in DEFAULT mode.
2022-03-03 22:39:57,874 INFO org.springframework.data.repository.config.RepositoryConfigurationDelegate [restartedMain] Finished Spring Data repository scanning in 8 ms. Found 4 MongoDB repository interfaces.
2022-03-03 22:39:58,491 INFO org.springframework.boot.web.embedded.tomcat.TomcatWebServer [restartedMain] Tomcat initialized with port(s): 8080 (http)
2022-03-03 22:39:58,499 INFO org.apache.juli.logging.DirectJDKLog [restartedMain] Initializing ProtocolHandler ["http-nio-8080"]
2022-03-03 22:39:58,499 INFO org.apache.juli.logging.DirectJDKLog [restartedMain] Starting service [Tomcat]
2022-03-03 22:39:58,500 INFO org.apache.juli.logging.DirectJDKLog [restartedMain] Starting Servlet engine: [Apache Tomcat/9.0.56]
2022-03-03 22:39:58,585 INFO org.apache.juli.logging.DirectJDKLog [restartedMain] Initializing Spring embedded WebApplicationContext
2022-03-03 22:39:58,587 INFO org.springframework.boot.web.servlet.context.ServletWebServerApplicationContext [restartedMain] Root WebApplicationContext: initialization completed in 1455 ms
2022-03-03 22:39:58,618 INFO com.zaxxer.hikari.HikariDataSource [restartedMain] HikariPool-1 - Starting...
2022-03-03 22:39:58,703 INFO com.zaxxer.hikari.HikariDataSource [restartedMain] HikariPool-1 - Start completed.
2022-03-03 22:39:58,713 INFO org.springframework.boot.autoconfigure.h2.H2ConsoleAutoConfiguration [restartedMain] H2 console available at '/h2-console'. Database available at 'jdbc:h2:mem:6dd75114-8a91-4415-910a-8cd362e6fb63'
2022-03-03 22:39:58,813 INFO com.mongodb.diagnostics.logging.SLF4JLogger [restartedMain] Cluster created with settings {hosts=[localhost:27017], mode=SINGLE, requiredClusterType=UNKNOWN, serverSelectionTimeout='30000 ms'}
2022-03-03 22:39:58,860 INFO com.mongodb.diagnostics.logging.SLF4JLogger [cluster-ClusterId{value='6220f6666942bf5931f0d6b6', description='null'}-localhost:27017] Opened connection [connectionId{localValue:1, serverValue:425}] to localhost:27017
2022-03-03 22:39:58,860 INFO com.mongodb.diagnostics.logging.SLF4JLogger [cluster-rtt-ClusterId{value='6220f6666942bf5931f0d6b6', description='null'}-localhost:27017] Opened connection [connectionId{localValue:2, serverValue:426}] to localhost:27017
2022-03-03 22:39:58,861 INFO com.mongodb.diagnostics.logging.SLF4JLogger [cluster-ClusterId{value='6220f6666942bf5931f0d6b6', description='null'}-localhost:27017] Monitor thread successfully connected to server with description ServerDescription{address=localhost:27017, type=STANDALONE, state=CONNECTED, ok=true, minWireVersion=0, maxWireVersion=13, maxDocumentSize=16777216, logicalSessionTimeoutMinutes=30, roundTripTimeNanos=15829100}
2022-03-03 22:39:59,192 WARN org.springframework.boot.autoconfigure.orm.jpa.JpaBaseConfiguration$JpaWebConfiguration [restartedMain] spring.jpa.open-in-view is enabled by default. Therefore, database queries may be performed during view rendering. Explicitly configure spring.jpa.open-in-view to disable this warning
2022-03-03 22:39:59,265 INFO org.hibernate.jpa.internal.util.LogHelper [restartedMain] HHH000204: Processing PersistenceUnitInfo [name: default]
2022-03-03 22:39:59,315 INFO org.hibernate.Version [restartedMain] HHH000412: Hibernate ORM core version 5.6.4.Final
2022-03-03 22:39:59,433 INFO org.hibernate.annotations.common.reflection.java.JavaReflectionManager [restartedMain] HCANN000001: Hibernate Commons Annotations {5.1.2.Final}
2022-03-03 22:39:59,598 INFO org.hibernate.dialect.Dialect [restartedMain] HHH000400: Using dialect: org.hibernate.dialect.H2Dialect
2022-03-03 22:40:00,215 INFO org.hibernate.engine.transaction.jta.platform.internal.JtaPlatformInitiator [restartedMain] HHH000490: Using JtaPlatform implementation: [org.hibernate.engine.transaction.jta.platform.internal.NoJtaPlatform]
2022-03-03 22:40:00,223 INFO org.springframework.orm.jpa.AbstractEntityManagerFactoryBean [restartedMain] Initialized JPA EntityManagerFactory for persistence unit 'default'
2022-03-03 22:40:00,448 DEBUG org.springframework.web.filter.GenericFilterBean [restartedMain] Filter 'jwtRequestFilter' configured for use
2022-03-03 22:40:00,495 INFO org.springframework.boot.devtools.autoconfigure.OptionalLiveReloadServer [restartedMain] LiveReload server is running on port 35729
2022-03-03 22:40:00,817 INFO org.springframework.security.web.DefaultSecurityFilterChain [restartedMain] Will secure any request with [org.springframework.security.web.context.request.async.WebAsyncManagerIntegrationFilter@5307e1a4, org.springframework.security.web.context.SecurityContextPersistenceFilter@bffd903, org.springframework.security.web.header.HeaderWriterFilter@4679ee25, org.springframework.web.filter.CorsFilter@74ad1024, org.springframework.security.web.authentication.logout.LogoutFilter@1c1e47ca, com.example.insuranceregistrationsystem.config.JwtRequestFilter@7f08020b, org.springframework.security.web.savedrequest.RequestCacheAwareFilter@35114d5e, org.springframework.security.web.servletapi.SecurityContextHolderAwareRequestFilter@670e3386, org.springframework.security.web.authentication.AnonymousAuthenticationFilter@39b18f02, org.springframework.security.web.session.SessionManagementFilter@5188ef1e, org.springframework.security.web.access.ExceptionTranslationFilter@39765c83, org.springframework.security.web.access.intercept.FilterSecurityInterceptor@4d6ffecc]
2022-03-03 22:40:01,104 INFO org.apache.juli.logging.DirectJDKLog [restartedMain] Starting ProtocolHandler ["http-nio-8080"]
2022-03-03 22:40:01,119 INFO org.springframework.boot.web.embedded.tomcat.TomcatWebServer [restartedMain] Tomcat started on port(s): 8080 (http) with context path ''
2022-03-03 22:40:01,133 INFO org.springframework.boot.StartupInfoLogger [restartedMain] Started InsuranceRegistrationSystemApplication in 4.397 seconds (JVM running for 5.539)
2022-03-03 22:41:03,779 INFO org.apache.juli.logging.DirectJDKLog [http-nio-8080-exec-1] Initializing Spring DispatcherServlet 'dispatcherServlet'
2022-03-03 22:41:03,780 INFO org.springframework.web.servlet.FrameworkServlet [http-nio-8080-exec-1] Initializing Servlet 'dispatcherServlet'
2022-03-03 22:41:03,782 INFO org.springframework.web.servlet.FrameworkServlet [http-nio-8080-exec-1] Completed initialization in 2 ms
2022-03-03 22:41:03,830 WARN com.example.insuranceregistrationsystem.config.JwtRequestFilter [http-nio-8080-exec-1] JWT Token does not begin with Bearer String
2022-03-03 22:41:04,134 INFO com.mongodb.diagnostics.logging.SLF4JLogger [http-nio-8080-exec-1] Opened connection [connectionId{localValue:3, serverValue:428}] to localhost:27017
2022-03-03 22:41:16,797 WARN com.example.insuranceregistrationsystem.config.JwtRequestFilter [http-nio-8080-exec-3] JWT Token does not begin with Bearer String
2022-03-03 22:41:17,111 WARN com.example.insuranceregistrationsystem.config.JwtRequestFilter [http-nio-8080-exec-4] JWT Token does not begin with Bearer String
2022-03-03 22:42:38,995 INFO org.springframework.orm.jpa.AbstractEntityManagerFactoryBean [SpringApplicationShutdownHook] Closing JPA EntityManagerFactory for persistence unit 'default'
2022-03-03 22:42:38,996 INFO org.hibernate.tool.schema.internal.SchemaDropperImpl$DelayedDropActionImpl [SpringApplicationShutdownHook] HHH000477: Starting delayed evictData of schema as part of SessionFactory shut-down'
2022-03-03 22:42:39,264 WARN org.springframework.beans.factory.support.DisposableBeanAdapter [SpringApplicationShutdownHook] Invocation of destroy method failed on bean with name 'inMemoryDatabaseShutdownExecutor': org.h2.jdbc.JdbcSQLNonTransientConnectionException: Database is already closed (to disable automatic closing at VM shutdown, add ";DB_CLOSE_ON_EXIT=FALSE" to the db URL) [90121-200]
2022-03-03 22:42:39,275 INFO com.zaxxer.hikari.HikariDataSource [SpringApplicationShutdownHook] HikariPool-1 - Shutdown initiated...
2022-03-03 22:42:39,283 INFO com.zaxxer.hikari.HikariDataSource [SpringApplicationShutdownHook] HikariPool-1 - Shutdown completed.
2022-03-03 22:43:32,340 INFO org.hibernate.validator.internal.util.Version [background-preinit] HV000001: Hibernate Validator 6.2.0.Final
2022-03-03 22:43:32,363 INFO org.springframework.boot.StartupInfoLogger [restartedMain] Starting InsuranceRegistrationSystemApplication using Java 11.0.11 on LAPTOP-855P8Q1E with PID 16524 (E:\github download\BridgeLabz_SpringBoot_InsuranceManagementSystem\InsuranceRegistrationSystem\target\classes started by Immanuvel Jeeva in E:\github download\BridgeLabz_SpringBoot_InsuranceManagementSystem\InsuranceRegistrationSystem)
2022-03-03 22:43:32,365 DEBUG org.springframework.boot.StartupInfoLogger [restartedMain] Running with Spring Boot v2.6.3, Spring v5.3.15
2022-03-03 22:43:32,366 INFO org.springframework.boot.SpringApplication [restartedMain] No active profile set, falling back to default profiles: default
2022-03-03 22:43:32,405 INFO org.springframework.boot.logging.DeferredLog [restartedMain] Devtools property defaults active! Set 'spring.devtools.add-properties' to 'false' to disable
2022-03-03 22:43:32,405 INFO org.springframework.boot.logging.DeferredLog [restartedMain] For additional web related logging consider setting the 'logging.level.web' property to 'DEBUG'
2022-03-03 22:43:33,095 INFO org.springframework.data.repository.config.RepositoryConfigurationDelegate [restartedMain] Multiple Spring Data modules found, entering strict repository configuration mode!
2022-03-03 22:43:33,096 INFO org.springframework.data.repository.config.RepositoryConfigurationDelegate [restartedMain] Bootstrapping Spring Data JPA repositories in DEFAULT mode.
2022-03-03 22:43:33,154 INFO org.springframework.data.repository.config.RepositoryConfigurationDelegate [restartedMain] Finished Spring Data repository scanning in 51 ms. Found 4 JPA repository interfaces.
2022-03-03 22:43:33,178 INFO org.springframework.data.repository.config.RepositoryConfigurationDelegate [restartedMain] Multiple Spring Data modules found, entering strict repository configuration mode!
2022-03-03 22:43:33,178 INFO org.springframework.data.repository.config.RepositoryConfigurationDelegate [restartedMain] Bootstrapping Spring Data MongoDB repositories in DEFAULT mode.
2022-03-03 22:43:33,187 INFO org.springframework.data.repository.config.RepositoryConfigurationDelegate [restartedMain] Finished Spring Data repository scanning in 9 ms. Found 4 MongoDB repository interfaces.
2022-03-03 22:43:33,772 INFO org.springframework.boot.web.embedded.tomcat.TomcatWebServer [restartedMain] Tomcat initialized with port(s): 8080 (http)
2022-03-03 22:43:33,779 INFO org.apache.juli.logging.DirectJDKLog [restartedMain] Initializing ProtocolHandler ["http-nio-8080"]
2022-03-03 22:43:33,779 INFO org.apache.juli.logging.DirectJDKLog [restartedMain] Starting service [Tomcat]
2022-03-03 22:43:33,780 INFO org.apache.juli.logging.DirectJDKLog [restartedMain] Starting Servlet engine: [Apache Tomcat/9.0.56]
2022-03-03 22:43:33,857 INFO org.apache.juli.logging.DirectJDKLog [restartedMain] Initializing Spring embedded WebApplicationContext
2022-03-03 22:43:33,857 INFO org.springframework.boot.web.servlet.context.ServletWebServerApplicationContext [restartedMain] Root WebApplicationContext: initialization completed in 1452 ms
2022-03-03 22:43:33,888 INFO com.zaxxer.hikari.HikariDataSource [restartedMain] HikariPool-1 - Starting...
2022-03-03 22:43:33,978 INFO com.zaxxer.hikari.HikariDataSource [restartedMain] HikariPool-1 - Start completed.
2022-03-03 22:43:33,987 INFO org.springframework.boot.autoconfigure.h2.H2ConsoleAutoConfiguration [restartedMain] H2 console available at '/h2-console'. Database available at 'jdbc:h2:mem:7679c7f0-b20b-46c2-aeff-6e394b59f8fb'
2022-03-03 22:43:34,086 INFO com.mongodb.diagnostics.logging.SLF4JLogger [restartedMain] Cluster created with settings {hosts=[localhost:27017], mode=SINGLE, requiredClusterType=UNKNOWN, serverSelectionTimeout='30000 ms'}
2022-03-03 22:43:34,133 INFO com.mongodb.diagnostics.logging.SLF4JLogger [cluster-ClusterId{value='6220f73e5753793b6199fd59', description='null'}-localhost:27017] Opened connection [connectionId{localValue:1, serverValue:429}] to localhost:27017
2022-03-03 22:43:34,133 INFO com.mongodb.diagnostics.logging.SLF4JLogger [cluster-rtt-ClusterId{value='6220f73e5753793b6199fd59', description='null'}-localhost:27017] Opened connection [connectionId{localValue:2, serverValue:430}] to localhost:27017
2022-03-03 22:43:34,134 INFO com.mongodb.diagnostics.logging.SLF4JLogger [cluster-ClusterId{value='6220f73e5753793b6199fd59', description='null'}-localhost:27017] Monitor thread successfully connected to server with description ServerDescription{address=localhost:27017, type=STANDALONE, state=CONNECTED, ok=true, minWireVersion=0, maxWireVersion=13, maxDocumentSize=16777216, logicalSessionTimeoutMinutes=30, roundTripTimeNanos=17829800}
2022-03-03 22:43:34,418 WARN org.springframework.boot.autoconfigure.orm.jpa.JpaBaseConfiguration$JpaWebConfiguration [restartedMain] spring.jpa.open-in-view is enabled by default. Therefore, database queries may be performed during view rendering. Explicitly configure spring.jpa.open-in-view to disable this warning
2022-03-03 22:43:34,481 INFO org.hibernate.jpa.internal.util.LogHelper [restartedMain] HHH000204: Processing PersistenceUnitInfo [name: default]
2022-03-03 22:43:34,559 INFO org.hibernate.Version [restartedMain] HHH000412: Hibernate ORM core version 5.6.4.Final
2022-03-03 22:43:34,731 INFO org.hibernate.annotations.common.reflection.java.JavaReflectionManager [restartedMain] HCANN000001: Hibernate Commons Annotations {5.1.2.Final}
2022-03-03 22:43:34,833 INFO org.hibernate.dialect.Dialect [restartedMain] HHH000400: Using dialect: org.hibernate.dialect.H2Dialect
2022-03-03 22:43:35,510 INFO org.hibernate.engine.transaction.jta.platform.internal.JtaPlatformInitiator [restartedMain] HHH000490: Using JtaPlatform implementation: [org.hibernate.engine.transaction.jta.platform.internal.NoJtaPlatform]
2022-03-03 22:43:35,517 INFO org.springframework.orm.jpa.AbstractEntityManagerFactoryBean [restartedMain] Initialized JPA EntityManagerFactory for persistence unit 'default'
2022-03-03 22:43:35,684 DEBUG org.springframework.web.filter.GenericFilterBean [restartedMain] Filter 'jwtRequestFilter' configured for use
2022-03-03 22:43:35,726 INFO org.springframework.boot.devtools.autoconfigure.OptionalLiveReloadServer [restartedMain] LiveReload server is running on port 35729
2022-03-03 22:43:36,016 INFO org.springframework.security.web.DefaultSecurityFilterChain [restartedMain] Will secure any request with [org.springframework.security.web.context.request.async.WebAsyncManagerIntegrationFilter@40ee1988, org.springframework.security.web.context.SecurityContextPersistenceFilter@237ba248, org.springframework.security.web.header.HeaderWriterFilter@556ad0f0, org.springframework.web.filter.CorsFilter@298e232b, org.springframework.security.web.authentication.logout.LogoutFilter@6d48bbb8, com.example.insuranceregistrationsystem.config.JwtRequestFilter@435a8f5d, org.springframework.security.web.savedrequest.RequestCacheAwareFilter@26a79dfa, org.springframework.security.web.servletapi.SecurityContextHolderAwareRequestFilter@3e54f095, org.springframework.security.web.authentication.AnonymousAuthenticationFilter@413ad732, org.springframework.security.web.session.SessionManagementFilter@76c432a1, org.springframework.security.web.access.ExceptionTranslationFilter@183d3c05, org.springframework.security.web.access.intercept.FilterSecurityInterceptor@5b5a4644]
2022-03-03 22:43:36,344 INFO org.apache.juli.logging.DirectJDKLog [restartedMain] Starting ProtocolHandler ["http-nio-8080"]
2022-03-03 22:43:36,359 INFO org.springframework.boot.web.embedded.tomcat.TomcatWebServer [restartedMain] Tomcat started on port(s): 8080 (http) with context path ''
2022-03-03 22:43:36,372 INFO org.springframework.boot.StartupInfoLogger [restartedMain] Started InsuranceRegistrationSystemApplication in 4.434 seconds (JVM running for 5.553)
2022-03-03 22:44:11,249 INFO org.apache.juli.logging.DirectJDKLog [http-nio-8080-exec-1] Initializing Spring DispatcherServlet 'dispatcherServlet'
2022-03-03 22:44:11,250 INFO org.springframework.web.servlet.FrameworkServlet [http-nio-8080-exec-1] Initializing Servlet 'dispatcherServlet'
2022-03-03 22:44:11,253 INFO org.springframework.web.servlet.FrameworkServlet [http-nio-8080-exec-1] Completed initialization in 3 ms
2022-03-03 22:44:11,307 WARN com.example.insuranceregistrationsystem.config.JwtRequestFilter [http-nio-8080-exec-1] JWT Token does not begin with Bearer String
2022-03-03 22:44:11,674 INFO com.mongodb.diagnostics.logging.SLF4JLogger [http-nio-8080-exec-1] Opened connection [connectionId{localValue:3, serverValue:432}] to localhost:27017
2022-03-03 22:44:28,943 WARN com.example.insuranceregistrationsystem.config.JwtRequestFilter [http-nio-8080-exec-3] JWT Token does not begin with Bearer String
2022-03-03 22:44:29,501 WARN com.example.insuranceregistrationsystem.config.JwtRequestFilter [http-nio-8080-exec-4] JWT Token does not begin with Bearer String
2022-03-03 22:44:43,405 WARN com.example.insuranceregistrationsystem.config.JwtRequestFilter [http-nio-8080-exec-7] JWT Token does not begin with Bearer String
2022-03-03 22:44:43,740 WARN org.springframework.web.servlet.handler.AbstractHandlerExceptionResolver [http-nio-8080-exec-7] Resolved [com.example.insuranceregistrationsystem.exception.InsuranceException: INVALID_CREDENTIALS]
2022-03-03 22:44:48,442 WARN com.example.insuranceregistrationsystem.config.JwtRequestFilter [http-nio-8080-exec-8] JWT Token does not begin with Bearer String
2022-03-03 22:44:48,580 WARN org.springframework.web.servlet.handler.AbstractHandlerExceptionResolver [http-nio-8080-exec-8] Resolved [com.example.insuranceregistrationsystem.exception.InsuranceException: INVALID_CREDENTIALS]
2022-03-03 22:45:00,670 WARN com.example.insuranceregistrationsystem.config.JwtRequestFilter [http-nio-8080-exec-9] JWT Token does not begin with Bearer String
2022-03-03 22:45:37,944 INFO org.springframework.orm.jpa.AbstractEntityManagerFactoryBean [SpringApplicationShutdownHook] Closing JPA EntityManagerFactory for persistence unit 'default'
2022-03-03 22:45:37,945 INFO org.hibernate.tool.schema.internal.SchemaDropperImpl$DelayedDropActionImpl [SpringApplicationShutdownHook] HHH000477: Starting delayed evictData of schema as part of SessionFactory shut-down'
2022-03-03 22:45:38,242 WARN org.springframework.beans.factory.support.DisposableBeanAdapter [SpringApplicationShutdownHook] Invocation of destroy method failed on bean with name 'inMemoryDatabaseShutdownExecutor': org.h2.jdbc.JdbcSQLNonTransientConnectionException: Database is already closed (to disable automatic closing at VM shutdown, add ";DB_CLOSE_ON_EXIT=FALSE" to the db URL) [90121-200]
2022-03-03 22:45:38,252 INFO com.zaxxer.hikari.HikariDataSource [SpringApplicationShutdownHook] HikariPool-1 - Shutdown initiated...
2022-03-03 22:45:38,258 INFO com.zaxxer.hikari.HikariDataSource [SpringApplicationShutdownHook] HikariPool-1 - Shutdown completed.
2022-03-03 22:48:23,146 INFO org.hibernate.validator.internal.util.Version [background-preinit] HV000001: Hibernate Validator 6.2.0.Final
2022-03-03 22:48:23,173 INFO org.springframework.boot.StartupInfoLogger [restartedMain] Starting InsuranceRegistrationSystemApplication using Java 11.0.11 on LAPTOP-855P8Q1E with PID 1992 (E:\github download\BridgeLabz_SpringBoot_InsuranceManagementSystem\InsuranceRegistrationSystem\target\classes started by Immanuvel Jeeva in E:\github download\BridgeLabz_SpringBoot_InsuranceManagementSystem\InsuranceRegistrationSystem)
2022-03-03 22:48:23,175 DEBUG org.springframework.boot.StartupInfoLogger [restartedMain] Running with Spring Boot v2.6.3, Spring v5.3.15
2022-03-03 22:48:23,175 INFO org.springframework.boot.SpringApplication [restartedMain] No active profile set, falling back to default profiles: default
2022-03-03 22:48:23,239 INFO org.springframework.boot.logging.DeferredLog [restartedMain] Devtools property defaults active! Set 'spring.devtools.add-properties' to 'false' to disable
2022-03-03 22:48:23,239 INFO org.springframework.boot.logging.DeferredLog [restartedMain] For additional web related logging consider setting the 'logging.level.web' property to 'DEBUG'
2022-03-03 22:48:24,356 INFO org.springframework.data.repository.config.RepositoryConfigurationDelegate [restartedMain] Multiple Spring Data modules found, entering strict repository configuration mode!
2022-03-03 22:48:24,357 INFO org.springframework.data.repository.config.RepositoryConfigurationDelegate [restartedMain] Bootstrapping Spring Data JPA repositories in DEFAULT mode.
2022-03-03 22:48:24,469 INFO org.springframework.data.repository.config.RepositoryConfigurationDelegate [restartedMain] Finished Spring Data repository scanning in 98 ms. Found 4 JPA repository interfaces.
2022-03-03 22:48:24,536 INFO org.springframework.data.repository.config.RepositoryConfigurationDelegate [restartedMain] Multiple Spring Data modules found, entering strict repository configuration mode!
2022-03-03 22:48:24,536 INFO org.springframework.data.repository.config.RepositoryConfigurationDelegate [restartedMain] Bootstrapping Spring Data MongoDB repositories in DEFAULT mode.
2022-03-03 22:48:24,551 INFO org.springframework.data.repository.config.RepositoryConfigurationDelegate [restartedMain] Finished Spring Data repository scanning in 14 ms. Found 4 MongoDB repository interfaces.
2022-03-03 22:48:25,361 INFO org.springframework.boot.web.embedded.tomcat.TomcatWebServer [restartedMain] Tomcat initialized with port(s): 8080 (http)
2022-03-03 22:48:25,373 INFO org.apache.juli.logging.DirectJDKLog [restartedMain] Initializing ProtocolHandler ["http-nio-8080"]
2022-03-03 22:48:25,373 INFO org.apache.juli.logging.DirectJDKLog [restartedMain] Starting service [Tomcat]
2022-03-03 22:48:25,374 INFO org.apache.juli.logging.DirectJDKLog [restartedMain] Starting Servlet engine: [Apache Tomcat/9.0.56]
2022-03-03 22:48:25,474 INFO org.apache.juli.logging.DirectJDKLog [restartedMain] Initializing Spring embedded WebApplicationContext
2022-03-03 22:48:25,475 INFO org.springframework.boot.web.servlet.context.ServletWebServerApplicationContext [restartedMain] Root WebApplicationContext: initialization completed in 2235 ms
2022-03-03 22:48:25,518 INFO com.zaxxer.hikari.HikariDataSource [restartedMain] HikariPool-1 - Starting...
2022-03-03 22:48:25,668 INFO com.zaxxer.hikari.HikariDataSource [restartedMain] HikariPool-1 - Start completed.
2022-03-03 22:48:25,680 INFO org.springframework.boot.autoconfigure.h2.H2ConsoleAutoConfiguration [restartedMain] H2 console available at '/h2-console'. Database available at 'jdbc:h2:mem:18c8d4c8-d8d5-48ee-aaa1-ce6d90494536'
2022-03-03 22:48:25,834 INFO com.mongodb.diagnostics.logging.SLF4JLogger [restartedMain] Cluster created with settings {hosts=[localhost:27017], mode=SINGLE, requiredClusterType=UNKNOWN, serverSelectionTimeout='30000 ms'}
2022-03-03 22:48:25,902 INFO com.mongodb.diagnostics.logging.SLF4JLogger [cluster-ClusterId{value='6220f861af6b1771dfdcf238', description='null'}-localhost:27017] Opened connection [connectionId{localValue:1, serverValue:435}] to localhost:27017
2022-03-03 22:48:25,902 INFO com.mongodb.diagnostics.logging.SLF4JLogger [cluster-rtt-ClusterId{value='6220f861af6b1771dfdcf238', description='null'}-localhost:27017] Opened connection [connectionId{localValue:2, serverValue:436}] to localhost:27017
2022-03-03 22:48:25,902 INFO com.mongodb.diagnostics.logging.SLF4JLogger [cluster-ClusterId{value='6220f861af6b1771dfdcf238', description='null'}-localhost:27017] Monitor thread successfully connected to server with description ServerDescription{address=localhost:27017, type=STANDALONE, state=CONNECTED, ok=true, minWireVersion=0, maxWireVersion=13, maxDocumentSize=16777216, logicalSessionTimeoutMinutes=30, roundTripTimeNanos=24996700}
2022-03-03 22:48:26,288 WARN org.springframework.boot.autoconfigure.orm.jpa.JpaBaseConfiguration$JpaWebConfiguration [restartedMain] spring.jpa.open-in-view is enabled by default. Therefore, database queries may be performed during view rendering. Explicitly configure spring.jpa.open-in-view to disable this warning
2022-03-03 22:48:26,392 INFO org.hibernate.jpa.internal.util.LogHelper [restartedMain] HHH000204: Processing PersistenceUnitInfo [name: default]
2022-03-03 22:48:26,493 INFO org.hibernate.Version [restartedMain] HHH000412: Hibernate ORM core version 5.6.4.Final
2022-03-03 22:48:26,726 INFO org.hibernate.annotations.common.reflection.java.JavaReflectionManager [restartedMain] HCANN000001: Hibernate Commons Annotations {5.1.2.Final}
2022-03-03 22:48:26,961 INFO org.hibernate.dialect.Dialect [restartedMain] HHH000400: Using dialect: org.hibernate.dialect.H2Dialect
2022-03-03 22:48:27,931 INFO org.hibernate.engine.transaction.jta.platform.internal.JtaPlatformInitiator [restartedMain] HHH000490: Using JtaPlatform implementation: [org.hibernate.engine.transaction.jta.platform.internal.NoJtaPlatform]
2022-03-03 22:48:27,942 INFO org.springframework.orm.jpa.AbstractEntityManagerFactoryBean [restartedMain] Initialized JPA EntityManagerFactory for persistence unit 'default'
2022-03-03 22:48:28,212 DEBUG org.springframework.web.filter.GenericFilterBean [restartedMain] Filter 'jwtRequestFilter' configured for use
2022-03-03 22:48:28,268 INFO org.springframework.boot.devtools.autoconfigure.OptionalLiveReloadServer [restartedMain] LiveReload server is running on port 35729
2022-03-03 22:48:28,703 INFO org.springframework.security.web.DefaultSecurityFilterChain [restartedMain] Will secure any request with [org.springframework.security.web.context.request.async.WebAsyncManagerIntegrationFilter@7a58ca4, org.springframework.security.web.context.SecurityContextPersistenceFilter@e0bfd49, org.springframework.security.web.header.HeaderWriterFilter@15448de8, org.springframework.web.filter.CorsFilter@19012e24, org.springframework.security.web.authentication.logout.LogoutFilter@5d0ee41a, com.example.insuranceregistrationsystem.config.JwtRequestFilter@47cf6054, org.springframework.security.web.savedrequest.RequestCacheAwareFilter@618cab55, org.springframework.security.web.servletapi.SecurityContextHolderAwareRequestFilter@50328426, org.springframework.security.web.authentication.AnonymousAuthenticationFilter@99d6581, org.springframework.security.web.session.SessionManagementFilter@60c65f00, org.springframework.security.web.access.ExceptionTranslationFilter@1ab8d0ef, org.springframework.security.web.access.intercept.FilterSecurityInterceptor@35f04a18]
2022-03-03 22:48:29,167 INFO org.apache.juli.logging.DirectJDKLog [restartedMain] Starting ProtocolHandler ["http-nio-8080"]
2022-03-03 22:48:29,187 INFO org.springframework.boot.web.embedded.tomcat.TomcatWebServer [restartedMain] Tomcat started on port(s): 8080 (http) with context path ''
2022-03-03 22:48:29,204 INFO org.springframework.boot.StartupInfoLogger [restartedMain] Started InsuranceRegistrationSystemApplication in 6.582 seconds (JVM running for 8.27)
2022-03-03 22:48:51,183 INFO org.apache.juli.logging.DirectJDKLog [http-nio-8080-exec-1] Initializing Spring DispatcherServlet 'dispatcherServlet'
2022-03-03 22:48:51,184 INFO org.springframework.web.servlet.FrameworkServlet [http-nio-8080-exec-1] Initializing Servlet 'dispatcherServlet'
2022-03-03 22:48:51,186 INFO org.springframework.web.servlet.FrameworkServlet [http-nio-8080-exec-1] Completed initialization in 2 ms
2022-03-03 22:48:51,245 WARN com.example.insuranceregistrationsystem.config.JwtRequestFilter [http-nio-8080-exec-2] JWT Token does not begin with Bearer String
2022-03-03 22:48:51,697 INFO com.mongodb.diagnostics.logging.SLF4JLogger [http-nio-8080-exec-2] Opened connection [connectionId{localValue:3, serverValue:437}] to localhost:27017
2022-03-03 22:54:19,506 INFO org.springframework.orm.jpa.AbstractEntityManagerFactoryBean [SpringApplicationShutdownHook] Closing JPA EntityManagerFactory for persistence unit 'default'
2022-03-03 22:54:19,507 INFO org.hibernate.tool.schema.internal.SchemaDropperImpl$DelayedDropActionImpl [SpringApplicationShutdownHook] HHH000477: Starting delayed evictData of schema as part of SessionFactory shut-down'
2022-03-03 22:54:19,756 WARN org.springframework.beans.factory.support.DisposableBeanAdapter [SpringApplicationShutdownHook] Invocation of destroy method failed on bean with name 'inMemoryDatabaseShutdownExecutor': org.h2.jdbc.JdbcSQLNonTransientConnectionException: Database is already closed (to disable automatic closing at VM shutdown, add ";DB_CLOSE_ON_EXIT=FALSE" to the db URL) [90121-200]
2022-03-03 22:54:19,766 INFO com.zaxxer.hikari.HikariDataSource [SpringApplicationShutdownHook] HikariPool-1 - Shutdown initiated...
2022-03-03 22:54:19,773 INFO com.zaxxer.hikari.HikariDataSource [SpringApplicationShutdownHook] HikariPool-1 - Shutdown completed.
