2022-02-05 11:41:23,097 INFO org.hibernate.validator.internal.util.Version [background-preinit] HV000001: Hibernate Validator 6.2.0.Final
2022-02-05 11:41:23,123 INFO org.springframework.boot.StartupInfoLogger [restartedMain] Starting InsuranceRegistrationSystemApplication using Java 11.0.11 on LAPTOP-855P8Q1E with PID 15032 (E:\github download\InsuranceRegistrationSystem\target\classes started by Immanuvel Jeeva in E:\github download\InsuranceRegistrationSystem)
2022-02-05 11:41:23,125 DEBUG org.springframework.boot.StartupInfoLogger [restartedMain] Running with Spring Boot v2.6.3, Spring v5.3.15
2022-02-05 11:41:23,125 INFO org.springframework.boot.SpringApplication [restartedMain] No active profile set, falling back to default profiles: default
2022-02-05 11:41:23,174 INFO org.springframework.boot.logging.DeferredLog [restartedMain] Devtools property defaults active! Set 'spring.devtools.add-properties' to 'false' to disable
2022-02-05 11:41:23,174 INFO org.springframework.boot.logging.DeferredLog [restartedMain] For additional web related logging consider setting the 'logging.level.web' property to 'DEBUG'
2022-02-05 11:41:24,151 INFO org.springframework.data.repository.config.RepositoryConfigurationDelegate [restartedMain] Multiple Spring Data modules found, entering strict repository configuration mode!
2022-02-05 11:41:24,152 INFO org.springframework.data.repository.config.RepositoryConfigurationDelegate [restartedMain] Bootstrapping Spring Data JPA repositories in DEFAULT mode.
2022-02-05 11:41:24,233 INFO org.springframework.data.repository.config.RepositoryConfigurationDelegate [restartedMain] Finished Spring Data repository scanning in 67 ms. Found 4 JPA repository interfaces.
2022-02-05 11:41:24,265 INFO org.springframework.data.repository.config.RepositoryConfigurationDelegate [restartedMain] Multiple Spring Data modules found, entering strict repository configuration mode!
2022-02-05 11:41:24,265 INFO org.springframework.data.repository.config.RepositoryConfigurationDelegate [restartedMain] Bootstrapping Spring Data MongoDB repositories in DEFAULT mode.
2022-02-05 11:41:24,274 INFO org.springframework.data.repository.config.RepositoryConfigurationDelegate [restartedMain] Finished Spring Data repository scanning in 8 ms. Found 4 MongoDB repository interfaces.
2022-02-05 11:41:24,919 INFO org.springframework.boot.web.embedded.tomcat.TomcatWebServer [restartedMain] Tomcat initialized with port(s): 8080 (http)
2022-02-05 11:41:24,930 INFO org.apache.juli.logging.DirectJDKLog [restartedMain] Initializing ProtocolHandler ["http-nio-8080"]
2022-02-05 11:41:24,930 INFO org.apache.juli.logging.DirectJDKLog [restartedMain] Starting service [Tomcat]
2022-02-05 11:41:24,931 INFO org.apache.juli.logging.DirectJDKLog [restartedMain] Starting Servlet engine: [Apache Tomcat/9.0.56]
2022-02-05 11:41:25,034 INFO org.apache.juli.logging.DirectJDKLog [restartedMain] Initializing Spring embedded WebApplicationContext
2022-02-05 11:41:25,035 INFO org.springframework.boot.web.servlet.context.ServletWebServerApplicationContext [restartedMain] Root WebApplicationContext: initialization completed in 1860 ms
2022-02-05 11:41:25,068 INFO com.zaxxer.hikari.HikariDataSource [restartedMain] HikariPool-1 - Starting...
2022-02-05 11:41:25,224 INFO com.zaxxer.hikari.HikariDataSource [restartedMain] HikariPool-1 - Start completed.
2022-02-05 11:41:25,234 INFO org.springframework.boot.autoconfigure.h2.H2ConsoleAutoConfiguration [restartedMain] H2 console available at '/h2-console'. Database available at 'jdbc:h2:mem:5a1d30dc-d376-408c-a209-1cf50406b376'
2022-02-05 11:41:25,353 INFO com.mongodb.diagnostics.logging.SLF4JLogger [restartedMain] Cluster created with settings {hosts=[localhost:27017], mode=SINGLE, requiredClusterType=UNKNOWN, serverSelectionTimeout='30000 ms'}
2022-02-05 11:41:25,409 INFO com.mongodb.diagnostics.logging.SLF4JLogger [cluster-ClusterId{value='61fe150d1397f80160384d09', description='null'}-localhost:27017] Opened connection [connectionId{localValue:2, serverValue:592}] to localhost:27017
2022-02-05 11:41:25,409 INFO com.mongodb.diagnostics.logging.SLF4JLogger [cluster-rtt-ClusterId{value='61fe150d1397f80160384d09', description='null'}-localhost:27017] Opened connection [connectionId{localValue:1, serverValue:591}] to localhost:27017
2022-02-05 11:41:25,409 INFO com.mongodb.diagnostics.logging.SLF4JLogger [cluster-ClusterId{value='61fe150d1397f80160384d09', description='null'}-localhost:27017] Monitor thread successfully connected to server with description ServerDescription{address=localhost:27017, type=STANDALONE, state=CONNECTED, ok=true, minWireVersion=0, maxWireVersion=13, maxDocumentSize=16777216, logicalSessionTimeoutMinutes=30, roundTripTimeNanos=18062200}
2022-02-05 11:41:25,708 WARN org.springframework.boot.autoconfigure.orm.jpa.JpaBaseConfiguration$JpaWebConfiguration [restartedMain] spring.jpa.open-in-view is enabled by default. Therefore, database queries may be performed during view rendering. Explicitly configure spring.jpa.open-in-view to disable this warning
2022-02-05 11:41:25,785 INFO org.hibernate.jpa.internal.util.LogHelper [restartedMain] HHH000204: Processing PersistenceUnitInfo [name: default]
2022-02-05 11:41:25,848 INFO org.hibernate.Version [restartedMain] HHH000412: Hibernate ORM core version 5.6.4.Final
2022-02-05 11:41:26,005 INFO org.hibernate.annotations.common.reflection.java.JavaReflectionManager [restartedMain] HCANN000001: Hibernate Commons Annotations {5.1.2.Final}
2022-02-05 11:41:26,173 INFO org.hibernate.dialect.Dialect [restartedMain] HHH000400: Using dialect: org.hibernate.dialect.H2Dialect
2022-02-05 11:41:26,986 INFO org.hibernate.engine.transaction.jta.platform.internal.JtaPlatformInitiator [restartedMain] HHH000490: Using JtaPlatform implementation: [org.hibernate.engine.transaction.jta.platform.internal.NoJtaPlatform]
2022-02-05 11:41:26,994 INFO org.springframework.orm.jpa.AbstractEntityManagerFactoryBean [restartedMain] Initialized JPA EntityManagerFactory for persistence unit 'default'
2022-02-05 11:41:27,119 DEBUG org.springframework.web.filter.GenericFilterBean [restartedMain] Filter 'jwtRequestFilter' configured for use
2022-02-05 11:41:27,155 INFO org.springframework.boot.devtools.autoconfigure.OptionalLiveReloadServer [restartedMain] LiveReload server is running on port 35729
2022-02-05 11:41:27,335 INFO org.springframework.security.web.DefaultSecurityFilterChain [restartedMain] Will secure any request with [org.springframework.security.web.context.request.async.WebAsyncManagerIntegrationFilter@5e63a758, org.springframework.security.web.context.SecurityContextPersistenceFilter@19ead821, org.springframework.security.web.header.HeaderWriterFilter@35c52908, org.springframework.security.web.authentication.logout.LogoutFilter@2ea0e31c, com.example.insuranceregistrationsystem.config.JwtRequestFilter@6aea2cf4, org.springframework.security.web.savedrequest.RequestCacheAwareFilter@10cc208a, org.springframework.security.web.servletapi.SecurityContextHolderAwareRequestFilter@79fb0bd4, org.springframework.security.web.authentication.AnonymousAuthenticationFilter@36d5e994, org.springframework.security.web.session.SessionManagementFilter@9edb04e, org.springframework.security.web.access.ExceptionTranslationFilter@54130ed3, org.springframework.security.web.access.intercept.FilterSecurityInterceptor@503c20e5]
2022-02-05 11:41:27,714 INFO org.apache.juli.logging.DirectJDKLog [restartedMain] Starting ProtocolHandler ["http-nio-8080"]
2022-02-05 11:41:27,733 INFO org.springframework.boot.web.embedded.tomcat.TomcatWebServer [restartedMain] Tomcat started on port(s): 8080 (http) with context path ''
2022-02-05 11:41:27,746 INFO org.springframework.boot.StartupInfoLogger [restartedMain] Started InsuranceRegistrationSystemApplication in 5.177 seconds (JVM running for 6.533)
2022-02-05 11:42:10,826 INFO org.apache.juli.logging.DirectJDKLog [http-nio-8080-exec-2] Initializing Spring DispatcherServlet 'dispatcherServlet'
2022-02-05 11:42:10,826 INFO org.springframework.web.servlet.FrameworkServlet [http-nio-8080-exec-2] Initializing Servlet 'dispatcherServlet'
2022-02-05 11:42:10,828 INFO org.springframework.web.servlet.FrameworkServlet [http-nio-8080-exec-2] Completed initialization in 2 ms
2022-02-05 11:42:10,850 WARN com.example.insuranceregistrationsystem.config.JwtRequestFilter [http-nio-8080-exec-2] JWT Token does not begin with Bearer String
2022-02-05 11:42:11,391 INFO com.mongodb.diagnostics.logging.SLF4JLogger [http-nio-8080-exec-2] Opened connection [connectionId{localValue:3, serverValue:593}] to localhost:27017
2022-02-05 11:42:11,605 WARN org.springframework.web.servlet.handler.AbstractHandlerExceptionResolver [http-nio-8080-exec-2] Resolved [com.example.insuranceregistrationsystem.exception.InsuranceException: INVALID_CREDENTIALS]
2022-02-05 11:42:22,222 WARN com.example.insuranceregistrationsystem.config.JwtRequestFilter [http-nio-8080-exec-4] JWT Token does not begin with Bearer String
2022-02-05 11:43:22,126 WARN com.example.insuranceregistrationsystem.config.JwtRequestFilter [http-nio-8080-exec-5] JWT Token does not begin with Bearer String
2022-02-05 11:44:25,076 INFO org.springframework.orm.jpa.AbstractEntityManagerFactoryBean [SpringApplicationShutdownHook] Closing JPA EntityManagerFactory for persistence unit 'default'
2022-02-05 11:44:25,076 INFO org.hibernate.tool.schema.internal.SchemaDropperImpl$DelayedDropActionImpl [SpringApplicationShutdownHook] HHH000477: Starting delayed evictData of schema as part of SessionFactory shut-down'
2022-02-05 11:44:25,315 WARN org.springframework.beans.factory.support.DisposableBeanAdapter [SpringApplicationShutdownHook] Invocation of destroy method failed on bean with name 'inMemoryDatabaseShutdownExecutor': org.h2.jdbc.JdbcSQLNonTransientConnectionException: Database is already closed (to disable automatic closing at VM shutdown, add ";DB_CLOSE_ON_EXIT=FALSE" to the db URL) [90121-200]
2022-02-05 11:44:25,333 INFO com.zaxxer.hikari.HikariDataSource [SpringApplicationShutdownHook] HikariPool-1 - Shutdown initiated...
2022-02-05 11:44:25,340 INFO com.zaxxer.hikari.HikariDataSource [SpringApplicationShutdownHook] HikariPool-1 - Shutdown completed.
2022-02-05 11:44:35,692 INFO org.hibernate.validator.internal.util.Version [background-preinit] HV000001: Hibernate Validator 6.2.0.Final
2022-02-05 11:44:35,707 INFO org.springframework.boot.StartupInfoLogger [restartedMain] Starting InsuranceRegistrationSystemApplication using Java 11.0.11 on LAPTOP-855P8Q1E with PID 24940 (E:\github download\InsuranceRegistrationSystem\target\classes started by Immanuvel Jeeva in E:\github download\InsuranceRegistrationSystem)
2022-02-05 11:44:35,708 DEBUG org.springframework.boot.StartupInfoLogger [restartedMain] Running with Spring Boot v2.6.3, Spring v5.3.15
2022-02-05 11:44:35,708 INFO org.springframework.boot.SpringApplication [restartedMain] No active profile set, falling back to default profiles: default
2022-02-05 11:44:35,741 INFO org.springframework.boot.logging.DeferredLog [restartedMain] Devtools property defaults active! Set 'spring.devtools.add-properties' to 'false' to disable
2022-02-05 11:44:35,741 INFO org.springframework.boot.logging.DeferredLog [restartedMain] For additional web related logging consider setting the 'logging.level.web' property to 'DEBUG'
2022-02-05 11:44:36,478 INFO org.springframework.data.repository.config.RepositoryConfigurationDelegate [restartedMain] Multiple Spring Data modules found, entering strict repository configuration mode!
2022-02-05 11:44:36,479 INFO org.springframework.data.repository.config.RepositoryConfigurationDelegate [restartedMain] Bootstrapping Spring Data JPA repositories in DEFAULT mode.
2022-02-05 11:44:36,537 INFO org.springframework.data.repository.config.RepositoryConfigurationDelegate [restartedMain] Finished Spring Data repository scanning in 52 ms. Found 4 JPA repository interfaces.
2022-02-05 11:44:36,562 INFO org.springframework.data.repository.config.RepositoryConfigurationDelegate [restartedMain] Multiple Spring Data modules found, entering strict repository configuration mode!
2022-02-05 11:44:36,562 INFO org.springframework.data.repository.config.RepositoryConfigurationDelegate [restartedMain] Bootstrapping Spring Data MongoDB repositories in DEFAULT mode.
2022-02-05 11:44:36,571 INFO org.springframework.data.repository.config.RepositoryConfigurationDelegate [restartedMain] Finished Spring Data repository scanning in 8 ms. Found 4 MongoDB repository interfaces.
2022-02-05 11:44:37,225 INFO org.springframework.boot.web.embedded.tomcat.TomcatWebServer [restartedMain] Tomcat initialized with port(s): 8080 (http)
2022-02-05 11:44:37,234 INFO org.apache.juli.logging.DirectJDKLog [restartedMain] Initializing ProtocolHandler ["http-nio-8080"]
2022-02-05 11:44:37,234 INFO org.apache.juli.logging.DirectJDKLog [restartedMain] Starting service [Tomcat]
2022-02-05 11:44:37,235 INFO org.apache.juli.logging.DirectJDKLog [restartedMain] Starting Servlet engine: [Apache Tomcat/9.0.56]
2022-02-05 11:44:37,321 INFO org.apache.juli.logging.DirectJDKLog [restartedMain] Initializing Spring embedded WebApplicationContext
2022-02-05 11:44:37,322 INFO org.springframework.boot.web.servlet.context.ServletWebServerApplicationContext [restartedMain] Root WebApplicationContext: initialization completed in 1580 ms
2022-02-05 11:44:37,356 INFO com.zaxxer.hikari.HikariDataSource [restartedMain] HikariPool-1 - Starting...
2022-02-05 11:44:37,459 INFO com.zaxxer.hikari.HikariDataSource [restartedMain] HikariPool-1 - Start completed.
2022-02-05 11:44:37,468 INFO org.springframework.boot.autoconfigure.h2.H2ConsoleAutoConfiguration [restartedMain] H2 console available at '/h2-console'. Database available at 'jdbc:h2:mem:9219301a-1230-4652-a777-7bb6669ed677'
2022-02-05 11:44:37,583 INFO com.mongodb.diagnostics.logging.SLF4JLogger [restartedMain] Cluster created with settings {hosts=[localhost:27017], mode=SINGLE, requiredClusterType=UNKNOWN, serverSelectionTimeout='30000 ms'}
2022-02-05 11:44:37,656 INFO com.mongodb.diagnostics.logging.SLF4JLogger [cluster-rtt-ClusterId{value='61fe15cd0a03c11ece95e9fc', description='null'}-localhost:27017] Opened connection [connectionId{localValue:2, serverValue:600}] to localhost:27017
2022-02-05 11:44:37,656 INFO com.mongodb.diagnostics.logging.SLF4JLogger [cluster-ClusterId{value='61fe15cd0a03c11ece95e9fc', description='null'}-localhost:27017] Opened connection [connectionId{localValue:1, serverValue:599}] to localhost:27017
2022-02-05 11:44:37,657 INFO com.mongodb.diagnostics.logging.SLF4JLogger [cluster-ClusterId{value='61fe15cd0a03c11ece95e9fc', description='null'}-localhost:27017] Monitor thread successfully connected to server with description ServerDescription{address=localhost:27017, type=STANDALONE, state=CONNECTED, ok=true, minWireVersion=0, maxWireVersion=13, maxDocumentSize=16777216, logicalSessionTimeoutMinutes=30, roundTripTimeNanos=29583500}
2022-02-05 11:44:37,943 WARN org.springframework.boot.autoconfigure.orm.jpa.JpaBaseConfiguration$JpaWebConfiguration [restartedMain] spring.jpa.open-in-view is enabled by default. Therefore, database queries may be performed during view rendering. Explicitly configure spring.jpa.open-in-view to disable this warning
2022-02-05 11:44:38,009 INFO org.hibernate.jpa.internal.util.LogHelper [restartedMain] HHH000204: Processing PersistenceUnitInfo [name: default]
2022-02-05 11:44:38,074 INFO org.hibernate.Version [restartedMain] HHH000412: Hibernate ORM core version 5.6.4.Final
2022-02-05 11:44:38,256 INFO org.hibernate.annotations.common.reflection.java.JavaReflectionManager [restartedMain] HCANN000001: Hibernate Commons Annotations {5.1.2.Final}
2022-02-05 11:44:38,387 INFO org.hibernate.dialect.Dialect [restartedMain] HHH000400: Using dialect: org.hibernate.dialect.H2Dialect
2022-02-05 11:44:39,090 INFO org.hibernate.engine.transaction.jta.platform.internal.JtaPlatformInitiator [restartedMain] HHH000490: Using JtaPlatform implementation: [org.hibernate.engine.transaction.jta.platform.internal.NoJtaPlatform]
2022-02-05 11:44:39,098 INFO org.springframework.orm.jpa.AbstractEntityManagerFactoryBean [restartedMain] Initialized JPA EntityManagerFactory for persistence unit 'default'
2022-02-05 11:44:39,218 DEBUG org.springframework.web.filter.GenericFilterBean [restartedMain] Filter 'jwtRequestFilter' configured for use
2022-02-05 11:44:39,262 INFO org.springframework.boot.devtools.autoconfigure.OptionalLiveReloadServer [restartedMain] LiveReload server is running on port 35729
2022-02-05 11:44:39,406 INFO org.springframework.security.web.DefaultSecurityFilterChain [restartedMain] Will secure any request with [org.springframework.security.web.context.request.async.WebAsyncManagerIntegrationFilter@1a05deaf, org.springframework.security.web.context.SecurityContextPersistenceFilter@552dd27d, org.springframework.security.web.header.HeaderWriterFilter@2229da71, org.springframework.security.web.authentication.logout.LogoutFilter@3cee6595, com.example.insuranceregistrationsystem.config.JwtRequestFilter@49f2c6f6, org.springframework.security.web.savedrequest.RequestCacheAwareFilter@3f8854d0, org.springframework.security.web.servletapi.SecurityContextHolderAwareRequestFilter@3e7bc937, org.springframework.security.web.authentication.AnonymousAuthenticationFilter@56d21564, org.springframework.security.web.session.SessionManagementFilter@6608a89a, org.springframework.security.web.access.ExceptionTranslationFilter@3ef7187e, org.springframework.security.web.access.intercept.FilterSecurityInterceptor@3e1b47da]
2022-02-05 11:44:39,851 INFO org.apache.juli.logging.DirectJDKLog [restartedMain] Starting ProtocolHandler ["http-nio-8080"]
2022-02-05 11:44:39,869 INFO org.springframework.boot.web.embedded.tomcat.TomcatWebServer [restartedMain] Tomcat started on port(s): 8080 (http) with context path ''
2022-02-05 11:44:39,884 INFO org.springframework.boot.StartupInfoLogger [restartedMain] Started InsuranceRegistrationSystemApplication in 4.575 seconds (JVM running for 6.259)
2022-02-05 11:44:46,091 INFO org.apache.juli.logging.DirectJDKLog [http-nio-8080-exec-2] Initializing Spring DispatcherServlet 'dispatcherServlet'
2022-02-05 11:44:46,092 INFO org.springframework.web.servlet.FrameworkServlet [http-nio-8080-exec-2] Initializing Servlet 'dispatcherServlet'
2022-02-05 11:44:46,094 INFO org.springframework.web.servlet.FrameworkServlet [http-nio-8080-exec-2] Completed initialization in 2 ms
2022-02-05 11:44:46,113 WARN com.example.insuranceregistrationsystem.config.JwtRequestFilter [http-nio-8080-exec-2] JWT Token does not begin with Bearer String
2022-02-05 11:44:46,409 INFO com.mongodb.diagnostics.logging.SLF4JLogger [http-nio-8080-exec-2] Opened connection [connectionId{localValue:3, serverValue:601}] to localhost:27017
2022-02-05 11:44:56,993 WARN com.example.insuranceregistrationsystem.config.JwtRequestFilter [http-nio-8080-exec-3] JWT Token does not begin with Bearer String
2022-02-05 11:47:39,257 WARN com.example.insuranceregistrationsystem.config.JwtRequestFilter [http-nio-8080-exec-6] JWT Token does not begin with Bearer String
2022-02-05 11:48:00,127 WARN org.springframework.web.servlet.handler.AbstractHandlerExceptionResolver [http-nio-8080-exec-7] Resolved [com.example.insuranceregistrationsystem.exception.InsuranceException: Email Invalid! Please correct valid emailId]
2022-02-05 11:48:50,948 WARN org.springframework.web.servlet.handler.AbstractHandlerExceptionResolver [http-nio-8080-exec-10] Resolved [org.springframework.web.bind.MissingServletRequestParameterException: Required request parameter 'password' for method parameter type String is not present]
2022-02-05 11:49:25,809 WARN org.springframework.web.servlet.handler.AbstractHandlerExceptionResolver [http-nio-8080-exec-2] Resolved [com.example.insuranceregistrationsystem.exception.InsuranceException: OTP invalid! Please Enter Correct OTP Number]
2022-02-05 11:58:57,578 INFO org.springframework.orm.jpa.AbstractEntityManagerFactoryBean [SpringApplicationShutdownHook] Closing JPA EntityManagerFactory for persistence unit 'default'
2022-02-05 11:58:57,580 INFO org.hibernate.tool.schema.internal.SchemaDropperImpl$DelayedDropActionImpl [SpringApplicationShutdownHook] HHH000477: Starting delayed evictData of schema as part of SessionFactory shut-down'
2022-02-05 11:58:57,834 WARN org.springframework.beans.factory.support.DisposableBeanAdapter [SpringApplicationShutdownHook] Invocation of destroy method failed on bean with name 'inMemoryDatabaseShutdownExecutor': org.h2.jdbc.JdbcSQLNonTransientConnectionException: Database is already closed (to disable automatic closing at VM shutdown, add ";DB_CLOSE_ON_EXIT=FALSE" to the db URL) [90121-200]
2022-02-05 11:58:57,846 INFO com.zaxxer.hikari.HikariDataSource [SpringApplicationShutdownHook] HikariPool-1 - Shutdown initiated...
2022-02-05 11:58:57,855 INFO com.zaxxer.hikari.HikariDataSource [SpringApplicationShutdownHook] HikariPool-1 - Shutdown completed.
2022-02-05 11:59:09,602 INFO org.hibernate.validator.internal.util.Version [background-preinit] HV000001: Hibernate Validator 6.2.0.Final
2022-02-05 11:59:09,623 INFO org.springframework.boot.StartupInfoLogger [restartedMain] Starting InsuranceRegistrationSystemApplication using Java 11.0.11 on LAPTOP-855P8Q1E with PID 5640 (E:\github download\InsuranceRegistrationSystem\target\classes started by Immanuvel Jeeva in E:\github download\InsuranceRegistrationSystem)
2022-02-05 11:59:09,626 DEBUG org.springframework.boot.StartupInfoLogger [restartedMain] Running with Spring Boot v2.6.3, Spring v5.3.15
2022-02-05 11:59:09,627 INFO org.springframework.boot.SpringApplication [restartedMain] No active profile set, falling back to default profiles: default
2022-02-05 11:59:09,669 INFO org.springframework.boot.logging.DeferredLog [restartedMain] Devtools property defaults active! Set 'spring.devtools.add-properties' to 'false' to disable
2022-02-05 11:59:09,670 INFO org.springframework.boot.logging.DeferredLog [restartedMain] For additional web related logging consider setting the 'logging.level.web' property to 'DEBUG'
2022-02-05 11:59:10,493 INFO org.springframework.data.repository.config.RepositoryConfigurationDelegate [restartedMain] Multiple Spring Data modules found, entering strict repository configuration mode!
2022-02-05 11:59:10,493 INFO org.springframework.data.repository.config.RepositoryConfigurationDelegate [restartedMain] Bootstrapping Spring Data JPA repositories in DEFAULT mode.
2022-02-05 11:59:10,567 INFO org.springframework.data.repository.config.RepositoryConfigurationDelegate [restartedMain] Finished Spring Data repository scanning in 63 ms. Found 4 JPA repository interfaces.
2022-02-05 11:59:10,602 INFO org.springframework.data.repository.config.RepositoryConfigurationDelegate [restartedMain] Multiple Spring Data modules found, entering strict repository configuration mode!
2022-02-05 11:59:10,602 INFO org.springframework.data.repository.config.RepositoryConfigurationDelegate [restartedMain] Bootstrapping Spring Data MongoDB repositories in DEFAULT mode.
2022-02-05 11:59:10,611 INFO org.springframework.data.repository.config.RepositoryConfigurationDelegate [restartedMain] Finished Spring Data repository scanning in 8 ms. Found 4 MongoDB repository interfaces.
2022-02-05 11:59:11,184 INFO org.springframework.boot.web.embedded.tomcat.TomcatWebServer [restartedMain] Tomcat initialized with port(s): 8080 (http)
2022-02-05 11:59:11,193 INFO org.apache.juli.logging.DirectJDKLog [restartedMain] Initializing ProtocolHandler ["http-nio-8080"]
2022-02-05 11:59:11,194 INFO org.apache.juli.logging.DirectJDKLog [restartedMain] Starting service [Tomcat]
2022-02-05 11:59:11,194 INFO org.apache.juli.logging.DirectJDKLog [restartedMain] Starting Servlet engine: [Apache Tomcat/9.0.56]
2022-02-05 11:59:11,284 INFO org.apache.juli.logging.DirectJDKLog [restartedMain] Initializing Spring embedded WebApplicationContext
2022-02-05 11:59:11,284 INFO org.springframework.boot.web.servlet.context.ServletWebServerApplicationContext [restartedMain] Root WebApplicationContext: initialization completed in 1613 ms
2022-02-05 11:59:11,311 INFO com.zaxxer.hikari.HikariDataSource [restartedMain] HikariPool-1 - Starting...
2022-02-05 11:59:11,413 INFO com.zaxxer.hikari.HikariDataSource [restartedMain] HikariPool-1 - Start completed.
2022-02-05 11:59:11,422 INFO org.springframework.boot.autoconfigure.h2.H2ConsoleAutoConfiguration [restartedMain] H2 console available at '/h2-console'. Database available at 'jdbc:h2:mem:2cf61f0c-beef-42de-8970-fbb5de76da86'
2022-02-05 11:59:11,532 INFO com.mongodb.diagnostics.logging.SLF4JLogger [restartedMain] Cluster created with settings {hosts=[localhost:27017], mode=SINGLE, requiredClusterType=UNKNOWN, serverSelectionTimeout='30000 ms'}
2022-02-05 11:59:11,577 INFO com.mongodb.diagnostics.logging.SLF4JLogger [cluster-rtt-ClusterId{value='61fe193719b9ff31d7aac169', description='null'}-localhost:27017] Opened connection [connectionId{localValue:1, serverValue:605}] to localhost:27017
2022-02-05 11:59:11,577 INFO com.mongodb.diagnostics.logging.SLF4JLogger [cluster-ClusterId{value='61fe193719b9ff31d7aac169', description='null'}-localhost:27017] Opened connection [connectionId{localValue:2, serverValue:604}] to localhost:27017
2022-02-05 11:59:11,577 INFO com.mongodb.diagnostics.logging.SLF4JLogger [cluster-ClusterId{value='61fe193719b9ff31d7aac169', description='null'}-localhost:27017] Monitor thread successfully connected to server with description ServerDescription{address=localhost:27017, type=STANDALONE, state=CONNECTED, ok=true, minWireVersion=0, maxWireVersion=13, maxDocumentSize=16777216, logicalSessionTimeoutMinutes=30, roundTripTimeNanos=15352300}
2022-02-05 11:59:11,842 WARN org.springframework.boot.autoconfigure.orm.jpa.JpaBaseConfiguration$JpaWebConfiguration [restartedMain] spring.jpa.open-in-view is enabled by default. Therefore, database queries may be performed during view rendering. Explicitly configure spring.jpa.open-in-view to disable this warning
2022-02-05 11:59:11,911 INFO org.hibernate.jpa.internal.util.LogHelper [restartedMain] HHH000204: Processing PersistenceUnitInfo [name: default]
2022-02-05 11:59:11,971 INFO org.hibernate.Version [restartedMain] HHH000412: Hibernate ORM core version 5.6.4.Final
2022-02-05 11:59:12,153 INFO org.hibernate.annotations.common.reflection.java.JavaReflectionManager [restartedMain] HCANN000001: Hibernate Commons Annotations {5.1.2.Final}
2022-02-05 11:59:12,301 INFO org.hibernate.dialect.Dialect [restartedMain] HHH000400: Using dialect: org.hibernate.dialect.H2Dialect
2022-02-05 11:59:12,983 INFO org.hibernate.engine.transaction.jta.platform.internal.JtaPlatformInitiator [restartedMain] HHH000490: Using JtaPlatform implementation: [org.hibernate.engine.transaction.jta.platform.internal.NoJtaPlatform]
2022-02-05 11:59:12,992 INFO org.springframework.orm.jpa.AbstractEntityManagerFactoryBean [restartedMain] Initialized JPA EntityManagerFactory for persistence unit 'default'
2022-02-05 11:59:13,108 DEBUG org.springframework.web.filter.GenericFilterBean [restartedMain] Filter 'jwtRequestFilter' configured for use
2022-02-05 11:59:13,144 INFO org.springframework.boot.devtools.autoconfigure.OptionalLiveReloadServer [restartedMain] LiveReload server is running on port 35729
2022-02-05 11:59:13,279 INFO org.springframework.security.web.DefaultSecurityFilterChain [restartedMain] Will secure any request with [org.springframework.security.web.context.request.async.WebAsyncManagerIntegrationFilter@1ea7fd9f, org.springframework.security.web.context.SecurityContextPersistenceFilter@1463277b, org.springframework.security.web.header.HeaderWriterFilter@363d5b9d, org.springframework.security.web.authentication.logout.LogoutFilter@71eeae4, com.example.insuranceregistrationsystem.config.JwtRequestFilter@2e620152, org.springframework.security.web.savedrequest.RequestCacheAwareFilter@7ba49d53, org.springframework.security.web.servletapi.SecurityContextHolderAwareRequestFilter@27b105d0, org.springframework.security.web.authentication.AnonymousAuthenticationFilter@6b204ae, org.springframework.security.web.session.SessionManagementFilter@3bcc92b3, org.springframework.security.web.access.ExceptionTranslationFilter@786c31cd, org.springframework.security.web.access.intercept.FilterSecurityInterceptor@321fafb1]
2022-02-05 11:59:13,645 INFO org.apache.juli.logging.DirectJDKLog [restartedMain] Starting ProtocolHandler ["http-nio-8080"]
2022-02-05 11:59:13,665 INFO org.springframework.boot.web.embedded.tomcat.TomcatWebServer [restartedMain] Tomcat started on port(s): 8080 (http) with context path ''
2022-02-05 11:59:13,682 INFO org.springframework.boot.StartupInfoLogger [restartedMain] Started InsuranceRegistrationSystemApplication in 4.573 seconds (JVM running for 6.33)
2022-02-05 12:03:58,985 INFO org.apache.juli.logging.DirectJDKLog [http-nio-8080-exec-2] Initializing Spring DispatcherServlet 'dispatcherServlet'
2022-02-05 12:03:58,985 INFO org.springframework.web.servlet.FrameworkServlet [http-nio-8080-exec-2] Initializing Servlet 'dispatcherServlet'
2022-02-05 12:03:58,987 INFO org.springframework.web.servlet.FrameworkServlet [http-nio-8080-exec-2] Completed initialization in 2 ms
2022-02-05 12:03:59,008 WARN com.example.insuranceregistrationsystem.config.JwtRequestFilter [http-nio-8080-exec-2] JWT Token does not begin with Bearer String
2022-02-05 12:03:59,367 INFO com.mongodb.diagnostics.logging.SLF4JLogger [http-nio-8080-exec-2] Opened connection [connectionId{localValue:3, serverValue:607}] to localhost:27017
2022-02-05 12:05:01,561 WARN com.example.insuranceregistrationsystem.config.JwtRequestFilter [http-nio-8080-exec-5] JWT Token does not begin with Bearer String
2022-02-05 12:21:09,204 WARN com.example.insuranceregistrationsystem.config.JwtRequestFilter [http-nio-8080-exec-8] JWT Token does not begin with Bearer String
2022-02-05 12:21:09,204 WARN com.example.insuranceregistrationsystem.config.JwtRequestFilter [http-nio-8080-exec-7] JWT Token does not begin with Bearer String
2022-02-05 12:21:09,336 WARN com.example.insuranceregistrationsystem.config.JwtRequestFilter [http-nio-8080-exec-9] JWT Token does not begin with Bearer String
2022-02-05 12:21:40,005 WARN com.example.insuranceregistrationsystem.config.JwtRequestFilter [http-nio-8080-exec-2] JWT Token does not begin with Bearer String
2022-02-05 12:21:40,025 WARN com.example.insuranceregistrationsystem.config.JwtRequestFilter [http-nio-8080-exec-3] JWT Token does not begin with Bearer String
2022-02-05 12:23:37,266 WARN com.example.insuranceregistrationsystem.config.JwtRequestFilter [http-nio-8080-exec-6] JWT Token does not begin with Bearer String
2022-02-05 12:23:37,271 WARN com.example.insuranceregistrationsystem.config.JwtRequestFilter [http-nio-8080-exec-7] JWT Token does not begin with Bearer String
2022-02-05 12:24:53,744 WARN com.example.insuranceregistrationsystem.config.JwtRequestFilter [http-nio-8080-exec-10] JWT Token does not begin with Bearer String
2022-02-05 12:24:53,764 WARN com.example.insuranceregistrationsystem.config.JwtRequestFilter [http-nio-8080-exec-1] JWT Token does not begin with Bearer String
2022-02-05 12:25:07,767 WARN com.example.insuranceregistrationsystem.config.JwtRequestFilter [http-nio-8080-exec-4] JWT Token does not begin with Bearer String
2022-02-05 12:25:07,769 WARN com.example.insuranceregistrationsystem.config.JwtRequestFilter [http-nio-8080-exec-5] JWT Token does not begin with Bearer String
2022-02-05 12:26:06,190 WARN com.example.insuranceregistrationsystem.config.JwtRequestFilter [http-nio-8080-exec-9] JWT Token does not begin with Bearer String
2022-02-05 12:26:06,191 WARN com.example.insuranceregistrationsystem.config.JwtRequestFilter [http-nio-8080-exec-8] JWT Token does not begin with Bearer String
2022-02-05 12:26:14,095 WARN com.example.insuranceregistrationsystem.config.JwtRequestFilter [http-nio-8080-exec-3] JWT Token does not begin with Bearer String
2022-02-05 12:26:14,094 WARN com.example.insuranceregistrationsystem.config.JwtRequestFilter [http-nio-8080-exec-2] JWT Token does not begin with Bearer String
2022-02-05 12:26:40,085 WARN com.example.insuranceregistrationsystem.config.JwtRequestFilter [http-nio-8080-exec-6] JWT Token does not begin with Bearer String
2022-02-05 12:26:40,087 WARN com.example.insuranceregistrationsystem.config.JwtRequestFilter [http-nio-8080-exec-7] JWT Token does not begin with Bearer String
2022-02-05 12:26:47,086 WARN com.example.insuranceregistrationsystem.config.JwtRequestFilter [http-nio-8080-exec-9] JWT Token does not begin with Bearer String
2022-02-05 12:26:47,086 WARN com.example.insuranceregistrationsystem.config.JwtRequestFilter [http-nio-8080-exec-8] JWT Token does not begin with Bearer String
2022-02-05 12:27:12,492 WARN com.example.insuranceregistrationsystem.config.JwtRequestFilter [http-nio-8080-exec-3] JWT Token does not begin with Bearer String
2022-02-05 12:27:12,494 WARN com.example.insuranceregistrationsystem.config.JwtRequestFilter [http-nio-8080-exec-2] JWT Token does not begin with Bearer String
2022-02-05 12:27:17,284 WARN com.example.insuranceregistrationsystem.config.JwtRequestFilter [http-nio-8080-exec-4] JWT Token does not begin with Bearer String
2022-02-05 12:27:17,284 WARN com.example.insuranceregistrationsystem.config.JwtRequestFilter [http-nio-8080-exec-5] JWT Token does not begin with Bearer String
2022-02-05 12:27:48,777 WARN com.example.insuranceregistrationsystem.config.JwtRequestFilter [http-nio-8080-exec-9] JWT Token does not begin with Bearer String
2022-02-05 12:27:48,778 WARN com.example.insuranceregistrationsystem.config.JwtRequestFilter [http-nio-8080-exec-8] JWT Token does not begin with Bearer String
2022-02-05 12:27:54,558 WARN com.example.insuranceregistrationsystem.config.JwtRequestFilter [http-nio-8080-exec-10] JWT Token does not begin with Bearer String
2022-02-05 12:27:54,560 WARN com.example.insuranceregistrationsystem.config.JwtRequestFilter [http-nio-8080-exec-2] JWT Token does not begin with Bearer String
2022-02-05 12:30:04,656 INFO org.springframework.orm.jpa.AbstractEntityManagerFactoryBean [SpringApplicationShutdownHook] Closing JPA EntityManagerFactory for persistence unit 'default'
2022-02-05 12:30:04,678 INFO org.hibernate.tool.schema.internal.SchemaDropperImpl$DelayedDropActionImpl [SpringApplicationShutdownHook] HHH000477: Starting delayed evictData of schema as part of SessionFactory shut-down'
2022-02-05 12:30:05,050 WARN org.springframework.beans.factory.support.DisposableBeanAdapter [SpringApplicationShutdownHook] Invocation of destroy method failed on bean with name 'inMemoryDatabaseShutdownExecutor': org.h2.jdbc.JdbcSQLNonTransientConnectionException: Database is already closed (to disable automatic closing at VM shutdown, add ";DB_CLOSE_ON_EXIT=FALSE" to the db URL) [90121-200]
2022-02-05 12:30:05,078 INFO com.zaxxer.hikari.HikariDataSource [SpringApplicationShutdownHook] HikariPool-1 - Shutdown initiated...
2022-02-05 12:30:05,091 INFO com.zaxxer.hikari.HikariDataSource [SpringApplicationShutdownHook] HikariPool-1 - Shutdown completed.
2022-02-05 12:30:20,082 INFO org.hibernate.validator.internal.util.Version [background-preinit] HV000001: Hibernate Validator 6.2.0.Final
2022-02-05 12:30:20,115 INFO org.springframework.boot.StartupInfoLogger [restartedMain] Starting InsuranceRegistrationSystemApplication using Java 11.0.11 on LAPTOP-855P8Q1E with PID 12616 (E:\github download\InsuranceRegistrationSystem\target\classes started by Immanuvel Jeeva in E:\github download\InsuranceRegistrationSystem)
2022-02-05 12:30:20,116 DEBUG org.springframework.boot.StartupInfoLogger [restartedMain] Running with Spring Boot v2.6.3, Spring v5.3.15
2022-02-05 12:30:20,117 INFO org.springframework.boot.SpringApplication [restartedMain] No active profile set, falling back to default profiles: default
2022-02-05 12:30:20,168 INFO org.springframework.boot.logging.DeferredLog [restartedMain] Devtools property defaults active! Set 'spring.devtools.add-properties' to 'false' to disable
2022-02-05 12:30:20,169 INFO org.springframework.boot.logging.DeferredLog [restartedMain] For additional web related logging consider setting the 'logging.level.web' property to 'DEBUG'
2022-02-05 12:30:21,087 INFO org.springframework.data.repository.config.RepositoryConfigurationDelegate [restartedMain] Multiple Spring Data modules found, entering strict repository configuration mode!
2022-02-05 12:30:21,087 INFO org.springframework.data.repository.config.RepositoryConfigurationDelegate [restartedMain] Bootstrapping Spring Data JPA repositories in DEFAULT mode.
2022-02-05 12:30:21,176 INFO org.springframework.data.repository.config.RepositoryConfigurationDelegate [restartedMain] Finished Spring Data repository scanning in 75 ms. Found 4 JPA repository interfaces.
2022-02-05 12:30:21,214 INFO org.springframework.data.repository.config.RepositoryConfigurationDelegate [restartedMain] Multiple Spring Data modules found, entering strict repository configuration mode!
2022-02-05 12:30:21,215 INFO org.springframework.data.repository.config.RepositoryConfigurationDelegate [restartedMain] Bootstrapping Spring Data MongoDB repositories in DEFAULT mode.
2022-02-05 12:30:21,225 INFO org.springframework.data.repository.config.RepositoryConfigurationDelegate [restartedMain] Finished Spring Data repository scanning in 9 ms. Found 4 MongoDB repository interfaces.
2022-02-05 12:30:21,910 INFO org.springframework.boot.web.embedded.tomcat.TomcatWebServer [restartedMain] Tomcat initialized with port(s): 8080 (http)
2022-02-05 12:30:21,919 INFO org.apache.juli.logging.DirectJDKLog [restartedMain] Initializing ProtocolHandler ["http-nio-8080"]
2022-02-05 12:30:21,920 INFO org.apache.juli.logging.DirectJDKLog [restartedMain] Starting service [Tomcat]
2022-02-05 12:30:21,920 INFO org.apache.juli.logging.DirectJDKLog [restartedMain] Starting Servlet engine: [Apache Tomcat/9.0.56]
2022-02-05 12:30:22,016 INFO org.apache.juli.logging.DirectJDKLog [restartedMain] Initializing Spring embedded WebApplicationContext
2022-02-05 12:30:22,016 INFO org.springframework.boot.web.servlet.context.ServletWebServerApplicationContext [restartedMain] Root WebApplicationContext: initialization completed in 1846 ms
2022-02-05 12:30:22,055 INFO com.zaxxer.hikari.HikariDataSource [restartedMain] HikariPool-1 - Starting...
2022-02-05 12:30:22,216 INFO com.zaxxer.hikari.HikariDataSource [restartedMain] HikariPool-1 - Start completed.
2022-02-05 12:30:22,231 INFO org.springframework.boot.autoconfigure.h2.H2ConsoleAutoConfiguration [restartedMain] H2 console available at '/h2-console'. Database available at 'jdbc:h2:mem:4da8cbb1-54d7-44fc-9263-77859801802f'
2022-02-05 12:30:22,366 INFO com.mongodb.diagnostics.logging.SLF4JLogger [restartedMain] Cluster created with settings {hosts=[localhost:27017], mode=SINGLE, requiredClusterType=UNKNOWN, serverSelectionTimeout='30000 ms'}
2022-02-05 12:30:22,430 INFO com.mongodb.diagnostics.logging.SLF4JLogger [cluster-ClusterId{value='61fe2086e3a2b716af16566a', description='null'}-localhost:27017] Opened connection [connectionId{localValue:1, serverValue:612}] to localhost:27017
2022-02-05 12:30:22,430 INFO com.mongodb.diagnostics.logging.SLF4JLogger [cluster-rtt-ClusterId{value='61fe2086e3a2b716af16566a', description='null'}-localhost:27017] Opened connection [connectionId{localValue:2, serverValue:611}] to localhost:27017
2022-02-05 12:30:22,431 INFO com.mongodb.diagnostics.logging.SLF4JLogger [cluster-ClusterId{value='61fe2086e3a2b716af16566a', description='null'}-localhost:27017] Monitor thread successfully connected to server with description ServerDescription{address=localhost:27017, type=STANDALONE, state=CONNECTED, ok=true, minWireVersion=0, maxWireVersion=13, maxDocumentSize=16777216, logicalSessionTimeoutMinutes=30, roundTripTimeNanos=22159400}
2022-02-05 12:30:22,764 WARN org.springframework.boot.autoconfigure.orm.jpa.JpaBaseConfiguration$JpaWebConfiguration [restartedMain] spring.jpa.open-in-view is enabled by default. Therefore, database queries may be performed during view rendering. Explicitly configure spring.jpa.open-in-view to disable this warning
2022-02-05 12:30:22,838 INFO org.hibernate.jpa.internal.util.LogHelper [restartedMain] HHH000204: Processing PersistenceUnitInfo [name: default]
2022-02-05 12:30:22,902 INFO org.hibernate.Version [restartedMain] HHH000412: Hibernate ORM core version 5.6.4.Final
2022-02-05 12:30:23,080 INFO org.hibernate.annotations.common.reflection.java.JavaReflectionManager [restartedMain] HCANN000001: Hibernate Commons Annotations {5.1.2.Final}
2022-02-05 12:30:23,221 INFO org.hibernate.dialect.Dialect [restartedMain] HHH000400: Using dialect: org.hibernate.dialect.H2Dialect
2022-02-05 12:30:23,948 INFO org.hibernate.engine.transaction.jta.platform.internal.JtaPlatformInitiator [restartedMain] HHH000490: Using JtaPlatform implementation: [org.hibernate.engine.transaction.jta.platform.internal.NoJtaPlatform]
2022-02-05 12:30:23,955 INFO org.springframework.orm.jpa.AbstractEntityManagerFactoryBean [restartedMain] Initialized JPA EntityManagerFactory for persistence unit 'default'
2022-02-05 12:30:24,114 DEBUG org.springframework.web.filter.GenericFilterBean [restartedMain] Filter 'jwtRequestFilter' configured for use
2022-02-05 12:30:24,158 INFO org.springframework.boot.devtools.autoconfigure.OptionalLiveReloadServer [restartedMain] LiveReload server is running on port 35729
2022-02-05 12:30:24,331 INFO org.springframework.security.web.DefaultSecurityFilterChain [restartedMain] Will secure any request with [org.springframework.security.web.context.request.async.WebAsyncManagerIntegrationFilter@51c70382, org.springframework.security.web.context.SecurityContextPersistenceFilter@6389bf29, org.springframework.security.web.header.HeaderWriterFilter@1e338947, org.springframework.security.web.authentication.logout.LogoutFilter@79d40034, com.example.insuranceregistrationsystem.config.JwtRequestFilter@7b2a1373, org.springframework.security.web.savedrequest.RequestCacheAwareFilter@7bd865f0, org.springframework.security.web.servletapi.SecurityContextHolderAwareRequestFilter@281b7885, org.springframework.security.web.authentication.AnonymousAuthenticationFilter@ad6457b, org.springframework.security.web.session.SessionManagementFilter@16fc9774, org.springframework.security.web.access.ExceptionTranslationFilter@47a0840, org.springframework.security.web.access.intercept.FilterSecurityInterceptor@98f25]
2022-02-05 12:30:24,783 INFO org.apache.juli.logging.DirectJDKLog [restartedMain] Starting ProtocolHandler ["http-nio-8080"]
2022-02-05 12:30:24,810 INFO org.springframework.boot.web.embedded.tomcat.TomcatWebServer [restartedMain] Tomcat started on port(s): 8080 (http) with context path ''
2022-02-05 12:30:24,826 INFO org.springframework.boot.StartupInfoLogger [restartedMain] Started InsuranceRegistrationSystemApplication in 5.217 seconds (JVM running for 6.87)
2022-02-05 12:30:33,064 INFO org.apache.juli.logging.DirectJDKLog [http-nio-8080-exec-1] Initializing Spring DispatcherServlet 'dispatcherServlet'
2022-02-05 12:30:33,064 INFO org.springframework.web.servlet.FrameworkServlet [http-nio-8080-exec-1] Initializing Servlet 'dispatcherServlet'
2022-02-05 12:30:33,067 INFO org.springframework.web.servlet.FrameworkServlet [http-nio-8080-exec-1] Completed initialization in 2 ms
2022-02-05 12:30:33,094 WARN com.example.insuranceregistrationsystem.config.JwtRequestFilter [http-nio-8080-exec-2] JWT Token does not begin with Bearer String
2022-02-05 12:30:33,094 WARN com.example.insuranceregistrationsystem.config.JwtRequestFilter [http-nio-8080-exec-1] JWT Token does not begin with Bearer String
2022-02-05 12:30:33,574 INFO com.mongodb.diagnostics.logging.SLF4JLogger [http-nio-8080-exec-1] Opened connection [connectionId{localValue:3, serverValue:613}] to localhost:27017
2022-02-05 12:30:40,149 WARN com.example.insuranceregistrationsystem.config.JwtRequestFilter [http-nio-8080-exec-5] JWT Token does not begin with Bearer String
2022-02-05 12:33:34,585 WARN com.example.insuranceregistrationsystem.config.JwtRequestFilter [http-nio-8080-exec-9] JWT Token does not begin with Bearer String
2022-02-05 12:33:34,585 WARN com.example.insuranceregistrationsystem.config.JwtRequestFilter [http-nio-8080-exec-8] JWT Token does not begin with Bearer String
2022-02-05 12:33:39,379 WARN com.example.insuranceregistrationsystem.config.JwtRequestFilter [http-nio-8080-exec-1] JWT Token does not begin with Bearer String
2022-02-05 12:33:39,380 WARN com.example.insuranceregistrationsystem.config.JwtRequestFilter [http-nio-8080-exec-4] JWT Token does not begin with Bearer String
2022-02-05 12:35:09,233 INFO org.springframework.orm.jpa.AbstractEntityManagerFactoryBean [SpringApplicationShutdownHook] Closing JPA EntityManagerFactory for persistence unit 'default'
2022-02-05 12:35:09,233 INFO org.hibernate.tool.schema.internal.SchemaDropperImpl$DelayedDropActionImpl [SpringApplicationShutdownHook] HHH000477: Starting delayed evictData of schema as part of SessionFactory shut-down'
2022-02-05 12:35:09,464 WARN org.springframework.beans.factory.support.DisposableBeanAdapter [SpringApplicationShutdownHook] Invocation of destroy method failed on bean with name 'inMemoryDatabaseShutdownExecutor': org.h2.jdbc.JdbcSQLNonTransientConnectionException: Database is already closed (to disable automatic closing at VM shutdown, add ";DB_CLOSE_ON_EXIT=FALSE" to the db URL) [90121-200]
2022-02-05 12:35:09,473 INFO com.zaxxer.hikari.HikariDataSource [SpringApplicationShutdownHook] HikariPool-1 - Shutdown initiated...
2022-02-05 12:35:09,480 INFO com.zaxxer.hikari.HikariDataSource [SpringApplicationShutdownHook] HikariPool-1 - Shutdown completed.
2022-02-05 12:35:20,634 INFO org.hibernate.validator.internal.util.Version [background-preinit] HV000001: Hibernate Validator 6.2.0.Final
2022-02-05 12:35:20,656 INFO org.springframework.boot.StartupInfoLogger [restartedMain] Starting InsuranceRegistrationSystemApplication using Java 11.0.11 on LAPTOP-855P8Q1E with PID 12156 (E:\github download\InsuranceRegistrationSystem\target\classes started by Immanuvel Jeeva in E:\github download\InsuranceRegistrationSystem)
2022-02-05 12:35:20,658 DEBUG org.springframework.boot.StartupInfoLogger [restartedMain] Running with Spring Boot v2.6.3, Spring v5.3.15
2022-02-05 12:35:20,659 INFO org.springframework.boot.SpringApplication [restartedMain] No active profile set, falling back to default profiles: default
2022-02-05 12:35:20,713 INFO org.springframework.boot.logging.DeferredLog [restartedMain] Devtools property defaults active! Set 'spring.devtools.add-properties' to 'false' to disable
2022-02-05 12:35:20,714 INFO org.springframework.boot.logging.DeferredLog [restartedMain] For additional web related logging consider setting the 'logging.level.web' property to 'DEBUG'
2022-02-05 12:35:21,573 INFO org.springframework.data.repository.config.RepositoryConfigurationDelegate [restartedMain] Multiple Spring Data modules found, entering strict repository configuration mode!
2022-02-05 12:35:21,573 INFO org.springframework.data.repository.config.RepositoryConfigurationDelegate [restartedMain] Bootstrapping Spring Data JPA repositories in DEFAULT mode.
2022-02-05 12:35:21,641 INFO org.springframework.data.repository.config.RepositoryConfigurationDelegate [restartedMain] Finished Spring Data repository scanning in 57 ms. Found 4 JPA repository interfaces.
2022-02-05 12:35:21,671 INFO org.springframework.data.repository.config.RepositoryConfigurationDelegate [restartedMain] Multiple Spring Data modules found, entering strict repository configuration mode!
2022-02-05 12:35:21,672 INFO org.springframework.data.repository.config.RepositoryConfigurationDelegate [restartedMain] Bootstrapping Spring Data MongoDB repositories in DEFAULT mode.
2022-02-05 12:35:21,688 INFO org.springframework.data.repository.config.RepositoryConfigurationDelegate [restartedMain] Finished Spring Data repository scanning in 16 ms. Found 4 MongoDB repository interfaces.
2022-02-05 12:35:22,319 INFO org.springframework.boot.web.embedded.tomcat.TomcatWebServer [restartedMain] Tomcat initialized with port(s): 8080 (http)
2022-02-05 12:35:22,329 INFO org.apache.juli.logging.DirectJDKLog [restartedMain] Initializing ProtocolHandler ["http-nio-8080"]
2022-02-05 12:35:22,330 INFO org.apache.juli.logging.DirectJDKLog [restartedMain] Starting service [Tomcat]
2022-02-05 12:35:22,330 INFO org.apache.juli.logging.DirectJDKLog [restartedMain] Starting Servlet engine: [Apache Tomcat/9.0.56]
2022-02-05 12:35:22,417 INFO org.apache.juli.logging.DirectJDKLog [restartedMain] Initializing Spring embedded WebApplicationContext
2022-02-05 12:35:22,417 INFO org.springframework.boot.web.servlet.context.ServletWebServerApplicationContext [restartedMain] Root WebApplicationContext: initialization completed in 1702 ms
2022-02-05 12:35:22,446 INFO com.zaxxer.hikari.HikariDataSource [restartedMain] HikariPool-1 - Starting...
2022-02-05 12:35:22,544 INFO com.zaxxer.hikari.HikariDataSource [restartedMain] HikariPool-1 - Start completed.
2022-02-05 12:35:22,555 INFO org.springframework.boot.autoconfigure.h2.H2ConsoleAutoConfiguration [restartedMain] H2 console available at '/h2-console'. Database available at 'jdbc:h2:mem:9bc16ca8-cfec-431a-9af2-6ca01be87d1a'
2022-02-05 12:35:22,666 INFO com.mongodb.diagnostics.logging.SLF4JLogger [restartedMain] Cluster created with settings {hosts=[localhost:27017], mode=SINGLE, requiredClusterType=UNKNOWN, serverSelectionTimeout='30000 ms'}
2022-02-05 12:35:22,722 INFO com.mongodb.diagnostics.logging.SLF4JLogger [cluster-rtt-ClusterId{value='61fe21b275e9e52f8b023300', description='null'}-localhost:27017] Opened connection [connectionId{localValue:1, serverValue:614}] to localhost:27017
2022-02-05 12:35:22,722 INFO com.mongodb.diagnostics.logging.SLF4JLogger [cluster-ClusterId{value='61fe21b275e9e52f8b023300', description='null'}-localhost:27017] Opened connection [connectionId{localValue:2, serverValue:615}] to localhost:27017
2022-02-05 12:35:22,723 INFO com.mongodb.diagnostics.logging.SLF4JLogger [cluster-ClusterId{value='61fe21b275e9e52f8b023300', description='null'}-localhost:27017] Monitor thread successfully connected to server with description ServerDescription{address=localhost:27017, type=STANDALONE, state=CONNECTED, ok=true, minWireVersion=0, maxWireVersion=13, maxDocumentSize=16777216, logicalSessionTimeoutMinutes=30, roundTripTimeNanos=19914600}
2022-02-05 12:35:23,012 WARN org.springframework.boot.autoconfigure.orm.jpa.JpaBaseConfiguration$JpaWebConfiguration [restartedMain] spring.jpa.open-in-view is enabled by default. Therefore, database queries may be performed during view rendering. Explicitly configure spring.jpa.open-in-view to disable this warning
2022-02-05 12:35:23,088 INFO org.hibernate.jpa.internal.util.LogHelper [restartedMain] HHH000204: Processing PersistenceUnitInfo [name: default]
2022-02-05 12:35:23,156 INFO org.hibernate.Version [restartedMain] HHH000412: Hibernate ORM core version 5.6.4.Final
2022-02-05 12:35:23,366 INFO org.hibernate.annotations.common.reflection.java.JavaReflectionManager [restartedMain] HCANN000001: Hibernate Commons Annotations {5.1.2.Final}
2022-02-05 12:35:23,502 INFO org.hibernate.dialect.Dialect [restartedMain] HHH000400: Using dialect: org.hibernate.dialect.H2Dialect
2022-02-05 12:35:24,270 INFO org.hibernate.engine.transaction.jta.platform.internal.JtaPlatformInitiator [restartedMain] HHH000490: Using JtaPlatform implementation: [org.hibernate.engine.transaction.jta.platform.internal.NoJtaPlatform]
2022-02-05 12:35:24,277 INFO org.springframework.orm.jpa.AbstractEntityManagerFactoryBean [restartedMain] Initialized JPA EntityManagerFactory for persistence unit 'default'
2022-02-05 12:35:24,394 DEBUG org.springframework.web.filter.GenericFilterBean [restartedMain] Filter 'jwtRequestFilter' configured for use
2022-02-05 12:35:24,433 INFO org.springframework.boot.devtools.autoconfigure.OptionalLiveReloadServer [restartedMain] LiveReload server is running on port 35729
2022-02-05 12:35:24,610 INFO org.springframework.security.web.DefaultSecurityFilterChain [restartedMain] Will secure any request with [org.springframework.security.web.context.request.async.WebAsyncManagerIntegrationFilter@4c66d7d8, org.springframework.security.web.context.SecurityContextPersistenceFilter@650c168c, org.springframework.security.web.header.HeaderWriterFilter@6b3d2e90, org.springframework.security.web.authentication.logout.LogoutFilter@eb6e167, com.example.insuranceregistrationsystem.config.JwtRequestFilter@585fbcd2, org.springframework.security.web.savedrequest.RequestCacheAwareFilter@5d62a7e2, org.springframework.security.web.servletapi.SecurityContextHolderAwareRequestFilter@624ea7e7, org.springframework.security.web.authentication.AnonymousAuthenticationFilter@26f84c98, org.springframework.security.web.session.SessionManagementFilter@2ef9581c, org.springframework.security.web.access.ExceptionTranslationFilter@1b511fe6, org.springframework.security.web.access.intercept.FilterSecurityInterceptor@76cb96b9]
2022-02-05 12:35:25,024 INFO org.apache.juli.logging.DirectJDKLog [restartedMain] Starting ProtocolHandler ["http-nio-8080"]
2022-02-05 12:35:25,040 INFO org.springframework.boot.web.embedded.tomcat.TomcatWebServer [restartedMain] Tomcat started on port(s): 8080 (http) with context path ''
2022-02-05 12:35:25,055 INFO org.springframework.boot.StartupInfoLogger [restartedMain] Started InsuranceRegistrationSystemApplication in 4.911 seconds (JVM running for 6.679)
2022-02-05 12:35:34,557 INFO org.apache.juli.logging.DirectJDKLog [http-nio-8080-exec-1] Initializing Spring DispatcherServlet 'dispatcherServlet'
2022-02-05 12:35:34,557 INFO org.springframework.web.servlet.FrameworkServlet [http-nio-8080-exec-1] Initializing Servlet 'dispatcherServlet'
2022-02-05 12:35:34,559 INFO org.springframework.web.servlet.FrameworkServlet [http-nio-8080-exec-1] Completed initialization in 1 ms
2022-02-05 12:35:34,577 WARN com.example.insuranceregistrationsystem.config.JwtRequestFilter [http-nio-8080-exec-2] JWT Token does not begin with Bearer String
2022-02-05 12:35:34,577 WARN com.example.insuranceregistrationsystem.config.JwtRequestFilter [http-nio-8080-exec-1] JWT Token does not begin with Bearer String
2022-02-05 12:35:34,981 INFO com.mongodb.diagnostics.logging.SLF4JLogger [http-nio-8080-exec-1] Opened connection [connectionId{localValue:3, serverValue:616}] to localhost:27017
2022-02-05 12:39:34,373 WARN com.example.insuranceregistrationsystem.config.JwtRequestFilter [http-nio-8080-exec-5] JWT Token does not begin with Bearer String
2022-02-05 12:39:34,374 WARN com.example.insuranceregistrationsystem.config.JwtRequestFilter [http-nio-8080-exec-6] JWT Token does not begin with Bearer String
2022-02-05 12:39:39,416 WARN com.example.insuranceregistrationsystem.config.JwtRequestFilter [http-nio-8080-exec-9] JWT Token does not begin with Bearer String
2022-02-05 12:39:39,417 WARN com.example.insuranceregistrationsystem.config.JwtRequestFilter [http-nio-8080-exec-10] JWT Token does not begin with Bearer String
2022-02-05 12:40:42,390 WARN com.example.insuranceregistrationsystem.config.JwtRequestFilter [http-nio-8080-exec-4] JWT Token does not begin with Bearer String
2022-02-05 12:42:31,391 WARN com.example.insuranceregistrationsystem.config.JwtRequestFilter [http-nio-8080-exec-7] JWT Token does not begin with Bearer String
2022-02-05 12:42:31,392 WARN com.example.insuranceregistrationsystem.config.JwtRequestFilter [http-nio-8080-exec-10] JWT Token does not begin with Bearer String
2022-02-05 12:49:08,069 WARN com.example.insuranceregistrationsystem.config.JwtRequestFilter [http-nio-8080-exec-4] JWT Token does not begin with Bearer String
2022-02-05 12:49:08,069 WARN com.example.insuranceregistrationsystem.config.JwtRequestFilter [http-nio-8080-exec-3] JWT Token does not begin with Bearer String
2022-02-05 12:49:23,676 WARN com.example.insuranceregistrationsystem.config.JwtRequestFilter [http-nio-8080-exec-8] JWT Token does not begin with Bearer String
2022-02-05 12:49:23,678 WARN com.example.insuranceregistrationsystem.config.JwtRequestFilter [http-nio-8080-exec-10] JWT Token does not begin with Bearer String
2022-02-05 12:49:31,904 WARN com.example.insuranceregistrationsystem.config.JwtRequestFilter [http-nio-8080-exec-9] JWT Token does not begin with Bearer String
2022-02-05 12:49:31,904 WARN com.example.insuranceregistrationsystem.config.JwtRequestFilter [http-nio-8080-exec-1] JWT Token does not begin with Bearer String
2022-02-05 12:50:14,185 WARN com.example.insuranceregistrationsystem.config.JwtRequestFilter [http-nio-8080-exec-4] JWT Token does not begin with Bearer String
2022-02-05 12:50:14,222 WARN com.example.insuranceregistrationsystem.config.JwtRequestFilter [http-nio-8080-exec-3] JWT Token does not begin with Bearer String
2022-02-05 13:00:39,452 WARN com.zaxxer.hikari.pool.HikariPool$HouseKeeper [HikariPool-1 housekeeper] HikariPool-1 - Thread starvation or clock leap detected (housekeeper delta=1m16s404ms939s100ns).
2022-02-05 13:00:47,983 WARN com.example.insuranceregistrationsystem.config.JwtRequestFilter [http-nio-8080-exec-10] JWT Token does not begin with Bearer String
2022-02-05 13:00:47,988 WARN com.example.insuranceregistrationsystem.config.JwtRequestFilter [http-nio-8080-exec-8] JWT Token does not begin with Bearer String
2022-02-05 13:00:48,044 WARN com.example.insuranceregistrationsystem.config.JwtRequestFilter [http-nio-8080-exec-7] JWT Token does not begin with Bearer String
2022-02-05 13:00:53,282 WARN com.example.insuranceregistrationsystem.config.JwtRequestFilter [http-nio-8080-exec-2] JWT Token does not begin with Bearer String
2022-02-05 13:00:53,282 WARN com.example.insuranceregistrationsystem.config.JwtRequestFilter [http-nio-8080-exec-1] JWT Token does not begin with Bearer String
2022-02-05 13:30:20,798 WARN com.zaxxer.hikari.pool.HikariPool$HouseKeeper [HikariPool-1 housekeeper] HikariPool-1 - Thread starvation or clock leap detected (housekeeper delta=1m40s889ms365s100ns).
2022-02-05 13:36:57,036 INFO org.springframework.orm.jpa.AbstractEntityManagerFactoryBean [SpringApplicationShutdownHook] Closing JPA EntityManagerFactory for persistence unit 'default'
2022-02-05 13:36:57,058 INFO org.hibernate.tool.schema.internal.SchemaDropperImpl$DelayedDropActionImpl [SpringApplicationShutdownHook] HHH000477: Starting delayed evictData of schema as part of SessionFactory shut-down'
2022-02-05 13:36:57,367 WARN org.springframework.beans.factory.support.DisposableBeanAdapter [SpringApplicationShutdownHook] Invocation of destroy method failed on bean with name 'inMemoryDatabaseShutdownExecutor': org.h2.jdbc.JdbcSQLNonTransientConnectionException: Database is already closed (to disable automatic closing at VM shutdown, add ";DB_CLOSE_ON_EXIT=FALSE" to the db URL) [90121-200]
2022-02-05 13:36:57,389 INFO com.zaxxer.hikari.HikariDataSource [SpringApplicationShutdownHook] HikariPool-1 - Shutdown initiated...
2022-02-05 13:36:57,400 INFO com.zaxxer.hikari.HikariDataSource [SpringApplicationShutdownHook] HikariPool-1 - Shutdown completed.
2022-02-05 17:56:26,950 INFO org.hibernate.validator.internal.util.Version [background-preinit] HV000001: Hibernate Validator 6.2.0.Final
2022-02-05 17:56:26,982 INFO org.springframework.boot.StartupInfoLogger [restartedMain] Starting InsuranceRegistrationSystemApplication using Java 11.0.11 on LAPTOP-855P8Q1E with PID 20188 (E:\github download\InsuranceRegistrationSystem\target\classes started by Immanuvel Jeeva in E:\github download\InsuranceRegistrationSystem)
2022-02-05 17:56:26,984 DEBUG org.springframework.boot.StartupInfoLogger [restartedMain] Running with Spring Boot v2.6.3, Spring v5.3.15
2022-02-05 17:56:26,985 INFO org.springframework.boot.SpringApplication [restartedMain] No active profile set, falling back to default profiles: default
2022-02-05 17:56:27,041 INFO org.springframework.boot.logging.DeferredLog [restartedMain] Devtools property defaults active! Set 'spring.devtools.add-properties' to 'false' to disable
2022-02-05 17:56:27,042 INFO org.springframework.boot.logging.DeferredLog [restartedMain] For additional web related logging consider setting the 'logging.level.web' property to 'DEBUG'
2022-02-05 17:56:27,912 INFO org.springframework.data.repository.config.RepositoryConfigurationDelegate [restartedMain] Multiple Spring Data modules found, entering strict repository configuration mode!
2022-02-05 17:56:27,913 INFO org.springframework.data.repository.config.RepositoryConfigurationDelegate [restartedMain] Bootstrapping Spring Data JPA repositories in DEFAULT mode.
2022-02-05 17:56:27,989 INFO org.springframework.data.repository.config.RepositoryConfigurationDelegate [restartedMain] Finished Spring Data repository scanning in 64 ms. Found 4 JPA repository interfaces.
2022-02-05 17:56:28,018 INFO org.springframework.data.repository.config.RepositoryConfigurationDelegate [restartedMain] Multiple Spring Data modules found, entering strict repository configuration mode!
2022-02-05 17:56:28,018 INFO org.springframework.data.repository.config.RepositoryConfigurationDelegate [restartedMain] Bootstrapping Spring Data MongoDB repositories in DEFAULT mode.
2022-02-05 17:56:28,027 INFO org.springframework.data.repository.config.RepositoryConfigurationDelegate [restartedMain] Finished Spring Data repository scanning in 8 ms. Found 4 MongoDB repository interfaces.
2022-02-05 17:56:28,719 INFO org.springframework.boot.web.embedded.tomcat.TomcatWebServer [restartedMain] Tomcat initialized with port(s): 8080 (http)
2022-02-05 17:56:28,730 INFO org.apache.juli.logging.DirectJDKLog [restartedMain] Initializing ProtocolHandler ["http-nio-8080"]
2022-02-05 17:56:28,730 INFO org.apache.juli.logging.DirectJDKLog [restartedMain] Starting service [Tomcat]
2022-02-05 17:56:28,731 INFO org.apache.juli.logging.DirectJDKLog [restartedMain] Starting Servlet engine: [Apache Tomcat/9.0.56]
2022-02-05 17:56:28,833 INFO org.apache.juli.logging.DirectJDKLog [restartedMain] Initializing Spring embedded WebApplicationContext
2022-02-05 17:56:28,833 INFO org.springframework.boot.web.servlet.context.ServletWebServerApplicationContext [restartedMain] Root WebApplicationContext: initialization completed in 1791 ms
2022-02-05 17:56:28,873 INFO com.zaxxer.hikari.HikariDataSource [restartedMain] HikariPool-1 - Starting...
2022-02-05 17:56:29,020 INFO com.zaxxer.hikari.HikariDataSource [restartedMain] HikariPool-1 - Start completed.
2022-02-05 17:56:29,030 INFO org.springframework.boot.autoconfigure.h2.H2ConsoleAutoConfiguration [restartedMain] H2 console available at '/h2-console'. Database available at 'jdbc:h2:mem:df4ac0bc-dc7b-4df1-a41a-2efb985d0f91'
2022-02-05 17:56:29,143 INFO com.mongodb.diagnostics.logging.SLF4JLogger [restartedMain] Cluster created with settings {hosts=[localhost:27017], mode=SINGLE, requiredClusterType=UNKNOWN, serverSelectionTimeout='30000 ms'}
2022-02-05 17:56:29,200 INFO com.mongodb.diagnostics.logging.SLF4JLogger [cluster-rtt-ClusterId{value='61fe6cf5869da35c77e40a1d', description='null'}-localhost:27017] Opened connection [connectionId{localValue:1, serverValue:621}] to localhost:27017
2022-02-05 17:56:29,200 INFO com.mongodb.diagnostics.logging.SLF4JLogger [cluster-ClusterId{value='61fe6cf5869da35c77e40a1d', description='null'}-localhost:27017] Opened connection [connectionId{localValue:2, serverValue:622}] to localhost:27017
2022-02-05 17:56:29,201 INFO com.mongodb.diagnostics.logging.SLF4JLogger [cluster-ClusterId{value='61fe6cf5869da35c77e40a1d', description='null'}-localhost:27017] Monitor thread successfully connected to server with description ServerDescription{address=localhost:27017, type=STANDALONE, state=CONNECTED, ok=true, minWireVersion=0, maxWireVersion=13, maxDocumentSize=16777216, logicalSessionTimeoutMinutes=30, roundTripTimeNanos=18583900}
2022-02-05 17:56:29,556 WARN org.springframework.boot.autoconfigure.orm.jpa.JpaBaseConfiguration$JpaWebConfiguration [restartedMain] spring.jpa.open-in-view is enabled by default. Therefore, database queries may be performed during view rendering. Explicitly configure spring.jpa.open-in-view to disable this warning
2022-02-05 17:56:29,628 INFO org.hibernate.jpa.internal.util.LogHelper [restartedMain] HHH000204: Processing PersistenceUnitInfo [name: default]
2022-02-05 17:56:29,722 INFO org.hibernate.Version [restartedMain] HHH000412: Hibernate ORM core version 5.6.4.Final
2022-02-05 17:56:29,935 INFO org.hibernate.annotations.common.reflection.java.JavaReflectionManager [restartedMain] HCANN000001: Hibernate Commons Annotations {5.1.2.Final}
2022-02-05 17:56:30,073 INFO org.hibernate.dialect.Dialect [restartedMain] HHH000400: Using dialect: org.hibernate.dialect.H2Dialect
2022-02-05 17:56:30,826 INFO org.hibernate.engine.transaction.jta.platform.internal.JtaPlatformInitiator [restartedMain] HHH000490: Using JtaPlatform implementation: [org.hibernate.engine.transaction.jta.platform.internal.NoJtaPlatform]
2022-02-05 17:56:30,834 INFO org.springframework.orm.jpa.AbstractEntityManagerFactoryBean [restartedMain] Initialized JPA EntityManagerFactory for persistence unit 'default'
2022-02-05 17:56:30,984 DEBUG org.springframework.web.filter.GenericFilterBean [restartedMain] Filter 'jwtRequestFilter' configured for use
2022-02-05 17:56:31,024 INFO org.springframework.boot.devtools.autoconfigure.OptionalLiveReloadServer [restartedMain] LiveReload server is running on port 35729
2022-02-05 17:56:31,158 INFO org.springframework.security.web.DefaultSecurityFilterChain [restartedMain] Will secure any request with [org.springframework.security.web.context.request.async.WebAsyncManagerIntegrationFilter@9fd4e1b, org.springframework.security.web.context.SecurityContextPersistenceFilter@11511056, org.springframework.security.web.header.HeaderWriterFilter@38d6bc8d, org.springframework.security.web.authentication.logout.LogoutFilter@4022634b, com.example.insuranceregistrationsystem.config.JwtRequestFilter@802814d, org.springframework.security.web.savedrequest.RequestCacheAwareFilter@7f872216, org.springframework.security.web.servletapi.SecurityContextHolderAwareRequestFilter@37585cf6, org.springframework.security.web.authentication.AnonymousAuthenticationFilter@14aa2199, org.springframework.security.web.session.SessionManagementFilter@482bac5a, org.springframework.security.web.access.ExceptionTranslationFilter@76b1412a, org.springframework.security.web.access.intercept.FilterSecurityInterceptor@32ac041b]
2022-02-05 17:56:31,535 INFO org.apache.juli.logging.DirectJDKLog [restartedMain] Starting ProtocolHandler ["http-nio-8080"]
2022-02-05 17:56:31,551 INFO org.springframework.boot.web.embedded.tomcat.TomcatWebServer [restartedMain] Tomcat started on port(s): 8080 (http) with context path ''
2022-02-05 17:56:31,564 INFO org.springframework.boot.StartupInfoLogger [restartedMain] Started InsuranceRegistrationSystemApplication in 5.083 seconds (JVM running for 6.505)
2022-02-05 17:57:00,768 INFO org.springframework.orm.jpa.AbstractEntityManagerFactoryBean [SpringApplicationShutdownHook] Closing JPA EntityManagerFactory for persistence unit 'default'
2022-02-05 17:57:00,769 INFO org.hibernate.tool.schema.internal.SchemaDropperImpl$DelayedDropActionImpl [SpringApplicationShutdownHook] HHH000477: Starting delayed evictData of schema as part of SessionFactory shut-down'
2022-02-05 17:57:01,034 WARN org.springframework.beans.factory.support.DisposableBeanAdapter [SpringApplicationShutdownHook] Invocation of destroy method failed on bean with name 'inMemoryDatabaseShutdownExecutor': org.h2.jdbc.JdbcSQLNonTransientConnectionException: Database is already closed (to disable automatic closing at VM shutdown, add ";DB_CLOSE_ON_EXIT=FALSE" to the db URL) [90121-200]
2022-02-05 17:57:01,041 INFO com.zaxxer.hikari.HikariDataSource [SpringApplicationShutdownHook] HikariPool-1 - Shutdown initiated...
2022-02-05 17:57:01,049 INFO com.zaxxer.hikari.HikariDataSource [SpringApplicationShutdownHook] HikariPool-1 - Shutdown completed.
2022-02-05 17:58:11,493 INFO org.hibernate.validator.internal.util.Version [background-preinit] HV000001: Hibernate Validator 6.2.0.Final
2022-02-05 17:58:11,515 INFO org.springframework.boot.StartupInfoLogger [restartedMain] Starting InsuranceRegistrationSystemApplication using Java 11.0.11 on LAPTOP-855P8Q1E with PID 17244 (E:\github download\InsuranceRegistrationSystem\target\classes started by Immanuvel Jeeva in E:\github download\InsuranceRegistrationSystem)
2022-02-05 17:58:11,518 DEBUG org.springframework.boot.StartupInfoLogger [restartedMain] Running with Spring Boot v2.6.3, Spring v5.3.15
2022-02-05 17:58:11,518 INFO org.springframework.boot.SpringApplication [restartedMain] No active profile set, falling back to default profiles: default
2022-02-05 17:58:11,555 INFO org.springframework.boot.logging.DeferredLog [restartedMain] Devtools property defaults active! Set 'spring.devtools.add-properties' to 'false' to disable
2022-02-05 17:58:11,555 INFO org.springframework.boot.logging.DeferredLog [restartedMain] For additional web related logging consider setting the 'logging.level.web' property to 'DEBUG'
2022-02-05 17:58:12,197 INFO org.springframework.data.repository.config.RepositoryConfigurationDelegate [restartedMain] Multiple Spring Data modules found, entering strict repository configuration mode!
2022-02-05 17:58:12,198 INFO org.springframework.data.repository.config.RepositoryConfigurationDelegate [restartedMain] Bootstrapping Spring Data JPA repositories in DEFAULT mode.
2022-02-05 17:58:12,251 INFO org.springframework.data.repository.config.RepositoryConfigurationDelegate [restartedMain] Finished Spring Data repository scanning in 45 ms. Found 4 JPA repository interfaces.
2022-02-05 17:58:12,275 INFO org.springframework.data.repository.config.RepositoryConfigurationDelegate [restartedMain] Multiple Spring Data modules found, entering strict repository configuration mode!
2022-02-05 17:58:12,275 INFO org.springframework.data.repository.config.RepositoryConfigurationDelegate [restartedMain] Bootstrapping Spring Data MongoDB repositories in DEFAULT mode.
2022-02-05 17:58:12,283 INFO org.springframework.data.repository.config.RepositoryConfigurationDelegate [restartedMain] Finished Spring Data repository scanning in 7 ms. Found 4 MongoDB repository interfaces.
2022-02-05 17:58:12,803 INFO org.springframework.boot.web.embedded.tomcat.TomcatWebServer [restartedMain] Tomcat initialized with port(s): 8080 (http)
2022-02-05 17:58:12,809 INFO org.apache.juli.logging.DirectJDKLog [restartedMain] Initializing ProtocolHandler ["http-nio-8080"]
2022-02-05 17:58:12,810 INFO org.apache.juli.logging.DirectJDKLog [restartedMain] Starting service [Tomcat]
2022-02-05 17:58:12,810 INFO org.apache.juli.logging.DirectJDKLog [restartedMain] Starting Servlet engine: [Apache Tomcat/9.0.56]
2022-02-05 17:58:12,890 INFO org.apache.juli.logging.DirectJDKLog [restartedMain] Initializing Spring embedded WebApplicationContext
2022-02-05 17:58:12,891 INFO org.springframework.boot.web.servlet.context.ServletWebServerApplicationContext [restartedMain] Root WebApplicationContext: initialization completed in 1335 ms
2022-02-05 17:58:12,917 INFO com.zaxxer.hikari.HikariDataSource [restartedMain] HikariPool-1 - Starting...
2022-02-05 17:58:13,000 INFO com.zaxxer.hikari.HikariDataSource [restartedMain] HikariPool-1 - Start completed.
2022-02-05 17:58:13,012 INFO org.springframework.boot.autoconfigure.h2.H2ConsoleAutoConfiguration [restartedMain] H2 console available at '/h2-console'. Database available at 'jdbc:h2:mem:ecd7e354-c498-4e47-a0a7-3164fb32f7a4'
2022-02-05 17:58:13,105 INFO com.mongodb.diagnostics.logging.SLF4JLogger [restartedMain] Cluster created with settings {hosts=[localhost:27017], mode=SINGLE, requiredClusterType=UNKNOWN, serverSelectionTimeout='30000 ms'}
2022-02-05 17:58:13,148 INFO com.mongodb.diagnostics.logging.SLF4JLogger [cluster-ClusterId{value='61fe6d5d9b9d190fc9f7b42e', description='null'}-localhost:27017] Opened connection [connectionId{localValue:1, serverValue:624}] to localhost:27017
2022-02-05 17:58:13,148 INFO com.mongodb.diagnostics.logging.SLF4JLogger [cluster-rtt-ClusterId{value='61fe6d5d9b9d190fc9f7b42e', description='null'}-localhost:27017] Opened connection [connectionId{localValue:2, serverValue:623}] to localhost:27017
2022-02-05 17:58:13,149 INFO com.mongodb.diagnostics.logging.SLF4JLogger [cluster-ClusterId{value='61fe6d5d9b9d190fc9f7b42e', description='null'}-localhost:27017] Monitor thread successfully connected to server with description ServerDescription{address=localhost:27017, type=STANDALONE, state=CONNECTED, ok=true, minWireVersion=0, maxWireVersion=13, maxDocumentSize=16777216, logicalSessionTimeoutMinutes=30, roundTripTimeNanos=14351000}
2022-02-05 17:58:13,384 WARN org.springframework.boot.autoconfigure.orm.jpa.JpaBaseConfiguration$JpaWebConfiguration [restartedMain] spring.jpa.open-in-view is enabled by default. Therefore, database queries may be performed during view rendering. Explicitly configure spring.jpa.open-in-view to disable this warning
2022-02-05 17:58:13,438 INFO org.hibernate.jpa.internal.util.LogHelper [restartedMain] HHH000204: Processing PersistenceUnitInfo [name: default]
2022-02-05 17:58:13,473 INFO org.hibernate.Version [restartedMain] HHH000412: Hibernate ORM core version 5.6.4.Final
2022-02-05 17:58:13,575 INFO org.hibernate.annotations.common.reflection.java.JavaReflectionManager [restartedMain] HCANN000001: Hibernate Commons Annotations {5.1.2.Final}
2022-02-05 17:58:13,677 INFO org.hibernate.dialect.Dialect [restartedMain] HHH000400: Using dialect: org.hibernate.dialect.H2Dialect
2022-02-05 17:58:14,216 INFO org.hibernate.engine.transaction.jta.platform.internal.JtaPlatformInitiator [restartedMain] HHH000490: Using JtaPlatform implementation: [org.hibernate.engine.transaction.jta.platform.internal.NoJtaPlatform]
2022-02-05 17:58:14,226 INFO org.springframework.orm.jpa.AbstractEntityManagerFactoryBean [restartedMain] Initialized JPA EntityManagerFactory for persistence unit 'default'
2022-02-05 17:58:14,360 DEBUG org.springframework.web.filter.GenericFilterBean [restartedMain] Filter 'jwtRequestFilter' configured for use
2022-02-05 17:58:14,391 INFO org.springframework.boot.devtools.autoconfigure.OptionalLiveReloadServer [restartedMain] LiveReload server is running on port 35729
2022-02-05 17:58:14,496 INFO org.springframework.security.web.DefaultSecurityFilterChain [restartedMain] Will secure any request with [org.springframework.security.web.context.request.async.WebAsyncManagerIntegrationFilter@332cfbd3, org.springframework.security.web.context.SecurityContextPersistenceFilter@16d2b68a, org.springframework.security.web.header.HeaderWriterFilter@5994bf01, org.springframework.security.web.authentication.logout.LogoutFilter@48a73c99, com.example.insuranceregistrationsystem.config.JwtRequestFilter@16771a42, org.springframework.security.web.savedrequest.RequestCacheAwareFilter@442b0c6c, org.springframework.security.web.servletapi.SecurityContextHolderAwareRequestFilter@2f1c8e5c, org.springframework.security.web.authentication.AnonymousAuthenticationFilter@51db0f74, org.springframework.security.web.session.SessionManagementFilter@1b82536, org.springframework.security.web.access.ExceptionTranslationFilter@5d6ab673, org.springframework.security.web.access.intercept.FilterSecurityInterceptor@5106425]
2022-02-05 17:58:14,835 INFO org.apache.juli.logging.DirectJDKLog [restartedMain] Starting ProtocolHandler ["http-nio-8080"]
2022-02-05 17:58:14,883 INFO org.springframework.boot.web.embedded.tomcat.TomcatWebServer [restartedMain] Tomcat started on port(s): 8080 (http) with context path ''
2022-02-05 17:58:14,895 INFO org.springframework.boot.StartupInfoLogger [restartedMain] Started InsuranceRegistrationSystemApplication in 3.781 seconds (JVM running for 5.378)
2022-02-05 18:02:09,920 INFO org.apache.juli.logging.DirectJDKLog [http-nio-8080-exec-1] Initializing Spring DispatcherServlet 'dispatcherServlet'
2022-02-05 18:02:09,920 INFO org.springframework.web.servlet.FrameworkServlet [http-nio-8080-exec-1] Initializing Servlet 'dispatcherServlet'
2022-02-05 18:02:09,922 INFO org.springframework.web.servlet.FrameworkServlet [http-nio-8080-exec-1] Completed initialization in 1 ms
2022-02-05 18:04:39,779 WARN com.example.insuranceregistrationsystem.config.JwtRequestFilter [http-nio-8080-exec-5] JWT Token does not begin with Bearer String
2022-02-05 18:04:40,143 INFO com.mongodb.diagnostics.logging.SLF4JLogger [http-nio-8080-exec-5] Opened connection [connectionId{localValue:3, serverValue:638}] to localhost:27017
2022-02-05 18:07:44,764 INFO org.springframework.orm.jpa.AbstractEntityManagerFactoryBean [SpringApplicationShutdownHook] Closing JPA EntityManagerFactory for persistence unit 'default'
2022-02-05 18:07:44,765 INFO org.hibernate.tool.schema.internal.SchemaDropperImpl$DelayedDropActionImpl [SpringApplicationShutdownHook] HHH000477: Starting delayed evictData of schema as part of SessionFactory shut-down'
2022-02-05 18:07:45,020 WARN org.springframework.beans.factory.support.DisposableBeanAdapter [SpringApplicationShutdownHook] Invocation of destroy method failed on bean with name 'inMemoryDatabaseShutdownExecutor': org.h2.jdbc.JdbcSQLNonTransientConnectionException: Database is already closed (to disable automatic closing at VM shutdown, add ";DB_CLOSE_ON_EXIT=FALSE" to the db URL) [90121-200]
2022-02-05 18:07:45,034 INFO com.zaxxer.hikari.HikariDataSource [SpringApplicationShutdownHook] HikariPool-1 - Shutdown initiated...
2022-02-05 18:07:45,041 INFO com.zaxxer.hikari.HikariDataSource [SpringApplicationShutdownHook] HikariPool-1 - Shutdown completed.
2022-02-05 18:08:25,381 INFO org.hibernate.validator.internal.util.Version [background-preinit] HV000001: Hibernate Validator 6.2.0.Final
2022-02-05 18:08:25,398 INFO org.springframework.boot.StartupInfoLogger [restartedMain] Starting InsuranceRegistrationSystemApplication using Java 11.0.11 on LAPTOP-855P8Q1E with PID 20776 (E:\github download\InsuranceRegistrationSystem\target\classes started by Immanuvel Jeeva in E:\github download\InsuranceRegistrationSystem)
2022-02-05 18:08:25,400 DEBUG org.springframework.boot.StartupInfoLogger [restartedMain] Running with Spring Boot v2.6.3, Spring v5.3.15
2022-02-05 18:08:25,400 INFO org.springframework.boot.SpringApplication [restartedMain] No active profile set, falling back to default profiles: default
2022-02-05 18:08:25,438 INFO org.springframework.boot.logging.DeferredLog [restartedMain] Devtools property defaults active! Set 'spring.devtools.add-properties' to 'false' to disable
2022-02-05 18:08:25,439 INFO org.springframework.boot.logging.DeferredLog [restartedMain] For additional web related logging consider setting the 'logging.level.web' property to 'DEBUG'
2022-02-05 18:08:26,080 INFO org.springframework.data.repository.config.RepositoryConfigurationDelegate [restartedMain] Multiple Spring Data modules found, entering strict repository configuration mode!
2022-02-05 18:08:26,080 INFO org.springframework.data.repository.config.RepositoryConfigurationDelegate [restartedMain] Bootstrapping Spring Data JPA repositories in DEFAULT mode.
2022-02-05 18:08:26,135 INFO org.springframework.data.repository.config.RepositoryConfigurationDelegate [restartedMain] Finished Spring Data repository scanning in 49 ms. Found 4 JPA repository interfaces.
2022-02-05 18:08:26,160 INFO org.springframework.data.repository.config.RepositoryConfigurationDelegate [restartedMain] Multiple Spring Data modules found, entering strict repository configuration mode!
2022-02-05 18:08:26,160 INFO org.springframework.data.repository.config.RepositoryConfigurationDelegate [restartedMain] Bootstrapping Spring Data MongoDB repositories in DEFAULT mode.
2022-02-05 18:08:26,170 INFO org.springframework.data.repository.config.RepositoryConfigurationDelegate [restartedMain] Finished Spring Data repository scanning in 9 ms. Found 4 MongoDB repository interfaces.
2022-02-05 18:08:26,712 INFO org.springframework.boot.web.embedded.tomcat.TomcatWebServer [restartedMain] Tomcat initialized with port(s): 8080 (http)
2022-02-05 18:08:26,720 INFO org.apache.juli.logging.DirectJDKLog [restartedMain] Initializing ProtocolHandler ["http-nio-8080"]
2022-02-05 18:08:26,721 INFO org.apache.juli.logging.DirectJDKLog [restartedMain] Starting service [Tomcat]
2022-02-05 18:08:26,721 INFO org.apache.juli.logging.DirectJDKLog [restartedMain] Starting Servlet engine: [Apache Tomcat/9.0.56]
2022-02-05 18:08:26,799 INFO org.apache.juli.logging.DirectJDKLog [restartedMain] Initializing Spring embedded WebApplicationContext
2022-02-05 18:08:26,800 INFO org.springframework.boot.web.servlet.context.ServletWebServerApplicationContext [restartedMain] Root WebApplicationContext: initialization completed in 1361 ms
2022-02-05 18:08:26,826 INFO com.zaxxer.hikari.HikariDataSource [restartedMain] HikariPool-1 - Starting...
2022-02-05 18:08:26,912 INFO com.zaxxer.hikari.HikariDataSource [restartedMain] HikariPool-1 - Start completed.
2022-02-05 18:08:26,920 INFO org.springframework.boot.autoconfigure.h2.H2ConsoleAutoConfiguration [restartedMain] H2 console available at '/h2-console'. Database available at 'jdbc:h2:mem:e136327b-aa5c-42f1-8036-8b3a21d8831e'
2022-02-05 18:08:27,032 INFO com.mongodb.diagnostics.logging.SLF4JLogger [restartedMain] Cluster created with settings {hosts=[localhost:27017], mode=SINGLE, requiredClusterType=UNKNOWN, serverSelectionTimeout='30000 ms'}
2022-02-05 18:08:27,076 INFO com.mongodb.diagnostics.logging.SLF4JLogger [cluster-ClusterId{value='61fe6fc3beabcc217b5ae1a6', description='null'}-localhost:27017] Opened connection [connectionId{localValue:2, serverValue:640}] to localhost:27017
2022-02-05 18:08:27,076 INFO com.mongodb.diagnostics.logging.SLF4JLogger [cluster-rtt-ClusterId{value='61fe6fc3beabcc217b5ae1a6', description='null'}-localhost:27017] Opened connection [connectionId{localValue:1, serverValue:639}] to localhost:27017
2022-02-05 18:08:27,077 INFO com.mongodb.diagnostics.logging.SLF4JLogger [cluster-ClusterId{value='61fe6fc3beabcc217b5ae1a6', description='null'}-localhost:27017] Monitor thread successfully connected to server with description ServerDescription{address=localhost:27017, type=STANDALONE, state=CONNECTED, ok=true, minWireVersion=0, maxWireVersion=13, maxDocumentSize=16777216, logicalSessionTimeoutMinutes=30, roundTripTimeNanos=17302800}
2022-02-05 18:08:27,311 WARN org.springframework.boot.autoconfigure.orm.jpa.JpaBaseConfiguration$JpaWebConfiguration [restartedMain] spring.jpa.open-in-view is enabled by default. Therefore, database queries may be performed during view rendering. Explicitly configure spring.jpa.open-in-view to disable this warning
2022-02-05 18:08:27,368 INFO org.hibernate.jpa.internal.util.LogHelper [restartedMain] HHH000204: Processing PersistenceUnitInfo [name: default]
2022-02-05 18:08:27,418 INFO org.hibernate.Version [restartedMain] HHH000412: Hibernate ORM core version 5.6.4.Final
2022-02-05 18:08:27,559 INFO org.hibernate.annotations.common.reflection.java.JavaReflectionManager [restartedMain] HCANN000001: Hibernate Commons Annotations {5.1.2.Final}
2022-02-05 18:08:27,663 INFO org.hibernate.dialect.Dialect [restartedMain] HHH000400: Using dialect: org.hibernate.dialect.H2Dialect
2022-02-05 18:08:28,269 INFO org.hibernate.engine.transaction.jta.platform.internal.JtaPlatformInitiator [restartedMain] HHH000490: Using JtaPlatform implementation: [org.hibernate.engine.transaction.jta.platform.internal.NoJtaPlatform]
2022-02-05 18:08:28,276 INFO org.springframework.orm.jpa.AbstractEntityManagerFactoryBean [restartedMain] Initialized JPA EntityManagerFactory for persistence unit 'default'
2022-02-05 18:08:28,412 DEBUG org.springframework.web.filter.GenericFilterBean [restartedMain] Filter 'jwtRequestFilter' configured for use
2022-02-05 18:08:28,445 INFO org.springframework.boot.devtools.autoconfigure.OptionalLiveReloadServer [restartedMain] LiveReload server is running on port 35729
2022-02-05 18:08:28,548 INFO org.springframework.security.web.DefaultSecurityFilterChain [restartedMain] Will secure any request with [org.springframework.security.web.context.request.async.WebAsyncManagerIntegrationFilter@5816a14f, org.springframework.security.web.context.SecurityContextPersistenceFilter@b487a25, org.springframework.security.web.header.HeaderWriterFilter@2241652, org.springframework.security.web.authentication.logout.LogoutFilter@3b5efbbb, com.example.insuranceregistrationsystem.config.JwtRequestFilter@3d5710b3, org.springframework.security.web.savedrequest.RequestCacheAwareFilter@6dfd340f, org.springframework.security.web.servletapi.SecurityContextHolderAwareRequestFilter@49f5594f, org.springframework.security.web.authentication.AnonymousAuthenticationFilter@67d71f07, org.springframework.security.web.session.SessionManagementFilter@391296c4, org.springframework.security.web.access.ExceptionTranslationFilter@7f4a132a, org.springframework.security.web.access.intercept.FilterSecurityInterceptor@3e9e7ce8]
2022-02-05 18:08:28,921 INFO org.apache.juli.logging.DirectJDKLog [restartedMain] Starting ProtocolHandler ["http-nio-8080"]
2022-02-05 18:08:28,938 INFO org.springframework.boot.web.embedded.tomcat.TomcatWebServer [restartedMain] Tomcat started on port(s): 8080 (http) with context path ''
2022-02-05 18:08:28,952 INFO org.springframework.boot.StartupInfoLogger [restartedMain] Started InsuranceRegistrationSystemApplication in 3.97 seconds (JVM running for 5.573)
2022-02-05 18:09:49,611 INFO org.apache.juli.logging.DirectJDKLog [http-nio-8080-exec-2] Initializing Spring DispatcherServlet 'dispatcherServlet'
2022-02-05 18:09:49,612 INFO org.springframework.web.servlet.FrameworkServlet [http-nio-8080-exec-2] Initializing Servlet 'dispatcherServlet'
2022-02-05 18:09:49,613 INFO org.springframework.web.servlet.FrameworkServlet [http-nio-8080-exec-2] Completed initialization in 1 ms
2022-02-05 18:09:49,639 WARN com.example.insuranceregistrationsystem.config.JwtRequestFilter [http-nio-8080-exec-2] JWT Token does not begin with Bearer String
2022-02-05 18:09:49,938 INFO com.mongodb.diagnostics.logging.SLF4JLogger [http-nio-8080-exec-2] Opened connection [connectionId{localValue:3, serverValue:644}] to localhost:27017
2022-02-05 18:10:24,515 WARN com.example.insuranceregistrationsystem.config.JwtRequestFilter [http-nio-8080-exec-3] JWT Token does not begin with Bearer String
2022-02-05 18:10:24,523 WARN org.springframework.web.servlet.handler.AbstractHandlerExceptionResolver [http-nio-8080-exec-3] Resolved [org.springframework.http.converter.HttpMessageNotReadableException: Required request body is missing: public org.springframework.http.ResponseEntity<?> com.example.insuranceregistrationsystem.controller.JwtAuthenticationController.createAuthenticationToken(com.example.insuranceregistrationsystem.dto.JwtRequest)]
2022-02-05 18:11:06,922 WARN com.example.insuranceregistrationsystem.config.JwtRequestFilter [http-nio-8080-exec-5] JWT Token does not begin with Bearer String
2022-02-05 18:11:06,932 WARN org.springframework.web.servlet.handler.AbstractHandlerExceptionResolver [http-nio-8080-exec-5] Resolved [com.example.insuranceregistrationsystem.exception.InsuranceException: OTP invalid! Please Enter valid OTP NUMBER]
2022-02-05 18:11:15,635 WARN com.example.insuranceregistrationsystem.config.JwtRequestFilter [http-nio-8080-exec-7] JWT Token does not begin with Bearer String
2022-02-05 18:53:50,630 WARN com.zaxxer.hikari.pool.HikariPool$HouseKeeper [HikariPool-1 housekeeper] HikariPool-1 - Thread starvation or clock leap detected (housekeeper delta=9m23s19ms131s200ns).
2022-02-05 18:59:35,436 INFO org.springframework.orm.jpa.AbstractEntityManagerFactoryBean [SpringApplicationShutdownHook] Closing JPA EntityManagerFactory for persistence unit 'default'
2022-02-05 18:59:35,455 INFO org.hibernate.tool.schema.internal.SchemaDropperImpl$DelayedDropActionImpl [SpringApplicationShutdownHook] HHH000477: Starting delayed evictData of schema as part of SessionFactory shut-down'
2022-02-05 18:59:35,774 WARN org.springframework.beans.factory.support.DisposableBeanAdapter [SpringApplicationShutdownHook] Invocation of destroy method failed on bean with name 'inMemoryDatabaseShutdownExecutor': org.h2.jdbc.JdbcSQLNonTransientConnectionException: Database is already closed (to disable automatic closing at VM shutdown, add ";DB_CLOSE_ON_EXIT=FALSE" to the db URL) [90121-200]
2022-02-05 18:59:35,804 INFO com.zaxxer.hikari.HikariDataSource [SpringApplicationShutdownHook] HikariPool-1 - Shutdown initiated...
2022-02-05 18:59:35,818 INFO com.zaxxer.hikari.HikariDataSource [SpringApplicationShutdownHook] HikariPool-1 - Shutdown completed.
