2022-02-17 10:45:18,278 INFO org.hibernate.validator.internal.util.Version [background-preinit] HV000001: Hibernate Validator 6.2.0.Final
2022-02-17 10:45:18,301 INFO org.springframework.boot.StartupInfoLogger [restartedMain] Starting InsuranceRegistrationSystemApplication using Java 11.0.11 on LAPTOP-855P8Q1E with PID 3920 (E:\github download\BridgeLabz_SpringBoot_InsuranceManagementSystem\InsuranceRegistrationSystem\target\classes started by Immanuvel Jeeva in E:\github download\BridgeLabz_SpringBoot_InsuranceManagementSystem\InsuranceRegistrationSystem)
2022-02-17 10:45:18,303 DEBUG org.springframework.boot.StartupInfoLogger [restartedMain] Running with Spring Boot v2.6.3, Spring v5.3.15
2022-02-17 10:45:18,304 INFO org.springframework.boot.SpringApplication [restartedMain] No active profile set, falling back to default profiles: default
2022-02-17 10:45:18,347 INFO org.springframework.boot.logging.DeferredLog [restartedMain] Devtools property defaults active! Set 'spring.devtools.add-properties' to 'false' to disable
2022-02-17 10:45:18,347 INFO org.springframework.boot.logging.DeferredLog [restartedMain] For additional web related logging consider setting the 'logging.level.web' property to 'DEBUG'
2022-02-17 10:45:19,304 INFO org.springframework.data.repository.config.RepositoryConfigurationDelegate [restartedMain] Multiple Spring Data modules found, entering strict repository configuration mode!
2022-02-17 10:45:19,305 INFO org.springframework.data.repository.config.RepositoryConfigurationDelegate [restartedMain] Bootstrapping Spring Data JPA repositories in DEFAULT mode.
2022-02-17 10:45:19,392 INFO org.springframework.data.repository.config.RepositoryConfigurationDelegate [restartedMain] Finished Spring Data repository scanning in 74 ms. Found 4 JPA repository interfaces.
2022-02-17 10:45:19,424 INFO org.springframework.data.repository.config.RepositoryConfigurationDelegate [restartedMain] Multiple Spring Data modules found, entering strict repository configuration mode!
2022-02-17 10:45:19,425 INFO org.springframework.data.repository.config.RepositoryConfigurationDelegate [restartedMain] Bootstrapping Spring Data MongoDB repositories in DEFAULT mode.
2022-02-17 10:45:19,437 INFO org.springframework.data.repository.config.RepositoryConfigurationDelegate [restartedMain] Finished Spring Data repository scanning in 11 ms. Found 4 MongoDB repository interfaces.
2022-02-17 10:45:20,185 INFO org.springframework.boot.web.embedded.tomcat.TomcatWebServer [restartedMain] Tomcat initialized with port(s): 8080 (http)
2022-02-17 10:45:20,196 INFO org.apache.juli.logging.DirectJDKLog [restartedMain] Initializing ProtocolHandler ["http-nio-8080"]
2022-02-17 10:45:20,196 INFO org.apache.juli.logging.DirectJDKLog [restartedMain] Starting service [Tomcat]
2022-02-17 10:45:20,197 INFO org.apache.juli.logging.DirectJDKLog [restartedMain] Starting Servlet engine: [Apache Tomcat/9.0.56]
2022-02-17 10:45:20,290 INFO org.apache.juli.logging.DirectJDKLog [restartedMain] Initializing Spring embedded WebApplicationContext
2022-02-17 10:45:20,290 INFO org.springframework.boot.web.servlet.context.ServletWebServerApplicationContext [restartedMain] Root WebApplicationContext: initialization completed in 1942 ms
2022-02-17 10:45:20,323 INFO com.zaxxer.hikari.HikariDataSource [restartedMain] HikariPool-1 - Starting...
2022-02-17 10:45:20,462 INFO com.zaxxer.hikari.HikariDataSource [restartedMain] HikariPool-1 - Start completed.
2022-02-17 10:45:20,474 INFO org.springframework.boot.autoconfigure.h2.H2ConsoleAutoConfiguration [restartedMain] H2 console available at '/h2-console'. Database available at 'jdbc:h2:mem:62ed7718-f87b-4f5e-9f94-552961c375cf'
2022-02-17 10:45:20,598 INFO com.mongodb.diagnostics.logging.SLF4JLogger [restartedMain] Cluster created with settings {hosts=[localhost:27017], mode=SINGLE, requiredClusterType=UNKNOWN, serverSelectionTimeout='30000 ms'}
2022-02-17 10:45:20,665 INFO com.mongodb.diagnostics.logging.SLF4JLogger [cluster-ClusterId{value='620dd9e80935a841aae0d29d', description='null'}-localhost:27017] Opened connection [connectionId{localValue:1, serverValue:1}] to localhost:27017
2022-02-17 10:45:20,665 INFO com.mongodb.diagnostics.logging.SLF4JLogger [cluster-rtt-ClusterId{value='620dd9e80935a841aae0d29d', description='null'}-localhost:27017] Opened connection [connectionId{localValue:2, serverValue:2}] to localhost:27017
2022-02-17 10:45:20,666 INFO com.mongodb.diagnostics.logging.SLF4JLogger [cluster-ClusterId{value='620dd9e80935a841aae0d29d', description='null'}-localhost:27017] Monitor thread successfully connected to server with description ServerDescription{address=localhost:27017, type=STANDALONE, state=CONNECTED, ok=true, minWireVersion=0, maxWireVersion=13, maxDocumentSize=16777216, logicalSessionTimeoutMinutes=30, roundTripTimeNanos=24449800}
2022-02-17 10:45:21,029 WARN org.springframework.boot.autoconfigure.orm.jpa.JpaBaseConfiguration$JpaWebConfiguration [restartedMain] spring.jpa.open-in-view is enabled by default. Therefore, database queries may be performed during view rendering. Explicitly configure spring.jpa.open-in-view to disable this warning
2022-02-17 10:45:21,116 INFO org.hibernate.jpa.internal.util.LogHelper [restartedMain] HHH000204: Processing PersistenceUnitInfo [name: default]
2022-02-17 10:45:21,201 INFO org.hibernate.Version [restartedMain] HHH000412: Hibernate ORM core version 5.6.4.Final
2022-02-17 10:45:21,397 INFO org.hibernate.annotations.common.reflection.java.JavaReflectionManager [restartedMain] HCANN000001: Hibernate Commons Annotations {5.1.2.Final}
2022-02-17 10:45:21,546 INFO org.hibernate.dialect.Dialect [restartedMain] HHH000400: Using dialect: org.hibernate.dialect.H2Dialect
2022-02-17 10:45:22,367 INFO org.hibernate.engine.transaction.jta.platform.internal.JtaPlatformInitiator [restartedMain] HHH000490: Using JtaPlatform implementation: [org.hibernate.engine.transaction.jta.platform.internal.NoJtaPlatform]
2022-02-17 10:45:22,378 INFO org.springframework.orm.jpa.AbstractEntityManagerFactoryBean [restartedMain] Initialized JPA EntityManagerFactory for persistence unit 'default'
2022-02-17 10:45:22,588 DEBUG org.springframework.web.filter.GenericFilterBean [restartedMain] Filter 'jwtRequestFilter' configured for use
2022-02-17 10:45:22,642 INFO org.springframework.boot.devtools.autoconfigure.OptionalLiveReloadServer [restartedMain] LiveReload server is running on port 35729
2022-02-17 10:45:23,034 INFO org.springframework.security.web.DefaultSecurityFilterChain [restartedMain] Will secure any request with [org.springframework.security.web.context.request.async.WebAsyncManagerIntegrationFilter@62637e73, org.springframework.security.web.context.SecurityContextPersistenceFilter@2d6939c9, org.springframework.security.web.header.HeaderWriterFilter@71803406, org.springframework.web.filter.CorsFilter@8bc17e1, org.springframework.security.web.authentication.logout.LogoutFilter@2b979f8a, com.example.insuranceregistrationsystem.config.JwtRequestFilter@5a9d5e1e, org.springframework.security.web.savedrequest.RequestCacheAwareFilter@3c216666, org.springframework.security.web.servletapi.SecurityContextHolderAwareRequestFilter@4c7f3567, org.springframework.security.web.authentication.AnonymousAuthenticationFilter@4985726b, org.springframework.security.web.session.SessionManagementFilter@6459011c, org.springframework.security.web.access.ExceptionTranslationFilter@78ce796d, org.springframework.security.web.access.intercept.FilterSecurityInterceptor@60b4536a]
2022-02-17 10:45:23,358 INFO org.apache.juli.logging.DirectJDKLog [restartedMain] Starting ProtocolHandler ["http-nio-8080"]
2022-02-17 10:45:23,375 INFO org.springframework.boot.web.embedded.tomcat.TomcatWebServer [restartedMain] Tomcat started on port(s): 8080 (http) with context path ''
2022-02-17 10:45:23,391 INFO org.springframework.boot.StartupInfoLogger [restartedMain] Started InsuranceRegistrationSystemApplication in 5.536 seconds (JVM running for 7.108)
2022-02-17 10:46:30,484 INFO org.apache.juli.logging.DirectJDKLog [http-nio-8080-exec-1] Initializing Spring DispatcherServlet 'dispatcherServlet'
2022-02-17 10:46:30,484 INFO org.springframework.web.servlet.FrameworkServlet [http-nio-8080-exec-1] Initializing Servlet 'dispatcherServlet'
2022-02-17 10:46:30,486 INFO org.springframework.web.servlet.FrameworkServlet [http-nio-8080-exec-1] Completed initialization in 1 ms
2022-02-17 10:46:30,544 WARN com.example.insuranceregistrationsystem.config.JwtRequestFilter [http-nio-8080-exec-2] JWT Token does not begin with Bearer String
2022-02-17 10:46:31,036 INFO com.mongodb.diagnostics.logging.SLF4JLogger [http-nio-8080-exec-2] Opened connection [connectionId{localValue:3, serverValue:3}] to localhost:27017
2022-02-17 10:46:31,436 WARN com.example.insuranceregistrationsystem.config.JwtRequestFilter [http-nio-8080-exec-3] JWT Token does not begin with Bearer String
2022-02-17 12:31:41,804 WARN com.example.insuranceregistrationsystem.config.JwtRequestFilter [http-nio-8080-exec-1] JWT Token does not begin with Bearer String
2022-02-17 12:46:38,213 WARN com.zaxxer.hikari.pool.HikariPool$HouseKeeper [HikariPool-1 housekeeper] HikariPool-1 - Thread starvation or clock leap detected (housekeeper delta=4m15s648ms198µs500ns).
2022-02-17 12:46:47,649 WARN com.example.insuranceregistrationsystem.config.JwtRequestFilter [http-nio-8080-exec-5] JWT Token does not begin with Bearer String
2022-02-17 12:55:55,538 INFO org.springframework.orm.jpa.AbstractEntityManagerFactoryBean [SpringApplicationShutdownHook] Closing JPA EntityManagerFactory for persistence unit 'default'
2022-02-17 12:55:55,567 INFO org.hibernate.tool.schema.internal.SchemaDropperImpl$DelayedDropActionImpl [SpringApplicationShutdownHook] HHH000477: Starting delayed evictData of schema as part of SessionFactory shut-down'
2022-02-17 12:55:55,900 WARN org.springframework.beans.factory.support.DisposableBeanAdapter [SpringApplicationShutdownHook] Invocation of destroy method failed on bean with name 'inMemoryDatabaseShutdownExecutor': org.h2.jdbc.JdbcSQLNonTransientConnectionException: Database is already closed (to disable automatic closing at VM shutdown, add ";DB_CLOSE_ON_EXIT=FALSE" to the db URL) [90121-200]
2022-02-17 12:55:55,934 INFO com.zaxxer.hikari.HikariDataSource [SpringApplicationShutdownHook] HikariPool-1 - Shutdown initiated...
2022-02-17 12:55:55,950 INFO com.zaxxer.hikari.HikariDataSource [SpringApplicationShutdownHook] HikariPool-1 - Shutdown completed.
2022-02-17 13:06:59,381 INFO org.hibernate.validator.internal.util.Version [background-preinit] HV000001: Hibernate Validator 6.2.0.Final
2022-02-17 13:06:59,412 INFO org.springframework.boot.StartupInfoLogger [restartedMain] Starting InsuranceRegistrationSystemApplication using Java 11.0.11 on LAPTOP-855P8Q1E with PID 2072 (E:\github download\BridgeLabz_SpringBoot_InsuranceManagementSystem\InsuranceRegistrationSystem\target\classes started by Immanuvel Jeeva in E:\github download\BridgeLabz_SpringBoot_InsuranceManagementSystem\InsuranceRegistrationSystem)
2022-02-17 13:06:59,414 DEBUG org.springframework.boot.StartupInfoLogger [restartedMain] Running with Spring Boot v2.6.3, Spring v5.3.15
2022-02-17 13:06:59,414 INFO org.springframework.boot.SpringApplication [restartedMain] No active profile set, falling back to default profiles: default
2022-02-17 13:06:59,468 INFO org.springframework.boot.logging.DeferredLog [restartedMain] Devtools property defaults active! Set 'spring.devtools.add-properties' to 'false' to disable
2022-02-17 13:06:59,469 INFO org.springframework.boot.logging.DeferredLog [restartedMain] For additional web related logging consider setting the 'logging.level.web' property to 'DEBUG'
2022-02-17 13:07:00,304 INFO org.springframework.data.repository.config.RepositoryConfigurationDelegate [restartedMain] Multiple Spring Data modules found, entering strict repository configuration mode!
2022-02-17 13:07:00,305 INFO org.springframework.data.repository.config.RepositoryConfigurationDelegate [restartedMain] Bootstrapping Spring Data JPA repositories in DEFAULT mode.
2022-02-17 13:07:00,373 INFO org.springframework.data.repository.config.RepositoryConfigurationDelegate [restartedMain] Finished Spring Data repository scanning in 58 ms. Found 4 JPA repository interfaces.
2022-02-17 13:07:00,401 INFO org.springframework.data.repository.config.RepositoryConfigurationDelegate [restartedMain] Multiple Spring Data modules found, entering strict repository configuration mode!
2022-02-17 13:07:00,401 INFO org.springframework.data.repository.config.RepositoryConfigurationDelegate [restartedMain] Bootstrapping Spring Data MongoDB repositories in DEFAULT mode.
2022-02-17 13:07:00,410 INFO org.springframework.data.repository.config.RepositoryConfigurationDelegate [restartedMain] Finished Spring Data repository scanning in 8 ms. Found 4 MongoDB repository interfaces.
2022-02-17 13:07:01,057 INFO org.springframework.boot.web.embedded.tomcat.TomcatWebServer [restartedMain] Tomcat initialized with port(s): 8080 (http)
2022-02-17 13:07:01,066 INFO org.apache.juli.logging.DirectJDKLog [restartedMain] Initializing ProtocolHandler ["http-nio-8080"]
2022-02-17 13:07:01,067 INFO org.apache.juli.logging.DirectJDKLog [restartedMain] Starting service [Tomcat]
2022-02-17 13:07:01,067 INFO org.apache.juli.logging.DirectJDKLog [restartedMain] Starting Servlet engine: [Apache Tomcat/9.0.56]
2022-02-17 13:07:01,147 INFO org.apache.juli.logging.DirectJDKLog [restartedMain] Initializing Spring embedded WebApplicationContext
2022-02-17 13:07:01,148 INFO org.springframework.boot.web.servlet.context.ServletWebServerApplicationContext [restartedMain] Root WebApplicationContext: initialization completed in 1679 ms
2022-02-17 13:07:01,179 INFO com.zaxxer.hikari.HikariDataSource [restartedMain] HikariPool-1 - Starting...
2022-02-17 13:07:01,296 INFO com.zaxxer.hikari.HikariDataSource [restartedMain] HikariPool-1 - Start completed.
2022-02-17 13:07:01,305 INFO org.springframework.boot.autoconfigure.h2.H2ConsoleAutoConfiguration [restartedMain] H2 console available at '/h2-console'. Database available at 'jdbc:h2:mem:39e76fc5-9cb7-4897-b46a-100821376516'
2022-02-17 13:07:01,420 INFO com.mongodb.diagnostics.logging.SLF4JLogger [restartedMain] Cluster created with settings {hosts=[localhost:27017], mode=SINGLE, requiredClusterType=UNKNOWN, serverSelectionTimeout='30000 ms'}
2022-02-17 13:07:01,473 INFO com.mongodb.diagnostics.logging.SLF4JLogger [cluster-ClusterId{value='620dfb1d39654c6f565adcfa', description='null'}-localhost:27017] Opened connection [connectionId{localValue:2, serverValue:28}] to localhost:27017
2022-02-17 13:07:01,473 INFO com.mongodb.diagnostics.logging.SLF4JLogger [cluster-rtt-ClusterId{value='620dfb1d39654c6f565adcfa', description='null'}-localhost:27017] Opened connection [connectionId{localValue:1, serverValue:27}] to localhost:27017
2022-02-17 13:07:01,473 INFO com.mongodb.diagnostics.logging.SLF4JLogger [cluster-ClusterId{value='620dfb1d39654c6f565adcfa', description='null'}-localhost:27017] Monitor thread successfully connected to server with description ServerDescription{address=localhost:27017, type=STANDALONE, state=CONNECTED, ok=true, minWireVersion=0, maxWireVersion=13, maxDocumentSize=16777216, logicalSessionTimeoutMinutes=30, roundTripTimeNanos=18717000}
2022-02-17 13:07:01,777 WARN org.springframework.boot.autoconfigure.orm.jpa.JpaBaseConfiguration$JpaWebConfiguration [restartedMain] spring.jpa.open-in-view is enabled by default. Therefore, database queries may be performed during view rendering. Explicitly configure spring.jpa.open-in-view to disable this warning
2022-02-17 13:07:01,848 INFO org.hibernate.jpa.internal.util.LogHelper [restartedMain] HHH000204: Processing PersistenceUnitInfo [name: default]
2022-02-17 13:07:01,912 INFO org.hibernate.Version [restartedMain] HHH000412: Hibernate ORM core version 5.6.4.Final
2022-02-17 13:07:02,073 INFO org.hibernate.annotations.common.reflection.java.JavaReflectionManager [restartedMain] HCANN000001: Hibernate Commons Annotations {5.1.2.Final}
2022-02-17 13:07:02,193 INFO org.hibernate.dialect.Dialect [restartedMain] HHH000400: Using dialect: org.hibernate.dialect.H2Dialect
2022-02-17 13:07:02,841 INFO org.hibernate.engine.transaction.jta.platform.internal.JtaPlatformInitiator [restartedMain] HHH000490: Using JtaPlatform implementation: [org.hibernate.engine.transaction.jta.platform.internal.NoJtaPlatform]
2022-02-17 13:07:02,850 INFO org.springframework.orm.jpa.AbstractEntityManagerFactoryBean [restartedMain] Initialized JPA EntityManagerFactory for persistence unit 'default'
2022-02-17 13:07:03,032 DEBUG org.springframework.web.filter.GenericFilterBean [restartedMain] Filter 'jwtRequestFilter' configured for use
2022-02-17 13:07:03,074 INFO org.springframework.boot.devtools.autoconfigure.OptionalLiveReloadServer [restartedMain] LiveReload server is running on port 35729
2022-02-17 13:07:03,379 INFO org.springframework.security.web.DefaultSecurityFilterChain [restartedMain] Will secure any request with [org.springframework.security.web.context.request.async.WebAsyncManagerIntegrationFilter@422fccc2, org.springframework.security.web.context.SecurityContextPersistenceFilter@35b3e6a6, org.springframework.security.web.header.HeaderWriterFilter@14a5d8df, org.springframework.web.filter.CorsFilter@32a5ef5, org.springframework.security.web.authentication.logout.LogoutFilter@679557bb, com.example.insuranceregistrationsystem.config.JwtRequestFilter@58a83149, org.springframework.security.web.savedrequest.RequestCacheAwareFilter@7c8ba660, org.springframework.security.web.servletapi.SecurityContextHolderAwareRequestFilter@1dce1c10, org.springframework.security.web.authentication.AnonymousAuthenticationFilter@1bdecd23, org.springframework.security.web.session.SessionManagementFilter@20ec5dd1, org.springframework.security.web.access.ExceptionTranslationFilter@5ccd35e2, org.springframework.security.web.access.intercept.FilterSecurityInterceptor@3d7bb789]
2022-02-17 13:07:03,692 INFO org.apache.juli.logging.DirectJDKLog [restartedMain] Starting ProtocolHandler ["http-nio-8080"]
2022-02-17 13:07:03,709 INFO org.springframework.boot.web.embedded.tomcat.TomcatWebServer [restartedMain] Tomcat started on port(s): 8080 (http) with context path ''
2022-02-17 13:07:03,722 INFO org.springframework.boot.StartupInfoLogger [restartedMain] Started InsuranceRegistrationSystemApplication in 4.772 seconds (JVM running for 6.5)
2022-02-17 13:07:22,919 INFO org.apache.juli.logging.DirectJDKLog [http-nio-8080-exec-1] Initializing Spring DispatcherServlet 'dispatcherServlet'
2022-02-17 13:07:22,919 INFO org.springframework.web.servlet.FrameworkServlet [http-nio-8080-exec-1] Initializing Servlet 'dispatcherServlet'
2022-02-17 13:07:22,921 INFO org.springframework.web.servlet.FrameworkServlet [http-nio-8080-exec-1] Completed initialization in 2 ms
2022-02-17 13:07:22,984 WARN com.example.insuranceregistrationsystem.config.JwtRequestFilter [http-nio-8080-exec-2] JWT Token does not begin with Bearer String
2022-02-17 13:07:23,472 INFO com.mongodb.diagnostics.logging.SLF4JLogger [http-nio-8080-exec-2] Opened connection [connectionId{localValue:3, serverValue:29}] to localhost:27017
2022-02-17 13:12:38,244 WARN com.example.insuranceregistrationsystem.config.JwtRequestFilter [http-nio-8080-exec-3] JWT Token does not begin with Bearer String
2022-02-17 13:14:28,244 WARN com.example.insuranceregistrationsystem.config.JwtRequestFilter [http-nio-8080-exec-10] JWT Token does not begin with Bearer String
2022-02-17 13:16:11,976 WARN com.example.insuranceregistrationsystem.config.JwtRequestFilter [http-nio-8080-exec-5] JWT Token does not begin with Bearer String
2022-02-17 13:17:14,974 WARN com.example.insuranceregistrationsystem.config.JwtRequestFilter [http-nio-8080-exec-9] JWT Token does not begin with Bearer String
2022-02-17 13:18:22,508 WARN com.example.insuranceregistrationsystem.config.JwtRequestFilter [http-nio-8080-exec-4] JWT Token does not begin with Bearer String
2022-02-17 13:21:56,182 WARN com.example.insuranceregistrationsystem.config.JwtRequestFilter [http-nio-8080-exec-9] JWT Token does not begin with Bearer String
2022-02-17 13:25:45,035 WARN com.example.insuranceregistrationsystem.config.JwtRequestFilter [http-nio-8080-exec-7] JWT Token does not begin with Bearer String
2022-02-17 13:31:42,238 WARN com.example.insuranceregistrationsystem.config.JwtRequestFilter [http-nio-8080-exec-3] JWT Token does not begin with Bearer String
2022-02-17 13:31:56,394 WARN com.example.insuranceregistrationsystem.config.JwtRequestFilter [http-nio-8080-exec-6] JWT Token does not begin with Bearer String
2022-02-17 13:32:09,913 WARN com.example.insuranceregistrationsystem.config.JwtRequestFilter [http-nio-8080-exec-8] JWT Token does not begin with Bearer String
2022-02-17 13:43:34,146 WARN com.example.insuranceregistrationsystem.config.JwtRequestFilter [http-nio-8080-exec-1] JWT Token does not begin with Bearer String
2022-02-17 13:44:18,873 WARN com.example.insuranceregistrationsystem.config.JwtRequestFilter [http-nio-8080-exec-3] JWT Token does not begin with Bearer String
2022-02-17 13:44:51,077 WARN com.example.insuranceregistrationsystem.config.JwtRequestFilter [http-nio-8080-exec-5] JWT Token does not begin with Bearer String
2022-02-17 13:46:44,005 WARN com.example.insuranceregistrationsystem.config.JwtRequestFilter [http-nio-8080-exec-7] JWT Token does not begin with Bearer String
2022-02-17 13:48:34,278 WARN com.example.insuranceregistrationsystem.config.JwtRequestFilter [http-nio-8080-exec-9] JWT Token does not begin with Bearer String
2022-02-17 13:55:27,847 WARN com.example.insuranceregistrationsystem.config.JwtRequestFilter [http-nio-8080-exec-1] JWT Token does not begin with Bearer String
2022-02-17 13:55:28,036 WARN org.springframework.web.servlet.handler.AbstractHandlerExceptionResolver [http-nio-8080-exec-1] Resolved [com.example.insuranceregistrationsystem.exception.InsuranceException: INVALID_CREDENTIALS]
2022-02-17 13:55:41,125 WARN com.example.insuranceregistrationsystem.config.JwtRequestFilter [http-nio-8080-exec-2] JWT Token does not begin with Bearer String
2022-02-17 13:57:06,288 WARN com.example.insuranceregistrationsystem.config.JwtRequestFilter [http-nio-8080-exec-4] JWT Token does not begin with Bearer String
2022-02-17 13:57:43,247 WARN com.example.insuranceregistrationsystem.config.JwtRequestFilter [http-nio-8080-exec-5] JWT Token does not begin with Bearer String
2022-02-17 13:58:10,813 WARN com.example.insuranceregistrationsystem.config.JwtRequestFilter [http-nio-8080-exec-10] JWT Token does not begin with Bearer String
2022-02-17 14:08:20,103 WARN com.zaxxer.hikari.pool.HikariPool$HouseKeeper [HikariPool-1 housekeeper] HikariPool-1 - Thread starvation or clock leap detected (housekeeper delta=4m17s695ms242µs200ns).
2022-02-17 14:10:47,831 INFO org.springframework.orm.jpa.AbstractEntityManagerFactoryBean [SpringApplicationShutdownHook] Closing JPA EntityManagerFactory for persistence unit 'default'
2022-02-17 14:10:47,845 INFO org.hibernate.tool.schema.internal.SchemaDropperImpl$DelayedDropActionImpl [SpringApplicationShutdownHook] HHH000477: Starting delayed evictData of schema as part of SessionFactory shut-down'
2022-02-17 14:10:48,130 WARN org.springframework.beans.factory.support.DisposableBeanAdapter [SpringApplicationShutdownHook] Invocation of destroy method failed on bean with name 'inMemoryDatabaseShutdownExecutor': org.h2.jdbc.JdbcSQLNonTransientConnectionException: Database is already closed (to disable automatic closing at VM shutdown, add ";DB_CLOSE_ON_EXIT=FALSE" to the db URL) [90121-200]
2022-02-17 14:10:48,149 INFO com.zaxxer.hikari.HikariDataSource [SpringApplicationShutdownHook] HikariPool-1 - Shutdown initiated...
2022-02-17 14:10:48,160 INFO com.zaxxer.hikari.HikariDataSource [SpringApplicationShutdownHook] HikariPool-1 - Shutdown completed.
2022-02-17 16:55:46,756 INFO org.hibernate.validator.internal.util.Version [background-preinit] HV000001: Hibernate Validator 6.2.0.Final
2022-02-17 16:55:46,787 INFO org.springframework.boot.StartupInfoLogger [restartedMain] Starting InsuranceRegistrationSystemApplication using Java 11.0.11 on LAPTOP-855P8Q1E with PID 13624 (E:\github download\BridgeLabz_SpringBoot_InsuranceManagementSystem\InsuranceRegistrationSystem\target\classes started by Immanuvel Jeeva in E:\github download\BridgeLabz_SpringBoot_InsuranceManagementSystem\InsuranceRegistrationSystem)
2022-02-17 16:55:46,788 DEBUG org.springframework.boot.StartupInfoLogger [restartedMain] Running with Spring Boot v2.6.3, Spring v5.3.15
2022-02-17 16:55:46,789 INFO org.springframework.boot.SpringApplication [restartedMain] No active profile set, falling back to default profiles: default
2022-02-17 16:55:46,843 INFO org.springframework.boot.logging.DeferredLog [restartedMain] Devtools property defaults active! Set 'spring.devtools.add-properties' to 'false' to disable
2022-02-17 16:55:46,843 INFO org.springframework.boot.logging.DeferredLog [restartedMain] For additional web related logging consider setting the 'logging.level.web' property to 'DEBUG'
2022-02-17 16:55:47,728 INFO org.springframework.data.repository.config.RepositoryConfigurationDelegate [restartedMain] Multiple Spring Data modules found, entering strict repository configuration mode!
2022-02-17 16:55:47,729 INFO org.springframework.data.repository.config.RepositoryConfigurationDelegate [restartedMain] Bootstrapping Spring Data JPA repositories in DEFAULT mode.
2022-02-17 16:55:47,798 INFO org.springframework.data.repository.config.RepositoryConfigurationDelegate [restartedMain] Finished Spring Data repository scanning in 57 ms. Found 4 JPA repository interfaces.
2022-02-17 16:55:47,828 INFO org.springframework.data.repository.config.RepositoryConfigurationDelegate [restartedMain] Multiple Spring Data modules found, entering strict repository configuration mode!
2022-02-17 16:55:47,828 INFO org.springframework.data.repository.config.RepositoryConfigurationDelegate [restartedMain] Bootstrapping Spring Data MongoDB repositories in DEFAULT mode.
2022-02-17 16:55:47,838 INFO org.springframework.data.repository.config.RepositoryConfigurationDelegate [restartedMain] Finished Spring Data repository scanning in 9 ms. Found 4 MongoDB repository interfaces.
2022-02-17 16:55:48,507 INFO org.springframework.boot.web.embedded.tomcat.TomcatWebServer [restartedMain] Tomcat initialized with port(s): 8080 (http)
2022-02-17 16:55:48,519 INFO org.apache.juli.logging.DirectJDKLog [restartedMain] Initializing ProtocolHandler ["http-nio-8080"]
2022-02-17 16:55:48,519 INFO org.apache.juli.logging.DirectJDKLog [restartedMain] Starting service [Tomcat]
2022-02-17 16:55:48,519 INFO org.apache.juli.logging.DirectJDKLog [restartedMain] Starting Servlet engine: [Apache Tomcat/9.0.56]
2022-02-17 16:55:48,609 INFO org.apache.juli.logging.DirectJDKLog [restartedMain] Initializing Spring embedded WebApplicationContext
2022-02-17 16:55:48,609 INFO org.springframework.boot.web.servlet.context.ServletWebServerApplicationContext [restartedMain] Root WebApplicationContext: initialization completed in 1765 ms
2022-02-17 16:55:48,644 INFO com.zaxxer.hikari.HikariDataSource [restartedMain] HikariPool-1 - Starting...
2022-02-17 16:55:48,800 INFO com.zaxxer.hikari.HikariDataSource [restartedMain] HikariPool-1 - Start completed.
2022-02-17 16:55:48,809 INFO org.springframework.boot.autoconfigure.h2.H2ConsoleAutoConfiguration [restartedMain] H2 console available at '/h2-console'. Database available at 'jdbc:h2:mem:bbfe9197-30dc-4fd8-b84b-77e5a7c76fbc'
2022-02-17 16:55:48,933 INFO com.mongodb.diagnostics.logging.SLF4JLogger [restartedMain] Cluster created with settings {hosts=[localhost:27017], mode=SINGLE, requiredClusterType=UNKNOWN, serverSelectionTimeout='30000 ms'}
2022-02-17 16:55:48,994 INFO com.mongodb.diagnostics.logging.SLF4JLogger [cluster-ClusterId{value='620e30bcad02890535d7db28', description='null'}-localhost:27017] Opened connection [connectionId{localValue:1, serverValue:33}] to localhost:27017
2022-02-17 16:55:48,994 INFO com.mongodb.diagnostics.logging.SLF4JLogger [cluster-rtt-ClusterId{value='620e30bcad02890535d7db28', description='null'}-localhost:27017] Opened connection [connectionId{localValue:2, serverValue:32}] to localhost:27017
2022-02-17 16:55:48,995 INFO com.mongodb.diagnostics.logging.SLF4JLogger [cluster-ClusterId{value='620e30bcad02890535d7db28', description='null'}-localhost:27017] Monitor thread successfully connected to server with description ServerDescription{address=localhost:27017, type=STANDALONE, state=CONNECTED, ok=true, minWireVersion=0, maxWireVersion=13, maxDocumentSize=16777216, logicalSessionTimeoutMinutes=30, roundTripTimeNanos=19047800}
2022-02-17 16:55:49,361 WARN org.springframework.boot.autoconfigure.orm.jpa.JpaBaseConfiguration$JpaWebConfiguration [restartedMain] spring.jpa.open-in-view is enabled by default. Therefore, database queries may be performed during view rendering. Explicitly configure spring.jpa.open-in-view to disable this warning
2022-02-17 16:55:49,488 INFO org.hibernate.jpa.internal.util.LogHelper [restartedMain] HHH000204: Processing PersistenceUnitInfo [name: default]
2022-02-17 16:55:49,566 INFO org.hibernate.Version [restartedMain] HHH000412: Hibernate ORM core version 5.6.4.Final
2022-02-17 16:55:49,771 INFO org.hibernate.annotations.common.reflection.java.JavaReflectionManager [restartedMain] HCANN000001: Hibernate Commons Annotations {5.1.2.Final}
2022-02-17 16:55:49,909 INFO org.hibernate.dialect.Dialect [restartedMain] HHH000400: Using dialect: org.hibernate.dialect.H2Dialect
2022-02-17 16:55:50,674 INFO org.hibernate.engine.transaction.jta.platform.internal.JtaPlatformInitiator [restartedMain] HHH000490: Using JtaPlatform implementation: [org.hibernate.engine.transaction.jta.platform.internal.NoJtaPlatform]
2022-02-17 16:55:50,684 INFO org.springframework.orm.jpa.AbstractEntityManagerFactoryBean [restartedMain] Initialized JPA EntityManagerFactory for persistence unit 'default'
2022-02-17 16:55:50,907 DEBUG org.springframework.web.filter.GenericFilterBean [restartedMain] Filter 'jwtRequestFilter' configured for use
2022-02-17 16:55:50,953 INFO org.springframework.boot.devtools.autoconfigure.OptionalLiveReloadServer [restartedMain] LiveReload server is running on port 35729
2022-02-17 16:55:51,560 INFO org.springframework.security.web.DefaultSecurityFilterChain [restartedMain] Will secure any request with [org.springframework.security.web.context.request.async.WebAsyncManagerIntegrationFilter@1a36e9f5, org.springframework.security.web.context.SecurityContextPersistenceFilter@3ba3c0f6, org.springframework.security.web.header.HeaderWriterFilter@782b36cc, org.springframework.web.filter.CorsFilter@12e43971, org.springframework.security.web.authentication.logout.LogoutFilter@6d549174, com.example.insuranceregistrationsystem.config.JwtRequestFilter@a663db8, org.springframework.security.web.savedrequest.RequestCacheAwareFilter@6dba8055, org.springframework.security.web.servletapi.SecurityContextHolderAwareRequestFilter@30fa0cca, org.springframework.security.web.authentication.AnonymousAuthenticationFilter@25ff3a38, org.springframework.security.web.session.SessionManagementFilter@1130ca6d, org.springframework.security.web.access.ExceptionTranslationFilter@56575353, org.springframework.security.web.access.intercept.FilterSecurityInterceptor@406c0996]
2022-02-17 16:55:51,617 INFO org.apache.juli.logging.DirectJDKLog [restartedMain] Starting ProtocolHandler ["http-nio-8080"]
2022-02-17 16:55:51,633 INFO org.springframework.boot.web.embedded.tomcat.TomcatWebServer [restartedMain] Tomcat started on port(s): 8080 (http) with context path ''
2022-02-17 16:55:51,647 INFO org.springframework.boot.StartupInfoLogger [restartedMain] Started InsuranceRegistrationSystemApplication in 5.282 seconds (JVM running for 6.536)
2022-02-17 17:15:35,557 WARN com.zaxxer.hikari.pool.HikariPool$HouseKeeper [HikariPool-1 housekeeper] HikariPool-1 - Thread starvation or clock leap detected (housekeeper delta=15m46s596ms159µs600ns).
2022-02-17 17:40:50,996 WARN com.zaxxer.hikari.pool.HikariPool$HouseKeeper [HikariPool-1 housekeeper] HikariPool-1 - Thread starvation or clock leap detected (housekeeper delta=1m15s56ms234µs900ns).
2022-02-17 17:48:33,174 WARN com.zaxxer.hikari.pool.HikariPool$HouseKeeper [HikariPool-1 housekeeper] HikariPool-1 - Thread starvation or clock leap detected (housekeeper delta=3m42s120ms227µs800ns).
2022-02-17 17:58:29,879 WARN com.zaxxer.hikari.pool.HikariPool$HouseKeeper [HikariPool-1 housekeeper] HikariPool-1 - Thread starvation or clock leap detected (housekeeper delta=2m26s580ms912µs900ns).
2022-02-17 18:05:02,067 INFO org.springframework.orm.jpa.AbstractEntityManagerFactoryBean [SpringApplicationShutdownHook] Closing JPA EntityManagerFactory for persistence unit 'default'
2022-02-17 18:05:02,068 INFO org.hibernate.tool.schema.internal.SchemaDropperImpl$DelayedDropActionImpl [SpringApplicationShutdownHook] HHH000477: Starting delayed evictData of schema as part of SessionFactory shut-down'
2022-02-17 18:05:02,346 WARN org.springframework.beans.factory.support.DisposableBeanAdapter [SpringApplicationShutdownHook] Invocation of destroy method failed on bean with name 'inMemoryDatabaseShutdownExecutor': org.h2.jdbc.JdbcSQLNonTransientConnectionException: Database is already closed (to disable automatic closing at VM shutdown, add ";DB_CLOSE_ON_EXIT=FALSE" to the db URL) [90121-200]
2022-02-17 18:05:02,358 INFO com.zaxxer.hikari.HikariDataSource [SpringApplicationShutdownHook] HikariPool-1 - Shutdown initiated...
2022-02-17 18:05:02,372 INFO com.zaxxer.hikari.HikariDataSource [SpringApplicationShutdownHook] HikariPool-1 - Shutdown completed.
