2022-02-14 10:58:51,568 INFO org.hibernate.validator.internal.util.Version [background-preinit] HV000001: Hibernate Validator 6.2.0.Final
2022-02-14 10:58:51,603 INFO org.springframework.boot.StartupInfoLogger [restartedMain] Starting InsuranceRegistrationSystemApplication using Java 11.0.11 on LAPTOP-855P8Q1E with PID 5768 (E:\github download\BridgeLabz_SpringBoot_InsuranceManagementSystem\InsuranceRegistrationSystem\target\classes started by Immanuvel Jeeva in E:\github download\BridgeLabz_SpringBoot_InsuranceManagementSystem\InsuranceRegistrationSystem)
2022-02-14 10:58:51,605 DEBUG org.springframework.boot.StartupInfoLogger [restartedMain] Running with Spring Boot v2.6.3, Spring v5.3.15
2022-02-14 10:58:51,605 INFO org.springframework.boot.SpringApplication [restartedMain] No active profile set, falling back to default profiles: default
2022-02-14 10:58:51,650 INFO org.springframework.boot.logging.DeferredLog [restartedMain] Devtools property defaults active! Set 'spring.devtools.add-properties' to 'false' to disable
2022-02-14 10:58:51,650 INFO org.springframework.boot.logging.DeferredLog [restartedMain] For additional web related logging consider setting the 'logging.level.web' property to 'DEBUG'
2022-02-14 10:58:52,567 INFO org.springframework.data.repository.config.RepositoryConfigurationDelegate [restartedMain] Multiple Spring Data modules found, entering strict repository configuration mode!
2022-02-14 10:58:52,568 INFO org.springframework.data.repository.config.RepositoryConfigurationDelegate [restartedMain] Bootstrapping Spring Data JPA repositories in DEFAULT mode.
2022-02-14 10:58:52,654 INFO org.springframework.data.repository.config.RepositoryConfigurationDelegate [restartedMain] Finished Spring Data repository scanning in 73 ms. Found 4 JPA repository interfaces.
2022-02-14 10:58:52,685 INFO org.springframework.data.repository.config.RepositoryConfigurationDelegate [restartedMain] Multiple Spring Data modules found, entering strict repository configuration mode!
2022-02-14 10:58:52,686 INFO org.springframework.data.repository.config.RepositoryConfigurationDelegate [restartedMain] Bootstrapping Spring Data MongoDB repositories in DEFAULT mode.
2022-02-14 10:58:52,696 INFO org.springframework.data.repository.config.RepositoryConfigurationDelegate [restartedMain] Finished Spring Data repository scanning in 10 ms. Found 4 MongoDB repository interfaces.
2022-02-14 10:58:53,426 INFO org.springframework.boot.web.embedded.tomcat.TomcatWebServer [restartedMain] Tomcat initialized with port(s): 8080 (http)
2022-02-14 10:58:53,438 INFO org.apache.juli.logging.DirectJDKLog [restartedMain] Initializing ProtocolHandler ["http-nio-8080"]
2022-02-14 10:58:53,439 INFO org.apache.juli.logging.DirectJDKLog [restartedMain] Starting service [Tomcat]
2022-02-14 10:58:53,439 INFO org.apache.juli.logging.DirectJDKLog [restartedMain] Starting Servlet engine: [Apache Tomcat/9.0.56]
2022-02-14 10:58:53,528 INFO org.apache.juli.logging.DirectJDKLog [restartedMain] Initializing Spring embedded WebApplicationContext
2022-02-14 10:58:53,529 INFO org.springframework.boot.web.servlet.context.ServletWebServerApplicationContext [restartedMain] Root WebApplicationContext: initialization completed in 1878 ms
2022-02-14 10:58:53,560 INFO com.zaxxer.hikari.HikariDataSource [restartedMain] HikariPool-1 - Starting...
2022-02-14 10:58:53,690 INFO com.zaxxer.hikari.HikariDataSource [restartedMain] HikariPool-1 - Start completed.
2022-02-14 10:58:53,703 INFO org.springframework.boot.autoconfigure.h2.H2ConsoleAutoConfiguration [restartedMain] H2 console available at '/h2-console'. Database available at 'jdbc:h2:mem:4b7c5479-6786-4c5a-8c6c-1e760a95e870'
2022-02-14 10:58:53,819 INFO com.mongodb.diagnostics.logging.SLF4JLogger [restartedMain] Cluster created with settings {hosts=[localhost:27017], mode=SINGLE, requiredClusterType=UNKNOWN, serverSelectionTimeout='30000 ms'}
2022-02-14 10:58:53,869 INFO com.mongodb.diagnostics.logging.SLF4JLogger [cluster-ClusterId{value='6209e89529d6ab15048aaed2', description='null'}-localhost:27017] Opened connection [connectionId{localValue:1, serverValue:160}] to localhost:27017
2022-02-14 10:58:53,869 INFO com.mongodb.diagnostics.logging.SLF4JLogger [cluster-rtt-ClusterId{value='6209e89529d6ab15048aaed2', description='null'}-localhost:27017] Opened connection [connectionId{localValue:2, serverValue:159}] to localhost:27017
2022-02-14 10:58:53,870 INFO com.mongodb.diagnostics.logging.SLF4JLogger [cluster-ClusterId{value='6209e89529d6ab15048aaed2', description='null'}-localhost:27017] Monitor thread successfully connected to server with description ServerDescription{address=localhost:27017, type=STANDALONE, state=CONNECTED, ok=true, minWireVersion=0, maxWireVersion=13, maxDocumentSize=16777216, logicalSessionTimeoutMinutes=30, roundTripTimeNanos=16530400}
2022-02-14 10:58:54,173 WARN org.springframework.boot.autoconfigure.orm.jpa.JpaBaseConfiguration$JpaWebConfiguration [restartedMain] spring.jpa.open-in-view is enabled by default. Therefore, database queries may be performed during view rendering. Explicitly configure spring.jpa.open-in-view to disable this warning
2022-02-14 10:58:54,243 INFO org.hibernate.jpa.internal.util.LogHelper [restartedMain] HHH000204: Processing PersistenceUnitInfo [name: default]
2022-02-14 10:58:54,308 INFO org.hibernate.Version [restartedMain] HHH000412: Hibernate ORM core version 5.6.4.Final
2022-02-14 10:58:54,458 INFO org.hibernate.annotations.common.reflection.java.JavaReflectionManager [restartedMain] HCANN000001: Hibernate Commons Annotations {5.1.2.Final}
2022-02-14 10:58:54,567 INFO org.hibernate.dialect.Dialect [restartedMain] HHH000400: Using dialect: org.hibernate.dialect.H2Dialect
2022-02-14 10:58:55,242 INFO org.hibernate.engine.transaction.jta.platform.internal.JtaPlatformInitiator [restartedMain] HHH000490: Using JtaPlatform implementation: [org.hibernate.engine.transaction.jta.platform.internal.NoJtaPlatform]
2022-02-14 10:58:55,250 INFO org.springframework.orm.jpa.AbstractEntityManagerFactoryBean [restartedMain] Initialized JPA EntityManagerFactory for persistence unit 'default'
2022-02-14 10:58:55,426 DEBUG org.springframework.web.filter.GenericFilterBean [restartedMain] Filter 'jwtRequestFilter' configured for use
2022-02-14 10:58:55,473 INFO org.springframework.boot.devtools.autoconfigure.OptionalLiveReloadServer [restartedMain] LiveReload server is running on port 35729
2022-02-14 10:58:55,786 INFO org.springframework.security.web.DefaultSecurityFilterChain [restartedMain] Will secure any request with [org.springframework.security.web.context.request.async.WebAsyncManagerIntegrationFilter@13badc60, org.springframework.security.web.context.SecurityContextPersistenceFilter@7e193b48, org.springframework.security.web.header.HeaderWriterFilter@1e28758c, org.springframework.web.filter.CorsFilter@41043dc4, org.springframework.security.web.authentication.logout.LogoutFilter@7f69836d, com.example.insuranceregistrationsystem.config.JwtRequestFilter@55113c7a, org.springframework.security.web.savedrequest.RequestCacheAwareFilter@34d2d01c, org.springframework.security.web.servletapi.SecurityContextHolderAwareRequestFilter@112b9e2f, org.springframework.security.web.authentication.AnonymousAuthenticationFilter@2cfee0ba, org.springframework.security.web.session.SessionManagementFilter@ff49a27, org.springframework.security.web.access.ExceptionTranslationFilter@26c168b0, org.springframework.security.web.access.intercept.FilterSecurityInterceptor@574c4d07]
2022-02-14 10:58:56,086 INFO org.apache.juli.logging.DirectJDKLog [restartedMain] Starting ProtocolHandler ["http-nio-8080"]
2022-02-14 10:58:56,103 INFO org.springframework.boot.web.embedded.tomcat.TomcatWebServer [restartedMain] Tomcat started on port(s): 8080 (http) with context path ''
2022-02-14 10:58:56,117 INFO org.springframework.boot.StartupInfoLogger [restartedMain] Started InsuranceRegistrationSystemApplication in 4.941 seconds (JVM running for 6.438)
2022-02-14 11:09:14,967 WARN com.zaxxer.hikari.pool.HikariPool$HouseKeeper [HikariPool-1 housekeeper] HikariPool-1 - Thread starvation or clock leap detected (housekeeper delta=6m21s78ms751µs300ns).
2022-02-14 11:10:47,181 INFO org.apache.juli.logging.DirectJDKLog [http-nio-8080-exec-1] Initializing Spring DispatcherServlet 'dispatcherServlet'
2022-02-14 11:10:47,182 INFO org.springframework.web.servlet.FrameworkServlet [http-nio-8080-exec-1] Initializing Servlet 'dispatcherServlet'
2022-02-14 11:10:47,184 INFO org.springframework.web.servlet.FrameworkServlet [http-nio-8080-exec-1] Completed initialization in 2 ms
2022-02-14 11:10:47,251 WARN com.example.insuranceregistrationsystem.config.JwtRequestFilter [http-nio-8080-exec-2] JWT Token does not begin with Bearer String
2022-02-14 11:10:47,773 INFO com.mongodb.diagnostics.logging.SLF4JLogger [http-nio-8080-exec-2] Opened connection [connectionId{localValue:3, serverValue:163}] to localhost:27017
2022-02-14 11:23:19,959 INFO org.springframework.orm.jpa.AbstractEntityManagerFactoryBean [SpringApplicationShutdownHook] Closing JPA EntityManagerFactory for persistence unit 'default'
2022-02-14 11:23:19,960 INFO org.hibernate.tool.schema.internal.SchemaDropperImpl$DelayedDropActionImpl [SpringApplicationShutdownHook] HHH000477: Starting delayed evictData of schema as part of SessionFactory shut-down'
2022-02-14 11:23:20,205 WARN org.springframework.beans.factory.support.DisposableBeanAdapter [SpringApplicationShutdownHook] Invocation of destroy method failed on bean with name 'inMemoryDatabaseShutdownExecutor': org.h2.jdbc.JdbcSQLNonTransientConnectionException: Database is already closed (to disable automatic closing at VM shutdown, add ";DB_CLOSE_ON_EXIT=FALSE" to the db URL) [90121-200]
2022-02-14 11:23:20,222 INFO com.zaxxer.hikari.HikariDataSource [SpringApplicationShutdownHook] HikariPool-1 - Shutdown initiated...
2022-02-14 11:23:20,228 INFO com.zaxxer.hikari.HikariDataSource [SpringApplicationShutdownHook] HikariPool-1 - Shutdown completed.
2022-02-14 11:23:28,942 INFO org.hibernate.validator.internal.util.Version [background-preinit] HV000001: Hibernate Validator 6.2.0.Final
2022-02-14 11:23:28,958 INFO org.springframework.boot.StartupInfoLogger [restartedMain] Starting InsuranceRegistrationSystemApplication using Java 11.0.11 on LAPTOP-855P8Q1E with PID 8588 (E:\github download\BridgeLabz_SpringBoot_InsuranceManagementSystem\InsuranceRegistrationSystem\target\classes started by Immanuvel Jeeva in E:\github download\BridgeLabz_SpringBoot_InsuranceManagementSystem\InsuranceRegistrationSystem)
2022-02-14 11:23:28,959 DEBUG org.springframework.boot.StartupInfoLogger [restartedMain] Running with Spring Boot v2.6.3, Spring v5.3.15
2022-02-14 11:23:28,960 INFO org.springframework.boot.SpringApplication [restartedMain] No active profile set, falling back to default profiles: default
2022-02-14 11:23:29,003 INFO org.springframework.boot.logging.DeferredLog [restartedMain] Devtools property defaults active! Set 'spring.devtools.add-properties' to 'false' to disable
2022-02-14 11:23:29,003 INFO org.springframework.boot.logging.DeferredLog [restartedMain] For additional web related logging consider setting the 'logging.level.web' property to 'DEBUG'
2022-02-14 11:23:29,776 INFO org.springframework.data.repository.config.RepositoryConfigurationDelegate [restartedMain] Multiple Spring Data modules found, entering strict repository configuration mode!
2022-02-14 11:23:29,777 INFO org.springframework.data.repository.config.RepositoryConfigurationDelegate [restartedMain] Bootstrapping Spring Data JPA repositories in DEFAULT mode.
2022-02-14 11:23:29,836 INFO org.springframework.data.repository.config.RepositoryConfigurationDelegate [restartedMain] Finished Spring Data repository scanning in 51 ms. Found 4 JPA repository interfaces.
2022-02-14 11:23:29,863 INFO org.springframework.data.repository.config.RepositoryConfigurationDelegate [restartedMain] Multiple Spring Data modules found, entering strict repository configuration mode!
2022-02-14 11:23:29,864 INFO org.springframework.data.repository.config.RepositoryConfigurationDelegate [restartedMain] Bootstrapping Spring Data MongoDB repositories in DEFAULT mode.
2022-02-14 11:23:29,874 INFO org.springframework.data.repository.config.RepositoryConfigurationDelegate [restartedMain] Finished Spring Data repository scanning in 8 ms. Found 4 MongoDB repository interfaces.
2022-02-14 11:23:30,477 INFO org.springframework.boot.web.embedded.tomcat.TomcatWebServer [restartedMain] Tomcat initialized with port(s): 8080 (http)
2022-02-14 11:23:30,486 INFO org.apache.juli.logging.DirectJDKLog [restartedMain] Initializing ProtocolHandler ["http-nio-8080"]
2022-02-14 11:23:30,487 INFO org.apache.juli.logging.DirectJDKLog [restartedMain] Starting service [Tomcat]
2022-02-14 11:23:30,487 INFO org.apache.juli.logging.DirectJDKLog [restartedMain] Starting Servlet engine: [Apache Tomcat/9.0.56]
2022-02-14 11:23:30,567 INFO org.apache.juli.logging.DirectJDKLog [restartedMain] Initializing Spring embedded WebApplicationContext
2022-02-14 11:23:30,567 INFO org.springframework.boot.web.servlet.context.ServletWebServerApplicationContext [restartedMain] Root WebApplicationContext: initialization completed in 1563 ms
2022-02-14 11:23:30,599 INFO com.zaxxer.hikari.HikariDataSource [restartedMain] HikariPool-1 - Starting...
2022-02-14 11:23:30,703 INFO com.zaxxer.hikari.HikariDataSource [restartedMain] HikariPool-1 - Start completed.
2022-02-14 11:23:30,712 INFO org.springframework.boot.autoconfigure.h2.H2ConsoleAutoConfiguration [restartedMain] H2 console available at '/h2-console'. Database available at 'jdbc:h2:mem:66b9ccda-3c9e-413c-8226-cbb8e4fa5c13'
2022-02-14 11:23:30,808 INFO com.mongodb.diagnostics.logging.SLF4JLogger [restartedMain] Cluster created with settings {hosts=[localhost:27017], mode=SINGLE, requiredClusterType=UNKNOWN, serverSelectionTimeout='30000 ms'}
2022-02-14 11:23:30,859 INFO com.mongodb.diagnostics.logging.SLF4JLogger [cluster-rtt-ClusterId{value='6209ee5afc09405762edd18e', description='null'}-localhost:27017] Opened connection [connectionId{localValue:1, serverValue:169}] to localhost:27017
2022-02-14 11:23:30,859 INFO com.mongodb.diagnostics.logging.SLF4JLogger [cluster-ClusterId{value='6209ee5afc09405762edd18e', description='null'}-localhost:27017] Opened connection [connectionId{localValue:2, serverValue:168}] to localhost:27017
2022-02-14 11:23:30,859 INFO com.mongodb.diagnostics.logging.SLF4JLogger [cluster-ClusterId{value='6209ee5afc09405762edd18e', description='null'}-localhost:27017] Monitor thread successfully connected to server with description ServerDescription{address=localhost:27017, type=STANDALONE, state=CONNECTED, ok=true, minWireVersion=0, maxWireVersion=13, maxDocumentSize=16777216, logicalSessionTimeoutMinutes=30, roundTripTimeNanos=17575200}
2022-02-14 11:23:31,166 WARN org.springframework.boot.autoconfigure.orm.jpa.JpaBaseConfiguration$JpaWebConfiguration [restartedMain] spring.jpa.open-in-view is enabled by default. Therefore, database queries may be performed during view rendering. Explicitly configure spring.jpa.open-in-view to disable this warning
2022-02-14 11:23:31,234 INFO org.hibernate.jpa.internal.util.LogHelper [restartedMain] HHH000204: Processing PersistenceUnitInfo [name: default]
2022-02-14 11:23:31,289 INFO org.hibernate.Version [restartedMain] HHH000412: Hibernate ORM core version 5.6.4.Final
2022-02-14 11:23:31,450 INFO org.hibernate.annotations.common.reflection.java.JavaReflectionManager [restartedMain] HCANN000001: Hibernate Commons Annotations {5.1.2.Final}
2022-02-14 11:23:31,557 INFO org.hibernate.dialect.Dialect [restartedMain] HHH000400: Using dialect: org.hibernate.dialect.H2Dialect
2022-02-14 11:23:32,181 INFO org.hibernate.engine.transaction.jta.platform.internal.JtaPlatformInitiator [restartedMain] HHH000490: Using JtaPlatform implementation: [org.hibernate.engine.transaction.jta.platform.internal.NoJtaPlatform]
2022-02-14 11:23:32,191 INFO org.springframework.orm.jpa.AbstractEntityManagerFactoryBean [restartedMain] Initialized JPA EntityManagerFactory for persistence unit 'default'
2022-02-14 11:23:32,352 DEBUG org.springframework.web.filter.GenericFilterBean [restartedMain] Filter 'jwtRequestFilter' configured for use
2022-02-14 11:23:32,392 INFO org.springframework.boot.devtools.autoconfigure.OptionalLiveReloadServer [restartedMain] LiveReload server is running on port 35729
2022-02-14 11:23:32,687 INFO org.springframework.security.web.DefaultSecurityFilterChain [restartedMain] Will secure any request with [org.springframework.security.web.context.request.async.WebAsyncManagerIntegrationFilter@6402a602, org.springframework.security.web.context.SecurityContextPersistenceFilter@5fb299f3, org.springframework.security.web.header.HeaderWriterFilter@4be0ba31, org.springframework.web.filter.CorsFilter@7877f1a0, org.springframework.security.web.authentication.logout.LogoutFilter@6b0fc016, com.example.insuranceregistrationsystem.config.JwtRequestFilter@39c0a559, org.springframework.security.web.savedrequest.RequestCacheAwareFilter@57cfa208, org.springframework.security.web.servletapi.SecurityContextHolderAwareRequestFilter@41333d3c, org.springframework.security.web.authentication.AnonymousAuthenticationFilter@3419039d, org.springframework.security.web.session.SessionManagementFilter@34b4edad, org.springframework.security.web.access.ExceptionTranslationFilter@43ca61c, org.springframework.security.web.access.intercept.FilterSecurityInterceptor@12ccc390]
2022-02-14 11:23:32,993 INFO org.apache.juli.logging.DirectJDKLog [restartedMain] Starting ProtocolHandler ["http-nio-8080"]
2022-02-14 11:23:33,009 INFO org.springframework.boot.web.embedded.tomcat.TomcatWebServer [restartedMain] Tomcat started on port(s): 8080 (http) with context path ''
2022-02-14 11:23:33,022 INFO org.springframework.boot.StartupInfoLogger [restartedMain] Started InsuranceRegistrationSystemApplication in 4.416 seconds (JVM running for 5.888)
2022-02-14 11:25:45,817 INFO org.apache.juli.logging.DirectJDKLog [http-nio-8080-exec-1] Initializing Spring DispatcherServlet 'dispatcherServlet'
2022-02-14 11:25:45,818 INFO org.springframework.web.servlet.FrameworkServlet [http-nio-8080-exec-1] Initializing Servlet 'dispatcherServlet'
2022-02-14 11:25:45,822 INFO org.springframework.web.servlet.FrameworkServlet [http-nio-8080-exec-1] Completed initialization in 3 ms
2022-02-14 11:25:45,872 WARN com.example.insuranceregistrationsystem.config.JwtRequestFilter [http-nio-8080-exec-1] JWT Token does not begin with Bearer String
2022-02-14 11:25:46,361 INFO com.mongodb.diagnostics.logging.SLF4JLogger [http-nio-8080-exec-1] Opened connection [connectionId{localValue:3, serverValue:170}] to localhost:27017
2022-02-14 11:46:51,295 WARN com.example.insuranceregistrationsystem.config.JwtRequestFilter [http-nio-8080-exec-7] JWT Token does not begin with Bearer String
2022-02-14 12:01:00,362 INFO org.springframework.orm.jpa.AbstractEntityManagerFactoryBean [SpringApplicationShutdownHook] Closing JPA EntityManagerFactory for persistence unit 'default'
2022-02-14 12:01:00,382 INFO org.hibernate.tool.schema.internal.SchemaDropperImpl$DelayedDropActionImpl [SpringApplicationShutdownHook] HHH000477: Starting delayed evictData of schema as part of SessionFactory shut-down'
2022-02-14 12:01:00,678 WARN org.springframework.beans.factory.support.DisposableBeanAdapter [SpringApplicationShutdownHook] Invocation of destroy method failed on bean with name 'inMemoryDatabaseShutdownExecutor': org.h2.jdbc.JdbcSQLNonTransientConnectionException: Database is already closed (to disable automatic closing at VM shutdown, add ";DB_CLOSE_ON_EXIT=FALSE" to the db URL) [90121-200]
2022-02-14 12:01:00,700 INFO com.zaxxer.hikari.HikariDataSource [SpringApplicationShutdownHook] HikariPool-1 - Shutdown initiated...
2022-02-14 12:01:00,709 INFO com.zaxxer.hikari.HikariDataSource [SpringApplicationShutdownHook] HikariPool-1 - Shutdown completed.
2022-02-14 12:01:18,156 INFO org.hibernate.validator.internal.util.Version [background-preinit] HV000001: Hibernate Validator 6.2.0.Final
2022-02-14 12:01:18,175 INFO org.springframework.boot.StartupInfoLogger [restartedMain] Starting InsuranceRegistrationSystemApplication using Java 11.0.11 on LAPTOP-855P8Q1E with PID 16712 (E:\github download\BridgeLabz_SpringBoot_InsuranceManagementSystem\InsuranceRegistrationSystem\target\classes started by Immanuvel Jeeva in E:\github download\BridgeLabz_SpringBoot_InsuranceManagementSystem\InsuranceRegistrationSystem)
2022-02-14 12:01:18,177 DEBUG org.springframework.boot.StartupInfoLogger [restartedMain] Running with Spring Boot v2.6.3, Spring v5.3.15
2022-02-14 12:01:18,177 INFO org.springframework.boot.SpringApplication [restartedMain] No active profile set, falling back to default profiles: default
2022-02-14 12:01:18,220 INFO org.springframework.boot.logging.DeferredLog [restartedMain] Devtools property defaults active! Set 'spring.devtools.add-properties' to 'false' to disable
2022-02-14 12:01:18,220 INFO org.springframework.boot.logging.DeferredLog [restartedMain] For additional web related logging consider setting the 'logging.level.web' property to 'DEBUG'
2022-02-14 12:01:19,274 INFO org.springframework.data.repository.config.RepositoryConfigurationDelegate [restartedMain] Multiple Spring Data modules found, entering strict repository configuration mode!
2022-02-14 12:01:19,274 INFO org.springframework.data.repository.config.RepositoryConfigurationDelegate [restartedMain] Bootstrapping Spring Data JPA repositories in DEFAULT mode.
2022-02-14 12:01:19,339 INFO org.springframework.data.repository.config.RepositoryConfigurationDelegate [restartedMain] Finished Spring Data repository scanning in 57 ms. Found 4 JPA repository interfaces.
2022-02-14 12:01:19,370 INFO org.springframework.data.repository.config.RepositoryConfigurationDelegate [restartedMain] Multiple Spring Data modules found, entering strict repository configuration mode!
2022-02-14 12:01:19,370 INFO org.springframework.data.repository.config.RepositoryConfigurationDelegate [restartedMain] Bootstrapping Spring Data MongoDB repositories in DEFAULT mode.
2022-02-14 12:01:19,379 INFO org.springframework.data.repository.config.RepositoryConfigurationDelegate [restartedMain] Finished Spring Data repository scanning in 8 ms. Found 4 MongoDB repository interfaces.
2022-02-14 12:01:20,079 INFO org.springframework.boot.web.embedded.tomcat.TomcatWebServer [restartedMain] Tomcat initialized with port(s): 8080 (http)
2022-02-14 12:01:20,089 INFO org.apache.juli.logging.DirectJDKLog [restartedMain] Initializing ProtocolHandler ["http-nio-8080"]
2022-02-14 12:01:20,090 INFO org.apache.juli.logging.DirectJDKLog [restartedMain] Starting service [Tomcat]
2022-02-14 12:01:20,090 INFO org.apache.juli.logging.DirectJDKLog [restartedMain] Starting Servlet engine: [Apache Tomcat/9.0.56]
2022-02-14 12:01:20,174 INFO org.apache.juli.logging.DirectJDKLog [restartedMain] Initializing Spring embedded WebApplicationContext
2022-02-14 12:01:20,175 INFO org.springframework.boot.web.servlet.context.ServletWebServerApplicationContext [restartedMain] Root WebApplicationContext: initialization completed in 1954 ms
2022-02-14 12:01:20,207 INFO com.zaxxer.hikari.HikariDataSource [restartedMain] HikariPool-1 - Starting...
2022-02-14 12:01:20,324 INFO com.zaxxer.hikari.HikariDataSource [restartedMain] HikariPool-1 - Start completed.
2022-02-14 12:01:20,334 INFO org.springframework.boot.autoconfigure.h2.H2ConsoleAutoConfiguration [restartedMain] H2 console available at '/h2-console'. Database available at 'jdbc:h2:mem:fb95316f-4f5f-48f6-be87-b651bc67b1a7'
2022-02-14 12:01:20,467 INFO com.mongodb.diagnostics.logging.SLF4JLogger [restartedMain] Cluster created with settings {hosts=[localhost:27017], mode=SINGLE, requiredClusterType=UNKNOWN, serverSelectionTimeout='30000 ms'}
2022-02-14 12:01:20,528 INFO com.mongodb.diagnostics.logging.SLF4JLogger [cluster-ClusterId{value='6209f738e71d8d62ecc593c2', description='null'}-localhost:27017] Opened connection [connectionId{localValue:2, serverValue:175}] to localhost:27017
2022-02-14 12:01:20,528 INFO com.mongodb.diagnostics.logging.SLF4JLogger [cluster-rtt-ClusterId{value='6209f738e71d8d62ecc593c2', description='null'}-localhost:27017] Opened connection [connectionId{localValue:1, serverValue:174}] to localhost:27017
2022-02-14 12:01:20,529 INFO com.mongodb.diagnostics.logging.SLF4JLogger [cluster-ClusterId{value='6209f738e71d8d62ecc593c2', description='null'}-localhost:27017] Monitor thread successfully connected to server with description ServerDescription{address=localhost:27017, type=STANDALONE, state=CONNECTED, ok=true, minWireVersion=0, maxWireVersion=13, maxDocumentSize=16777216, logicalSessionTimeoutMinutes=30, roundTripTimeNanos=20115600}
2022-02-14 12:01:20,826 WARN org.springframework.boot.autoconfigure.orm.jpa.JpaBaseConfiguration$JpaWebConfiguration [restartedMain] spring.jpa.open-in-view is enabled by default. Therefore, database queries may be performed during view rendering. Explicitly configure spring.jpa.open-in-view to disable this warning
2022-02-14 12:01:20,895 INFO org.hibernate.jpa.internal.util.LogHelper [restartedMain] HHH000204: Processing PersistenceUnitInfo [name: default]
2022-02-14 12:01:20,968 INFO org.hibernate.Version [restartedMain] HHH000412: Hibernate ORM core version 5.6.4.Final
2022-02-14 12:01:21,180 INFO org.hibernate.annotations.common.reflection.java.JavaReflectionManager [restartedMain] HCANN000001: Hibernate Commons Annotations {5.1.2.Final}
2022-02-14 12:01:21,309 INFO org.hibernate.dialect.Dialect [restartedMain] HHH000400: Using dialect: org.hibernate.dialect.H2Dialect
2022-02-14 12:01:22,007 INFO org.hibernate.engine.transaction.jta.platform.internal.JtaPlatformInitiator [restartedMain] HHH000490: Using JtaPlatform implementation: [org.hibernate.engine.transaction.jta.platform.internal.NoJtaPlatform]
2022-02-14 12:01:22,015 INFO org.springframework.orm.jpa.AbstractEntityManagerFactoryBean [restartedMain] Initialized JPA EntityManagerFactory for persistence unit 'default'
2022-02-14 12:01:22,195 DEBUG org.springframework.web.filter.GenericFilterBean [restartedMain] Filter 'jwtRequestFilter' configured for use
2022-02-14 12:01:22,238 INFO org.springframework.boot.devtools.autoconfigure.OptionalLiveReloadServer [restartedMain] LiveReload server is running on port 35729
2022-02-14 12:01:22,554 INFO org.springframework.security.web.DefaultSecurityFilterChain [restartedMain] Will secure any request with [org.springframework.security.web.context.request.async.WebAsyncManagerIntegrationFilter@418ade20, org.springframework.security.web.context.SecurityContextPersistenceFilter@7602f895, org.springframework.security.web.header.HeaderWriterFilter@54857ad7, org.springframework.web.filter.CorsFilter@11e0e895, org.springframework.security.web.authentication.logout.LogoutFilter@2a3dda62, com.example.insuranceregistrationsystem.config.JwtRequestFilter@7ff13c8c, org.springframework.security.web.savedrequest.RequestCacheAwareFilter@687e887e, org.springframework.security.web.servletapi.SecurityContextHolderAwareRequestFilter@58d1fef1, org.springframework.security.web.authentication.AnonymousAuthenticationFilter@651afd5e, org.springframework.security.web.session.SessionManagementFilter@66986463, org.springframework.security.web.access.ExceptionTranslationFilter@7f5f3eec, org.springframework.security.web.access.intercept.FilterSecurityInterceptor@30e97934]
2022-02-14 12:01:22,829 INFO org.apache.juli.logging.DirectJDKLog [restartedMain] Starting ProtocolHandler ["http-nio-8080"]
2022-02-14 12:01:22,845 INFO org.springframework.boot.web.embedded.tomcat.TomcatWebServer [restartedMain] Tomcat started on port(s): 8080 (http) with context path ''
2022-02-14 12:01:22,857 INFO org.springframework.boot.StartupInfoLogger [restartedMain] Started InsuranceRegistrationSystemApplication in 5.174 seconds (JVM running for 7.081)
2022-02-14 12:01:43,337 INFO org.apache.juli.logging.DirectJDKLog [http-nio-8080-exec-1] Initializing Spring DispatcherServlet 'dispatcherServlet'
2022-02-14 12:01:43,337 INFO org.springframework.web.servlet.FrameworkServlet [http-nio-8080-exec-1] Initializing Servlet 'dispatcherServlet'
2022-02-14 12:01:43,340 INFO org.springframework.web.servlet.FrameworkServlet [http-nio-8080-exec-1] Completed initialization in 2 ms
2022-02-14 12:01:43,389 WARN com.example.insuranceregistrationsystem.config.JwtRequestFilter [http-nio-8080-exec-1] JWT Token does not begin with Bearer String
2022-02-14 12:01:43,877 INFO com.mongodb.diagnostics.logging.SLF4JLogger [http-nio-8080-exec-1] Opened connection [connectionId{localValue:3, serverValue:176}] to localhost:27017
2022-02-14 12:01:44,080 WARN org.springframework.web.servlet.handler.AbstractHandlerExceptionResolver [http-nio-8080-exec-1] Resolved [com.example.insuranceregistrationsystem.exception.InsuranceException: INVALID_CREDENTIALS]
2022-02-14 12:01:50,943 WARN com.example.insuranceregistrationsystem.config.JwtRequestFilter [http-nio-8080-exec-2] JWT Token does not begin with Bearer String
2022-02-14 12:43:37,056 WARN com.zaxxer.hikari.pool.HikariPool$HouseKeeper [HikariPool-1 housekeeper] HikariPool-1 - Thread starvation or clock leap detected (housekeeper delta=33m16s483ms292µs600ns).
2022-02-14 12:45:01,452 INFO org.springframework.orm.jpa.AbstractEntityManagerFactoryBean [SpringApplicationShutdownHook] Closing JPA EntityManagerFactory for persistence unit 'default'
2022-02-14 12:45:01,455 INFO org.hibernate.tool.schema.internal.SchemaDropperImpl$DelayedDropActionImpl [SpringApplicationShutdownHook] HHH000477: Starting delayed evictData of schema as part of SessionFactory shut-down'
2022-02-14 12:45:01,746 WARN org.springframework.beans.factory.support.DisposableBeanAdapter [SpringApplicationShutdownHook] Invocation of destroy method failed on bean with name 'inMemoryDatabaseShutdownExecutor': org.h2.jdbc.JdbcSQLNonTransientConnectionException: Database is already closed (to disable automatic closing at VM shutdown, add ";DB_CLOSE_ON_EXIT=FALSE" to the db URL) [90121-200]
2022-02-14 12:45:01,763 INFO com.zaxxer.hikari.HikariDataSource [SpringApplicationShutdownHook] HikariPool-1 - Shutdown initiated...
2022-02-14 12:45:01,770 INFO com.zaxxer.hikari.HikariDataSource [SpringApplicationShutdownHook] HikariPool-1 - Shutdown completed.
